Using pre-set license
Built from '2022.3/staging' branch; Version is '2022.3.25f1 (530ae0ba3889) revision 5442272'; Using compiler version '192829333'; Build Type 'Release'
OS: 'Windows 10  (10.0.17763) 64bit EnterpriseS' Language: 'ru' Physical Memory: 16234 MB
BatchMode: 1, IsHumanControllingUs: 0, StartBugReporterOnCrash: 0, Is64bit: 1, IsPro: 1

COMMAND LINE ARGUMENTS:
D:\2022.3.25f1\Editor\Unity.exe
-adb2
-batchMode
-noUpm
-name
AssetImportWorker1
-projectPath
D:/GitHub/KenneyJamRepo/KennyGameJam_v3
-logFile
Logs/AssetImportWorker1.log
-srvPort
50975
Successfully changed project path to: D:/GitHub/KenneyJamRepo/KennyGameJam_v3
D:/GitHub/KenneyJamRepo/KennyGameJam_v3
[UnityMemory] Configuration Parameters - Can be set up in boot.config
    "memorysetup-bucket-allocator-granularity=16"
    "memorysetup-bucket-allocator-bucket-count=8"
    "memorysetup-bucket-allocator-block-size=33554432"
    "memorysetup-bucket-allocator-block-count=8"
    "memorysetup-main-allocator-block-size=16777216"
    "memorysetup-thread-allocator-block-size=16777216"
    "memorysetup-gfx-main-allocator-block-size=16777216"
    "memorysetup-gfx-thread-allocator-block-size=16777216"
    "memorysetup-cache-allocator-block-size=4194304"
    "memorysetup-typetree-allocator-block-size=2097152"
    "memorysetup-profiler-bucket-allocator-granularity=16"
    "memorysetup-profiler-bucket-allocator-bucket-count=8"
    "memorysetup-profiler-bucket-allocator-block-size=33554432"
    "memorysetup-profiler-bucket-allocator-block-count=8"
    "memorysetup-profiler-allocator-block-size=16777216"
    "memorysetup-profiler-editor-allocator-block-size=1048576"
    "memorysetup-temp-allocator-size-main=16777216"
    "memorysetup-job-temp-allocator-block-size=2097152"
    "memorysetup-job-temp-allocator-block-size-background=1048576"
    "memorysetup-job-temp-allocator-reduction-small-platforms=262144"
    "memorysetup-allocator-temp-initial-block-size-main=262144"
    "memorysetup-allocator-temp-initial-block-size-worker=262144"
    "memorysetup-temp-allocator-size-background-worker=32768"
    "memorysetup-temp-allocator-size-job-worker=262144"
    "memorysetup-temp-allocator-size-preload-manager=33554432"
    "memorysetup-temp-allocator-size-nav-mesh-worker=65536"
    "memorysetup-temp-allocator-size-audio-worker=65536"
    "memorysetup-temp-allocator-size-cloud-worker=32768"
    "memorysetup-temp-allocator-size-gi-baking-worker=262144"
    "memorysetup-temp-allocator-size-gfx=262144"
Player connection [3324] Host "[IP] 192.168.31.25 [Port] 0 [Flags] 2 [Guid] 4028336104 [EditorId] 4028336104 [Version] 1048832 [Id] WindowsEditor(7,Computer) [Debug] 1 [PackageName] WindowsEditor [ProjectName] Editor" joined multi-casting on [225.0.0.222:54997]...

Player connection [3324] Host "[IP] 192.168.31.25 [Port] 0 [Flags] 2 [Guid] 4028336104 [EditorId] 4028336104 [Version] 1048832 [Id] WindowsEditor(7,Computer) [Debug] 1 [PackageName] WindowsEditor [ProjectName] Editor" joined alternative multi-casting on [225.0.0.222:34997]...

[Physics::Module] Initialized MultithreadedJobDispatcher with 7 workers.
Refreshing native plugins compatible for Editor in 6.71 ms, found 4 plugins.
Preloading 0 native plugins for Editor in 0.00 ms.
Initialize engine version: 2022.3.25f1 (530ae0ba3889)
[Subsystems] Discovering subsystems at path D:/2022.3.25f1/Editor/Data/Resources/UnitySubsystems
[Subsystems] Discovering subsystems at path D:/GitHub/KenneyJamRepo/KennyGameJam_v3/Assets
GfxDevice: creating device client; threaded=0; jobified=0
Direct3D:
    Version:  Direct3D 11.0 [level 11.1]
    Renderer: NVIDIA GeForce GTX 1050 (ID=0x1c91)
    Vendor:   NVIDIA
    VRAM:     2996 MB
    Driver:   31.0.15.4626
Initialize mono
Mono path[0] = 'D:/2022.3.25f1/Editor/Data/Managed'
Mono path[1] = 'D:/2022.3.25f1/Editor/Data/MonoBleedingEdge/lib/mono/unityjit-win32'
Mono config path = 'D:/2022.3.25f1/Editor/Data/MonoBleedingEdge/etc'
Using monoOptions --debugger-agent=transport=dt_socket,embedding=1,server=y,suspend=n,address=127.0.0.1:56872
Begin MonoManager ReloadAssembly
Registering precompiled unity dll's ...
Register platform support module: D:/2022.3.25f1/Editor/Data/PlaybackEngines/WindowsStandaloneSupport/UnityEditor.WindowsStandalone.Extensions.dll
Registered in 0.002372 seconds.
- Loaded All Assemblies, in  0.365 seconds
Native extension for WindowsStandalone target not found
Mono: successfully reloaded assembly
- Finished resetting the current domain, in  0.317 seconds
Domain Reload Profiling: 682ms
	BeginReloadAssembly (104ms)
		ExecutionOrderSort (0ms)
		DisableScriptedObjects (0ms)
		BackupInstance (0ms)
		ReleaseScriptingObjects (0ms)
		CreateAndSetChildDomain (1ms)
	RebuildCommonClasses (36ms)
	RebuildNativeTypeToScriptingClass (12ms)
	initialDomainReloadingComplete (55ms)
	LoadAllAssembliesAndSetupDomain (157ms)
		LoadAssemblies (103ms)
		RebuildTransferFunctionScriptingTraits (0ms)
		AnalyzeDomain (155ms)
			TypeCache.Refresh (154ms)
				TypeCache.ScanAssembly (139ms)
			ScanForSourceGeneratedMonoScriptInfo (0ms)
			ResolveRequiredComponents (0ms)
	FinalizeReload (318ms)
		ReleaseScriptCaches (0ms)
		RebuildScriptCaches (0ms)
		SetupLoadedEditorAssemblies (251ms)
			LogAssemblyErrors (0ms)
			InitializePlatformSupportModulesInManaged (9ms)
			SetLoadedEditorAssemblies (8ms)
			RefreshPlugins (0ms)
			BeforeProcessingInitializeOnLoad (3ms)
			ProcessInitializeOnLoadAttributes (179ms)
			ProcessInitializeOnLoadMethodAttributes (53ms)
			AfterProcessingInitializeOnLoad (0ms)
			EditorAssembliesLoaded (0ms)
		ExecutionOrderSort2 (0ms)
		AwakeInstancesAfterBackupRestoration (0ms)
========================================================================
Worker process is ready to serve import requests
Begin MonoManager ReloadAssembly
- Loaded All Assemblies, in  0.643 seconds
Refreshing native plugins compatible for Editor in 2.45 ms, found 4 plugins.
Native extension for WindowsStandalone target not found
Package Manager log level set to [2]
[Package Manager] Server::EnsureServerProcessIsRunning -- launch failed, reason: Unity was launched with the -noUpm command-line argument
[Package Manager] UpmClient::Send -- Unable to send message (not connected to UPM process).
[Package Manager] Cannot connect to Unity Package Manager local server
Mono: successfully reloaded assembly
- Finished resetting the current domain, in  1.310 seconds
Domain Reload Profiling: 1952ms
	BeginReloadAssembly (159ms)
		ExecutionOrderSort (0ms)
		DisableScriptedObjects (7ms)
		BackupInstance (0ms)
		ReleaseScriptingObjects (0ms)
		CreateAndSetChildDomain (24ms)
	RebuildCommonClasses (39ms)
	RebuildNativeTypeToScriptingClass (12ms)
	initialDomainReloadingComplete (44ms)
	LoadAllAssembliesAndSetupDomain (388ms)
		LoadAssemblies (278ms)
		RebuildTransferFunctionScriptingTraits (0ms)
		AnalyzeDomain (201ms)
			TypeCache.Refresh (169ms)
				TypeCache.ScanAssembly (153ms)
			ScanForSourceGeneratedMonoScriptInfo (24ms)
			ResolveRequiredComponents (6ms)
	FinalizeReload (1310ms)
		ReleaseScriptCaches (0ms)
		RebuildScriptCaches (0ms)
		SetupLoadedEditorAssemblies (1130ms)
			LogAssemblyErrors (0ms)
			InitializePlatformSupportModulesInManaged (5ms)
			SetLoadedEditorAssemblies (4ms)
			RefreshPlugins (0ms)
			BeforeProcessingInitializeOnLoad (72ms)
			ProcessInitializeOnLoadAttributes (1000ms)
			ProcessInitializeOnLoadMethodAttributes (46ms)
			AfterProcessingInitializeOnLoad (2ms)
			EditorAssembliesLoaded (0ms)
		ExecutionOrderSort2 (0ms)
		AwakeInstancesAfterBackupRestoration (6ms)
Launched and connected shader compiler UnityShaderCompiler.exe after 0.04 seconds
Refreshing native plugins compatible for Editor in 3.24 ms, found 4 plugins.
Preloading 0 native plugins for Editor in 0.00 ms.
Unloading 4053 Unused Serialized files (Serialized files now loaded: 0)
Unloading 64 unused Assets / (61.2 KB). Loaded Objects now: 4517.
Memory consumption went from 147.8 MB to 147.7 MB.
Total: 5.798200 ms (FindLiveObjects: 0.359300 ms CreateObjectMapping: 0.521600 ms MarkObjects: 4.787300 ms  DeleteObjects: 0.129000 ms)

AssetImportParameters requested are different than current active one (requested -> active):
  custom:container-demuxer-ogg: 62fdf1f143b41e24485cea50d1cbac27 -> 
  custom:video-decoder-ogg-theora: a1e56fd34408186e4bbccfd4996cb3dc -> 
  custom:framework-win-MediaFoundation: 216162199b28c13a410421893ffa2e32 -> 
  custom:CustomObjectIndexerAttribute: 9a22284fe3817be447336de3de66b15e -> 
  custom:container-demuxer-webm: 4f35f7cbe854078d1ac9338744f61a02 -> 
  custom:container-muxer-webm: aa71ff27fc2769a1b78a27578f13a17b -> 
  custom:video-decoder-webm-vp8: 9c59270c3fd7afecdb556c50c9e8de78 -> 
  custom:SearchIndexIgnoredProperties: e643bd26f0fe6173181afceb89e7c659 -> 
  custom:AudioImporter_EditorPlatform: d09bf68614088b80899f8185d706f6e7 -> 
  custom:video-encoder-webm-vp8: eb34c28f22e8b96e1ab97ce403110664 -> 
  custom:audio-decoder-ogg-vorbis: bf7c407c2cedff20999df2af8eb42d56 -> 
  custom:audio-encoder-webm-vorbis: bf7c407c2cedff20999df2af8eb42d56 -> 
========================================================================
Received Import Request.
  Time since last request: 8430.025441 seconds.
  path: Assets/kenney_fantasy-ui-borders/Sample.png
  artifactKey: Guid(2b70e5659b3db2c4c91333346a054d32) Importer(815301076,1909f56bfc062723c751e8b465ee728b)
Start importing Assets/kenney_fantasy-ui-borders/Sample.png using Guid(2b70e5659b3db2c4c91333346a054d32) Importer(815301076,1909f56bfc062723c751e8b465ee728b)  -> (artifact id: '7195fc9a1d71b21f4ca223d031af6f52') in 0.088524 seconds
Number of updated asset objects reloaded before import = 0
Number of asset objects unloaded after import = 3
========================================================================
Received Import Request.
  Time since last request: 4.803898 seconds.
  path: Assets/kenney_fantasy-ui-borders/PNG/Double/Divider/divider-001.png
  artifactKey: Guid(91247e28a386a4d49bcb3087b33d4899) Importer(815301076,1909f56bfc062723c751e8b465ee728b)
Start importing Assets/kenney_fantasy-ui-borders/PNG/Double/Divider/divider-001.png using Guid(91247e28a386a4d49bcb3087b33d4899) Importer(815301076,1909f56bfc062723c751e8b465ee728b)  -> (artifact id: 'e73895315df17ea4ae68e36ce805d4fc') in 0.011723 seconds
Number of updated asset objects reloaded before import = 0
Number of asset objects unloaded after import = 3
========================================================================
Received Import Request.
  Time since last request: 0.000020 seconds.
  path: Assets/kenney_fantasy-ui-borders/PNG/Double/Divider/divider-005.png
  artifactKey: Guid(5ed29c1589adbc44b85fa40c62cf53b3) Importer(815301076,1909f56bfc062723c751e8b465ee728b)
Start importing Assets/kenney_fantasy-ui-borders/PNG/Double/Divider/divider-005.png using Guid(5ed29c1589adbc44b85fa40c62cf53b3) Importer(815301076,1909f56bfc062723c751e8b465ee728b)  -> (artifact id: '33bb19c256ba2f6c95f9a720b1d71c59') in 0.011740 seconds
Number of updated asset objects reloaded before import = 0
Number of asset objects unloaded after import = 3
========================================================================
Received Import Request.
  Time since last request: 0.000026 seconds.
  path: Assets/kenney_fantasy-ui-borders/PNG/Double/Divider/divider-003.png
  artifactKey: Guid(318aca38169b55f4fa22db9e7de47b8a) Importer(815301076,1909f56bfc062723c751e8b465ee728b)
Start importing Assets/kenney_fantasy-ui-borders/PNG/Double/Divider/divider-003.png using Guid(318aca38169b55f4fa22db9e7de47b8a) Importer(815301076,1909f56bfc062723c751e8b465ee728b)  -> (artifact id: '6a942450385eaf8cc19849951a295eb2') in 0.010362 seconds
Number of updated asset objects reloaded before import = 0
Number of asset objects unloaded after import = 3
========================================================================
Received Import Request.
  Time since last request: 5.066686 seconds.
  path: Assets/kenney_fantasy-ui-borders/PNG/Double/Panel/panel-002.png
  artifactKey: Guid(b045c772697bed041ba82b6acbd76f1b) Importer(815301076,1909f56bfc062723c751e8b465ee728b)
Start importing Assets/kenney_fantasy-ui-borders/PNG/Double/Panel/panel-002.png using Guid(b045c772697bed041ba82b6acbd76f1b) Importer(815301076,1909f56bfc062723c751e8b465ee728b)  -> (artifact id: '6cf9858fdf3062a4b0bfe70d02dbdae6') in 0.012301 seconds
Number of updated asset objects reloaded before import = 0
Number of asset objects unloaded after import = 3
========================================================================
Received Import Request.
  Time since last request: 0.000017 seconds.
  path: Assets/kenney_fantasy-ui-borders/PNG/Double/Panel/panel-008.png
  artifactKey: Guid(fa785d6bbbf95d24d8992e32a08f45a2) Importer(815301076,1909f56bfc062723c751e8b465ee728b)
Start importing Assets/kenney_fantasy-ui-borders/PNG/Double/Panel/panel-008.png using Guid(fa785d6bbbf95d24d8992e32a08f45a2) Importer(815301076,1909f56bfc062723c751e8b465ee728b)  -> (artifact id: '7a745c3272e49b67cfe22315efdc773a') in 0.008813 seconds
Number of updated asset objects reloaded before import = 0
Number of asset objects unloaded after import = 3
========================================================================
Received Import Request.
  Time since last request: 0.000022 seconds.
  path: Assets/kenney_fantasy-ui-borders/PNG/Double/Panel/panel-022.png
  artifactKey: Guid(0ac5396c521984840bc38078853f0912) Importer(815301076,1909f56bfc062723c751e8b465ee728b)
Start importing Assets/kenney_fantasy-ui-borders/PNG/Double/Panel/panel-022.png using Guid(0ac5396c521984840bc38078853f0912) Importer(815301076,1909f56bfc062723c751e8b465ee728b)  -> (artifact id: 'ea69297722f1ab6aa15d6ce13c7374ad') in 0.007706 seconds
Number of updated asset objects reloaded before import = 0
Number of asset objects unloaded after import = 3
========================================================================
Received Import Request.
  Time since last request: 0.000022 seconds.
  path: Assets/kenney_fantasy-ui-borders/PNG/Double/Panel/panel-011.png
  artifactKey: Guid(0e3a8684a02f1774e91e9b2e3c8c0807) Importer(815301076,1909f56bfc062723c751e8b465ee728b)
Start importing Assets/kenney_fantasy-ui-borders/PNG/Double/Panel/panel-011.png using Guid(0e3a8684a02f1774e91e9b2e3c8c0807) Importer(815301076,1909f56bfc062723c751e8b465ee728b)  -> (artifact id: '972486eb25a6a80cd295880d0c1287fb') in 0.009854 seconds
Number of updated asset objects reloaded before import = 0
Number of asset objects unloaded after import = 3
========================================================================
Received Import Request.
  Time since last request: 0.000016 seconds.
  path: Assets/kenney_fantasy-ui-borders/PNG/Double/Panel/panel-009.png
  artifactKey: Guid(bfefafc106affa74499af3ffa3d1640e) Importer(815301076,1909f56bfc062723c751e8b465ee728b)
Start importing Assets/kenney_fantasy-ui-borders/PNG/Double/Panel/panel-009.png using Guid(bfefafc106affa74499af3ffa3d1640e) Importer(815301076,1909f56bfc062723c751e8b465ee728b)  -> (artifact id: '74e88a72adf758da98264224b264de7b') in 0.008509 seconds
Number of updated asset objects reloaded before import = 0
Number of asset objects unloaded after import = 3
========================================================================
Received Import Request.
  Time since last request: 0.000017 seconds.
  path: Assets/kenney_fantasy-ui-borders/PNG/Double/Panel/panel-021.png
  artifactKey: Guid(0b83c69037ffc00429800ba917127883) Importer(815301076,1909f56bfc062723c751e8b465ee728b)
Start importing Assets/kenney_fantasy-ui-borders/PNG/Double/Panel/panel-021.png using Guid(0b83c69037ffc00429800ba917127883) Importer(815301076,1909f56bfc062723c751e8b465ee728b)  -> (artifact id: 'ea48de7e6d5b14d6620ab6eb8ec2d822') in 0.008833 seconds
Number of updated asset objects reloaded before import = 0
Number of asset objects unloaded after import = 3
========================================================================
Received Import Request.
  Time since last request: 0.000016 seconds.
  path: Assets/kenney_fantasy-ui-borders/PNG/Double/Panel/panel-031.png
  artifactKey: Guid(c7e395ec3e7d06e4fa66eaba1dac09c7) Importer(815301076,1909f56bfc062723c751e8b465ee728b)
Start importing Assets/kenney_fantasy-ui-borders/PNG/Double/Panel/panel-031.png using Guid(c7e395ec3e7d06e4fa66eaba1dac09c7) Importer(815301076,1909f56bfc062723c751e8b465ee728b)  -> (artifact id: '130714f41210c57ff80b2baaca9d7822') in 0.008500 seconds
Number of updated asset objects reloaded before import = 0
Number of asset objects unloaded after import = 3
========================================================================
Received Import Request.
  Time since last request: 0.000022 seconds.
  path: Assets/kenney_fantasy-ui-borders/PNG/Double/Panel/panel-030.png
  artifactKey: Guid(65a7c8c5fb4bd204cab09375c0677813) Importer(815301076,1909f56bfc062723c751e8b465ee728b)
Start importing Assets/kenney_fantasy-ui-borders/PNG/Double/Panel/panel-030.png using Guid(65a7c8c5fb4bd204cab09375c0677813) Importer(815301076,1909f56bfc062723c751e8b465ee728b)  -> (artifact id: 'bf9c513d3246b9e3d11062fad241cecc') in 0.009346 seconds
Number of updated asset objects reloaded before import = 0
Number of asset objects unloaded after import = 3
========================================================================
Received Import Request.
  Time since last request: 0.000020 seconds.
  path: Assets/kenney_fantasy-ui-borders/PNG/Double/Panel/panel-003.png
  artifactKey: Guid(51d9db44492ddfc48aa89c050bc2ba69) Importer(815301076,1909f56bfc062723c751e8b465ee728b)
Start importing Assets/kenney_fantasy-ui-borders/PNG/Double/Panel/panel-003.png using Guid(51d9db44492ddfc48aa89c050bc2ba69) Importer(815301076,1909f56bfc062723c751e8b465ee728b)  -> (artifact id: '9f8b35fe758663145aea1e078064e1fc') in 0.008010 seconds
Number of updated asset objects reloaded before import = 0
Number of asset objects unloaded after import = 3
========================================================================
Received Import Request.
  Time since last request: 0.000018 seconds.
  path: Assets/kenney_fantasy-ui-borders/PNG/Double/Panel/panel-010.png
  artifactKey: Guid(0b358a58d0f58454080d5cd55b1a018e) Importer(815301076,1909f56bfc062723c751e8b465ee728b)
Start importing Assets/kenney_fantasy-ui-borders/PNG/Double/Panel/panel-010.png using Guid(0b358a58d0f58454080d5cd55b1a018e) Importer(815301076,1909f56bfc062723c751e8b465ee728b)  -> (artifact id: 'e090043d2c2ae7df4306df9e31ba504c') in 0.009136 seconds
Number of updated asset objects reloaded before import = 0
Number of asset objects unloaded after import = 3
========================================================================
Received Import Request.
  Time since last request: 0.000019 seconds.
  path: Assets/kenney_fantasy-ui-borders/PNG/Double/Panel/panel-006.png
  artifactKey: Guid(2a127ad5bd6c9b14fb58dbfa001a7940) Importer(815301076,1909f56bfc062723c751e8b465ee728b)
Start importing Assets/kenney_fantasy-ui-borders/PNG/Double/Panel/panel-006.png using Guid(2a127ad5bd6c9b14fb58dbfa001a7940) Importer(815301076,1909f56bfc062723c751e8b465ee728b)  -> (artifact id: '406572d95c2e2709899da57a5fcc9150') in 0.007864 seconds
Number of updated asset objects reloaded before import = 0
Number of asset objects unloaded after import = 3
========================================================================
Received Import Request.
  Time since last request: 0.000013 seconds.
  path: Assets/kenney_fantasy-ui-borders/PNG/Double/Panel/panel-017.png
  artifactKey: Guid(fe8fda20611b2c2469c7141bb0f87d90) Importer(815301076,1909f56bfc062723c751e8b465ee728b)
Start importing Assets/kenney_fantasy-ui-borders/PNG/Double/Panel/panel-017.png using Guid(fe8fda20611b2c2469c7141bb0f87d90) Importer(815301076,1909f56bfc062723c751e8b465ee728b)  -> (artifact id: 'af21d9be1c031f52a08248b7b5d79f6a') in 0.007754 seconds
Number of updated asset objects reloaded before import = 0
Number of asset objects unloaded after import = 3
========================================================================
Received Import Request.
  Time since last request: 0.000019 seconds.
  path: Assets/kenney_fantasy-ui-borders/PNG/Double/Panel/panel-025.png
  artifactKey: Guid(3d9195c696605df4f9a0c3d15e12f84c) Importer(815301076,1909f56bfc062723c751e8b465ee728b)
Start importing Assets/kenney_fantasy-ui-borders/PNG/Double/Panel/panel-025.png using Guid(3d9195c696605df4f9a0c3d15e12f84c) Importer(815301076,1909f56bfc062723c751e8b465ee728b)  -> (artifact id: '5e230dc05936ef20f737ab4599b58b42') in 0.008610 seconds
Number of updated asset objects reloaded before import = 0
Number of asset objects unloaded after import = 3
========================================================================
Received Import Request.
  Time since last request: 0.000016 seconds.
  path: Assets/kenney_fantasy-ui-borders/PNG/Double/Panel/panel-024.png
  artifactKey: Guid(d28cbc4b1ffabdc4c8d01d01a55343a6) Importer(815301076,1909f56bfc062723c751e8b465ee728b)
Start importing Assets/kenney_fantasy-ui-borders/PNG/Double/Panel/panel-024.png using Guid(d28cbc4b1ffabdc4c8d01d01a55343a6) Importer(815301076,1909f56bfc062723c751e8b465ee728b)  -> (artifact id: '00d7473604a322c33aac7b9af3e362a0') in 0.008410 seconds
Number of updated asset objects reloaded before import = 0
Number of asset objects unloaded after import = 3
========================================================================
Received Import Request.
  Time since last request: 0.000035 seconds.
  path: Assets/kenney_fantasy-ui-borders/PNG/Double/Panel/panel-004.png
  artifactKey: Guid(9f04d7c6d15d2f74e96dcef144522ea5) Importer(815301076,1909f56bfc062723c751e8b465ee728b)
Start importing Assets/kenney_fantasy-ui-borders/PNG/Double/Panel/panel-004.png using Guid(9f04d7c6d15d2f74e96dcef144522ea5) Importer(815301076,1909f56bfc062723c751e8b465ee728b)  -> (artifact id: '4a67541585a18732e31b05c5f65663a6') in 0.008564 seconds
Number of updated asset objects reloaded before import = 0
Number of asset objects unloaded after import = 3
Editor requested this worker to shutdown with reason: Scaling down because of idle timeout
TcpMessagingSession - receive error: operation aborted. errorcode: 995, details: ќпераци€ ввода/вывода была прервана из-за завершени€ потока команд или по запросу приложени€.
AssetImportWorker is now disconnected from the server
Process exiting
Exiting without the bug reporter. Application will terminate with return code 0