Using pre-set license
Built from '2022.3/staging' branch; Version is '2022.3.25f1 (530ae0ba3889) revision 5442272'; Using compiler version '192829333'; Build Type 'Release'
OS: 'Windows 10  (10.0.17763) 64bit EnterpriseS' Language: 'ru' Physical Memory: 16234 MB
BatchMode: 1, IsHumanControllingUs: 0, StartBugReporterOnCrash: 0, Is64bit: 1, IsPro: 1

COMMAND LINE ARGUMENTS:
D:\2022.3.25f1\Editor\Unity.exe
-adb2
-batchMode
-noUpm
-name
AssetImportWorker3
-projectPath
D:/GitHub/KenneyJamRepo/KennyGameJam_v3
-logFile
Logs/AssetImportWorker3.log
-srvPort
50975
Successfully changed project path to: D:/GitHub/KenneyJamRepo/KennyGameJam_v3
D:/GitHub/KenneyJamRepo/KennyGameJam_v3
[UnityMemory] Configuration Parameters - Can be set up in boot.config
    "memorysetup-bucket-allocator-granularity=16"
    "memorysetup-bucket-allocator-bucket-count=8"
    "memorysetup-bucket-allocator-block-size=33554432"
    "memorysetup-bucket-allocator-block-count=8"
    "memorysetup-main-allocator-block-size=16777216"
    "memorysetup-thread-allocator-block-size=16777216"
    "memorysetup-gfx-main-allocator-block-size=16777216"
    "memorysetup-gfx-thread-allocator-block-size=16777216"
    "memorysetup-cache-allocator-block-size=4194304"
    "memorysetup-typetree-allocator-block-size=2097152"
    "memorysetup-profiler-bucket-allocator-granularity=16"
    "memorysetup-profiler-bucket-allocator-bucket-count=8"
    "memorysetup-profiler-bucket-allocator-block-size=33554432"
    "memorysetup-profiler-bucket-allocator-block-count=8"
    "memorysetup-profiler-allocator-block-size=16777216"
    "memorysetup-profiler-editor-allocator-block-size=1048576"
    "memorysetup-temp-allocator-size-main=16777216"
    "memorysetup-job-temp-allocator-block-size=2097152"
    "memorysetup-job-temp-allocator-block-size-background=1048576"
    "memorysetup-job-temp-allocator-reduction-small-platforms=262144"
    "memorysetup-allocator-temp-initial-block-size-main=262144"
    "memorysetup-allocator-temp-initial-block-size-worker=262144"
    "memorysetup-temp-allocator-size-background-worker=32768"
    "memorysetup-temp-allocator-size-job-worker=262144"
    "memorysetup-temp-allocator-size-preload-manager=33554432"
    "memorysetup-temp-allocator-size-nav-mesh-worker=65536"
    "memorysetup-temp-allocator-size-audio-worker=65536"
    "memorysetup-temp-allocator-size-cloud-worker=32768"
    "memorysetup-temp-allocator-size-gi-baking-worker=262144"
    "memorysetup-temp-allocator-size-gfx=262144"
Player connection [15056] Host "[IP] 192.168.31.25 [Port] 0 [Flags] 2 [Guid] 3718100033 [EditorId] 3718100033 [Version] 1048832 [Id] WindowsEditor(7,Computer) [Debug] 1 [PackageName] WindowsEditor [ProjectName] Editor" joined multi-casting on [225.0.0.222:54997]...

Player connection [15056] Host "[IP] 192.168.31.25 [Port] 0 [Flags] 2 [Guid] 3718100033 [EditorId] 3718100033 [Version] 1048832 [Id] WindowsEditor(7,Computer) [Debug] 1 [PackageName] WindowsEditor [ProjectName] Editor" joined alternative multi-casting on [225.0.0.222:34997]...

[Physics::Module] Initialized MultithreadedJobDispatcher with 7 workers.
Refreshing native plugins compatible for Editor in 5.61 ms, found 4 plugins.
Preloading 0 native plugins for Editor in 0.00 ms.
Initialize engine version: 2022.3.25f1 (530ae0ba3889)
[Subsystems] Discovering subsystems at path D:/2022.3.25f1/Editor/Data/Resources/UnitySubsystems
[Subsystems] Discovering subsystems at path D:/GitHub/KenneyJamRepo/KennyGameJam_v3/Assets
GfxDevice: creating device client; threaded=0; jobified=0
Direct3D:
    Version:  Direct3D 11.0 [level 11.1]
    Renderer: NVIDIA GeForce GTX 1050 (ID=0x1c91)
    Vendor:   NVIDIA
    VRAM:     2996 MB
    Driver:   31.0.15.4626
Initialize mono
Mono path[0] = 'D:/2022.3.25f1/Editor/Data/Managed'
Mono path[1] = 'D:/2022.3.25f1/Editor/Data/MonoBleedingEdge/lib/mono/unityjit-win32'
Mono config path = 'D:/2022.3.25f1/Editor/Data/MonoBleedingEdge/etc'
Using monoOptions --debugger-agent=transport=dt_socket,embedding=1,server=y,suspend=n,address=127.0.0.1:56672
Begin MonoManager ReloadAssembly
Registering precompiled unity dll's ...
Register platform support module: D:/2022.3.25f1/Editor/Data/PlaybackEngines/WindowsStandaloneSupport/UnityEditor.WindowsStandalone.Extensions.dll
Registered in 0.001974 seconds.
- Loaded All Assemblies, in  0.324 seconds
Native extension for WindowsStandalone target not found
Mono: successfully reloaded assembly
- Finished resetting the current domain, in  0.261 seconds
Domain Reload Profiling: 585ms
	BeginReloadAssembly (89ms)
		ExecutionOrderSort (0ms)
		DisableScriptedObjects (0ms)
		BackupInstance (0ms)
		ReleaseScriptingObjects (0ms)
		CreateAndSetChildDomain (1ms)
	RebuildCommonClasses (48ms)
	RebuildNativeTypeToScriptingClass (11ms)
	initialDomainReloadingComplete (45ms)
	LoadAllAssembliesAndSetupDomain (130ms)
		LoadAssemblies (88ms)
		RebuildTransferFunctionScriptingTraits (0ms)
		AnalyzeDomain (129ms)
			TypeCache.Refresh (128ms)
				TypeCache.ScanAssembly (116ms)
			ScanForSourceGeneratedMonoScriptInfo (0ms)
			ResolveRequiredComponents (0ms)
	FinalizeReload (262ms)
		ReleaseScriptCaches (0ms)
		RebuildScriptCaches (0ms)
		SetupLoadedEditorAssemblies (205ms)
			LogAssemblyErrors (0ms)
			InitializePlatformSupportModulesInManaged (7ms)
			SetLoadedEditorAssemblies (8ms)
			RefreshPlugins (0ms)
			BeforeProcessingInitializeOnLoad (2ms)
			ProcessInitializeOnLoadAttributes (144ms)
			ProcessInitializeOnLoadMethodAttributes (45ms)
			AfterProcessingInitializeOnLoad (0ms)
			EditorAssembliesLoaded (0ms)
		ExecutionOrderSort2 (0ms)
		AwakeInstancesAfterBackupRestoration (0ms)
========================================================================
Worker process is ready to serve import requests
Begin MonoManager ReloadAssembly
- Loaded All Assemblies, in  0.525 seconds
Refreshing native plugins compatible for Editor in 2.24 ms, found 4 plugins.
Native extension for WindowsStandalone target not found
Package Manager log level set to [2]
[Package Manager] Server::EnsureServerProcessIsRunning -- launch failed, reason: Unity was launched with the -noUpm command-line argument
[Package Manager] UpmClient::Send -- Unable to send message (not connected to UPM process).
[Package Manager] Cannot connect to Unity Package Manager local server
Mono: successfully reloaded assembly
- Finished resetting the current domain, in  0.729 seconds
Domain Reload Profiling: 1254ms
	BeginReloadAssembly (124ms)
		ExecutionOrderSort (0ms)
		DisableScriptedObjects (5ms)
		BackupInstance (0ms)
		ReleaseScriptingObjects (0ms)
		CreateAndSetChildDomain (18ms)
	RebuildCommonClasses (31ms)
	RebuildNativeTypeToScriptingClass (11ms)
	initialDomainReloadingComplete (34ms)
	LoadAllAssembliesAndSetupDomain (324ms)
		LoadAssemblies (229ms)
		RebuildTransferFunctionScriptingTraits (0ms)
		AnalyzeDomain (165ms)
			TypeCache.Refresh (136ms)
				TypeCache.ScanAssembly (122ms)
			ScanForSourceGeneratedMonoScriptInfo (22ms)
			ResolveRequiredComponents (6ms)
	FinalizeReload (730ms)
		ReleaseScriptCaches (0ms)
		RebuildScriptCaches (0ms)
		SetupLoadedEditorAssemblies (582ms)
			LogAssemblyErrors (0ms)
			InitializePlatformSupportModulesInManaged (4ms)
			SetLoadedEditorAssemblies (3ms)
			RefreshPlugins (0ms)
			BeforeProcessingInitializeOnLoad (58ms)
			ProcessInitializeOnLoadAttributes (480ms)
			ProcessInitializeOnLoadMethodAttributes (35ms)
			AfterProcessingInitializeOnLoad (2ms)
			EditorAssembliesLoaded (0ms)
		ExecutionOrderSort2 (0ms)
		AwakeInstancesAfterBackupRestoration (5ms)
Launched and connected shader compiler UnityShaderCompiler.exe after 0.03 seconds
Refreshing native plugins compatible for Editor in 2.27 ms, found 4 plugins.
Preloading 0 native plugins for Editor in 0.00 ms.
Unloading 4053 Unused Serialized files (Serialized files now loaded: 0)
Unloading 64 unused Assets / (61.1 KB). Loaded Objects now: 4517.
Memory consumption went from 147.9 MB to 147.9 MB.
Total: 3.951900 ms (FindLiveObjects: 0.277600 ms CreateObjectMapping: 0.204400 ms MarkObjects: 3.364600 ms  DeleteObjects: 0.104400 ms)

AssetImportParameters requested are different than current active one (requested -> active):
  custom:container-demuxer-ogg: 62fdf1f143b41e24485cea50d1cbac27 -> 
  custom:video-decoder-ogg-theora: a1e56fd34408186e4bbccfd4996cb3dc -> 
  custom:framework-win-MediaFoundation: 216162199b28c13a410421893ffa2e32 -> 
  custom:CustomObjectIndexerAttribute: 9a22284fe3817be447336de3de66b15e -> 
  custom:container-demuxer-webm: 4f35f7cbe854078d1ac9338744f61a02 -> 
  custom:container-muxer-webm: aa71ff27fc2769a1b78a27578f13a17b -> 
  custom:video-decoder-webm-vp8: 9c59270c3fd7afecdb556c50c9e8de78 -> 
  custom:SearchIndexIgnoredProperties: e643bd26f0fe6173181afceb89e7c659 -> 
  custom:AudioImporter_EditorPlatform: d09bf68614088b80899f8185d706f6e7 -> 
  custom:video-encoder-webm-vp8: eb34c28f22e8b96e1ab97ce403110664 -> 
  custom:audio-decoder-ogg-vorbis: bf7c407c2cedff20999df2af8eb42d56 -> 
  custom:audio-encoder-webm-vorbis: bf7c407c2cedff20999df2af8eb42d56 -> 
========================================================================
Received Prepare
Begin MonoManager ReloadAssembly
- Loaded All Assemblies, in  0.427 seconds
Refreshing native plugins compatible for Editor in 3.79 ms, found 4 plugins.
Native extension for WindowsStandalone target not found
[Package Manager] Server::EnsureServerProcessIsRunning -- launch failed, reason: Unity was launched with the -noUpm command-line argument
[Package Manager] UpmClient::Send -- Unable to send message (not connected to UPM process).
[Package Manager] Cannot connect to Unity Package Manager local server
Mono: successfully reloaded assembly
- Finished resetting the current domain, in  1.188 seconds
Domain Reload Profiling: 1615ms
	BeginReloadAssembly (161ms)
		ExecutionOrderSort (0ms)
		DisableScriptedObjects (13ms)
		BackupInstance (0ms)
		ReleaseScriptingObjects (0ms)
		CreateAndSetChildDomain (42ms)
	RebuildCommonClasses (38ms)
	RebuildNativeTypeToScriptingClass (17ms)
	initialDomainReloadingComplete (33ms)
	LoadAllAssembliesAndSetupDomain (177ms)
		LoadAssemblies (239ms)
		RebuildTransferFunctionScriptingTraits (0ms)
		AnalyzeDomain (16ms)
			TypeCache.Refresh (7ms)
				TypeCache.ScanAssembly (0ms)
			ScanForSourceGeneratedMonoScriptInfo (0ms)
			ResolveRequiredComponents (7ms)
	FinalizeReload (1189ms)
		ReleaseScriptCaches (0ms)
		RebuildScriptCaches (0ms)
		SetupLoadedEditorAssemblies (748ms)
			LogAssemblyErrors (0ms)
			InitializePlatformSupportModulesInManaged (4ms)
			SetLoadedEditorAssemblies (3ms)
			RefreshPlugins (0ms)
			BeforeProcessingInitializeOnLoad (81ms)
			ProcessInitializeOnLoadAttributes (615ms)
			ProcessInitializeOnLoadMethodAttributes (41ms)
			AfterProcessingInitializeOnLoad (3ms)
			EditorAssembliesLoaded (0ms)
		ExecutionOrderSort2 (0ms)
		AwakeInstancesAfterBackupRestoration (18ms)
Refreshing native plugins compatible for Editor in 3.26 ms, found 4 plugins.
Preloading 0 native plugins for Editor in 0.00 ms.
Unloading 4029 Unused Serialized files (Serialized files now loaded: 0)
Unloading 36 unused Assets / (35.2 KB). Loaded Objects now: 4522.
Memory consumption went from 144.1 MB to 144.0 MB.
Total: 4.644000 ms (FindLiveObjects: 0.383700 ms CreateObjectMapping: 0.291300 ms MarkObjects: 3.910100 ms  DeleteObjects: 0.058000 ms)

Prepare: number of updated asset objects reloaded= 0
AssetImportParameters requested are different than current active one (requested -> active):
  custom:container-demuxer-ogg: 62fdf1f143b41e24485cea50d1cbac27 -> 
  custom:video-decoder-ogg-theora: a1e56fd34408186e4bbccfd4996cb3dc -> 
  custom:framework-win-MediaFoundation: 216162199b28c13a410421893ffa2e32 -> 
  custom:CustomObjectIndexerAttribute: 9a22284fe3817be447336de3de66b15e -> 
  custom:container-demuxer-webm: 4f35f7cbe854078d1ac9338744f61a02 -> 
  custom:container-muxer-webm: aa71ff27fc2769a1b78a27578f13a17b -> 
  custom:video-decoder-webm-vp8: 9c59270c3fd7afecdb556c50c9e8de78 -> 
  custom:SearchIndexIgnoredProperties: e643bd26f0fe6173181afceb89e7c659 -> 
  custom:AudioImporter_EditorPlatform: d09bf68614088b80899f8185d706f6e7 -> 
  custom:video-encoder-webm-vp8: eb34c28f22e8b96e1ab97ce403110664 -> 
  custom:audio-decoder-ogg-vorbis: bf7c407c2cedff20999df2af8eb42d56 -> 
  custom:audio-encoder-webm-vorbis: bf7c407c2cedff20999df2af8eb42d56 -> 
========================================================================
Received Import Request.
  Time since last request: 8876.227370 seconds.
  path: Assets/kenney_fantasy-ui-borders/PNG/Default/Transparent border/panel-transparent-border-001.png
  artifactKey: Guid(41f90d9c1c8133748ae4fdadd1c9f7a2) Importer(815301076,1909f56bfc062723c751e8b465ee728b)
Start importing Assets/kenney_fantasy-ui-borders/PNG/Default/Transparent border/panel-transparent-border-001.png using Guid(41f90d9c1c8133748ae4fdadd1c9f7a2) Importer(815301076,1909f56bfc062723c751e8b465ee728b)  -> (artifact id: '0192f29e51cb60f1d3638c8a38fa2a0f') in 0.118018 seconds
Number of updated asset objects reloaded before import = 0
Number of asset objects unloaded after import = 3
========================================================================
Received Import Request.
  Time since last request: 0.000022 seconds.
  path: Assets/kenney_fantasy-ui-borders/PNG/Default/Transparent border/panel-transparent-border-012.png
  artifactKey: Guid(9c1fcb6aacad9274d95f3ee41b405fa7) Importer(815301076,1909f56bfc062723c751e8b465ee728b)
Start importing Assets/kenney_fantasy-ui-borders/PNG/Default/Transparent border/panel-transparent-border-012.png using Guid(9c1fcb6aacad9274d95f3ee41b405fa7) Importer(815301076,1909f56bfc062723c751e8b465ee728b)  -> (artifact id: '1ee7fd675bedf306d4d50b618f3dd6d4') in 0.007535 seconds
Number of updated asset objects reloaded before import = 0
Number of asset objects unloaded after import = 3
========================================================================
Received Import Request.
  Time since last request: 0.000013 seconds.
  path: Assets/kenney_fantasy-ui-borders/PNG/Default/Transparent border/panel-transparent-border-005.png
  artifactKey: Guid(c351d1c3a78533545a9c1acdce5a9dc3) Importer(815301076,1909f56bfc062723c751e8b465ee728b)
Start importing Assets/kenney_fantasy-ui-borders/PNG/Default/Transparent border/panel-transparent-border-005.png using Guid(c351d1c3a78533545a9c1acdce5a9dc3) Importer(815301076,1909f56bfc062723c751e8b465ee728b)  -> (artifact id: 'a0d78fa4b3daaa61038e479d7350a5f1') in 0.007680 seconds
Number of updated asset objects reloaded before import = 0
Number of asset objects unloaded after import = 3
========================================================================
Received Import Request.
  Time since last request: 0.000014 seconds.
  path: Assets/kenney_fantasy-ui-borders/PNG/Default/Transparent border/panel-transparent-border-009.png
  artifactKey: Guid(a3d800d0ce8c0ab44a6c8f810d0cd126) Importer(815301076,1909f56bfc062723c751e8b465ee728b)
Start importing Assets/kenney_fantasy-ui-borders/PNG/Default/Transparent border/panel-transparent-border-009.png using Guid(a3d800d0ce8c0ab44a6c8f810d0cd126) Importer(815301076,1909f56bfc062723c751e8b465ee728b)  -> (artifact id: '2b4a63b0ec1773617285e39c33d6c28a') in 0.007912 seconds
Number of updated asset objects reloaded before import = 0
Number of asset objects unloaded after import = 3
========================================================================
Received Import Request.
  Time since last request: 50.519230 seconds.
  path: Assets/kenney_fantasy-ui-borders/PNG/Default/Transparent center/panel-transparent-center-002.png
  artifactKey: Guid(8c0cb99ce6a70dc40870a178072d8632) Importer(815301076,1909f56bfc062723c751e8b465ee728b)
Start importing Assets/kenney_fantasy-ui-borders/PNG/Default/Transparent center/panel-transparent-center-002.png using Guid(8c0cb99ce6a70dc40870a178072d8632) Importer(815301076,1909f56bfc062723c751e8b465ee728b)  -> (artifact id: 'e5b8e6b87f7154bad69c3026db34c868') in 0.009494 seconds
Number of updated asset objects reloaded before import = 0
Number of asset objects unloaded after import = 3
========================================================================
Received Import Request.
  Time since last request: 0.000013 seconds.
  path: Assets/kenney_fantasy-ui-borders/PNG/Default/Transparent center/panel-transparent-center-010.png
  artifactKey: Guid(a1b1596921e1663438f8938c5ddef44f) Importer(815301076,1909f56bfc062723c751e8b465ee728b)
Start importing Assets/kenney_fantasy-ui-borders/PNG/Default/Transparent center/panel-transparent-center-010.png using Guid(a1b1596921e1663438f8938c5ddef44f) Importer(815301076,1909f56bfc062723c751e8b465ee728b)  -> (artifact id: '80a8ef4d36b79d2ccf431a929f60b2f7') in 0.007441 seconds
Number of updated asset objects reloaded before import = 0
Number of asset objects unloaded after import = 3
========================================================================
Received Import Request.
  Time since last request: 0.000012 seconds.
  path: Assets/kenney_fantasy-ui-borders/PNG/Default/Transparent center/panel-transparent-center-012.png
  artifactKey: Guid(7584788dca27f3549876c4b8509300de) Importer(815301076,1909f56bfc062723c751e8b465ee728b)
Start importing Assets/kenney_fantasy-ui-borders/PNG/Default/Transparent center/panel-transparent-center-012.png using Guid(7584788dca27f3549876c4b8509300de) Importer(815301076,1909f56bfc062723c751e8b465ee728b)  -> (artifact id: '58bedcae4e29f43fe555c777bfdf2ce9') in 0.008658 seconds
Number of updated asset objects reloaded before import = 0
Number of asset objects unloaded after import = 3
========================================================================
Received Import Request.
  Time since last request: 0.000017 seconds.
  path: Assets/kenney_fantasy-ui-borders/PNG/Default/Transparent center/panel-transparent-center-008.png
  artifactKey: Guid(c2dd247314912174d9784bb3121f8cfb) Importer(815301076,1909f56bfc062723c751e8b465ee728b)
Start importing Assets/kenney_fantasy-ui-borders/PNG/Default/Transparent center/panel-transparent-center-008.png using Guid(c2dd247314912174d9784bb3121f8cfb) Importer(815301076,1909f56bfc062723c751e8b465ee728b)  -> (artifact id: 'a3a012d0f49e729d06a8239d166dfc4e') in 0.007294 seconds
Number of updated asset objects reloaded before import = 0
Number of asset objects unloaded after import = 3
========================================================================
Received Import Request.
  Time since last request: 0.000021 seconds.
  path: Assets/kenney_fantasy-ui-borders/PNG/Default/Transparent center/panel-transparent-center-004.png
  artifactKey: Guid(2a7c7ad9e1d8a8040ab45f3f2342122c) Importer(815301076,1909f56bfc062723c751e8b465ee728b)
Start importing Assets/kenney_fantasy-ui-borders/PNG/Default/Transparent center/panel-transparent-center-004.png using Guid(2a7c7ad9e1d8a8040ab45f3f2342122c) Importer(815301076,1909f56bfc062723c751e8b465ee728b)  -> (artifact id: '5b353151aed5385bd6ee3303d26a35c1') in 0.008012 seconds
Number of updated asset objects reloaded before import = 0
Number of asset objects unloaded after import = 3
========================================================================
Received Import Request.
  Time since last request: 0.000017 seconds.
  path: Assets/kenney_fantasy-ui-borders/PNG/Default/Transparent center/panel-transparent-center-007.png
  artifactKey: Guid(55075b7f480d6234eb1a42bf344ac695) Importer(815301076,1909f56bfc062723c751e8b465ee728b)
Start importing Assets/kenney_fantasy-ui-borders/PNG/Default/Transparent center/panel-transparent-center-007.png using Guid(55075b7f480d6234eb1a42bf344ac695) Importer(815301076,1909f56bfc062723c751e8b465ee728b)  -> (artifact id: 'af087192bb3602582029e08fafa62895') in 0.010523 seconds
Number of updated asset objects reloaded before import = 0
Number of asset objects unloaded after import = 3
========================================================================
Received Import Request.
  Time since last request: 7.441035 seconds.
  path: Assets/kenney_fantasy-ui-borders/PNG/Default/Border/panel-border-002.png
  artifactKey: Guid(8e9b08c88f8d46a49bba38d4ab373e00) Importer(815301076,1909f56bfc062723c751e8b465ee728b)
Start importing Assets/kenney_fantasy-ui-borders/PNG/Default/Border/panel-border-002.png using Guid(8e9b08c88f8d46a49bba38d4ab373e00) Importer(815301076,1909f56bfc062723c751e8b465ee728b)  -> (artifact id: 'c0d327c1fbcfe3ee30d7944b1488b079') in 0.008934 seconds
Number of updated asset objects reloaded before import = 0
Number of asset objects unloaded after import = 3
========================================================================
Received Import Request.
  Time since last request: 0.000016 seconds.
  path: Assets/kenney_fantasy-ui-borders/PNG/Default/Border/panel-border-004.png
  artifactKey: Guid(b9f57bea766213e4ebc2ad68532282d6) Importer(815301076,1909f56bfc062723c751e8b465ee728b)
Start importing Assets/kenney_fantasy-ui-borders/PNG/Default/Border/panel-border-004.png using Guid(b9f57bea766213e4ebc2ad68532282d6) Importer(815301076,1909f56bfc062723c751e8b465ee728b)  -> (artifact id: '511fe82635794d71380d56ea18e0873f') in 0.019739 seconds
Number of updated asset objects reloaded before import = 0
Number of asset objects unloaded after import = 3
========================================================================
Received Import Request.
  Time since last request: 0.000020 seconds.
  path: Assets/kenney_fantasy-ui-borders/PNG/Default/Border/panel-border-006.png
  artifactKey: Guid(9f1ed490807a830479da60560a4ec333) Importer(815301076,1909f56bfc062723c751e8b465ee728b)
Start importing Assets/kenney_fantasy-ui-borders/PNG/Default/Border/panel-border-006.png using Guid(9f1ed490807a830479da60560a4ec333) Importer(815301076,1909f56bfc062723c751e8b465ee728b)  -> (artifact id: '276cfd3595468d7267329ab96edfdbda') in 0.010105 seconds
Number of updated asset objects reloaded before import = 0
Number of asset objects unloaded after import = 3
========================================================================
Received Import Request.
  Time since last request: 1.322450 seconds.
  path: Assets/kenney_fantasy-ui-borders/PNG/Default/Divider/divider-002.png
  artifactKey: Guid(7eafcd1135752cc4ca47f7fd9e9d805c) Importer(815301076,1909f56bfc062723c751e8b465ee728b)
Start importing Assets/kenney_fantasy-ui-borders/PNG/Default/Divider/divider-002.png using Guid(7eafcd1135752cc4ca47f7fd9e9d805c) Importer(815301076,1909f56bfc062723c751e8b465ee728b)  -> (artifact id: '41b2516c241078c96b1d7f721fa8102d') in 0.416239 seconds
Number of updated asset objects reloaded before import = 0
Number of asset objects unloaded after import = 3
========================================================================
Received Import Request.
  Time since last request: 0.242745 seconds.
  path: Assets/kenney_fantasy-ui-borders/PNG/Default/Divider Fade/divider-fade-002.png
  artifactKey: Guid(13116d3d69f34f54dad8d587c1e95494) Importer(815301076,1909f56bfc062723c751e8b465ee728b)
Start importing Assets/kenney_fantasy-ui-borders/PNG/Default/Divider Fade/divider-fade-002.png using Guid(13116d3d69f34f54dad8d587c1e95494) Importer(815301076,1909f56bfc062723c751e8b465ee728b)  -> (artifact id: 'fb702d62979445c685a2003223e15848') in 0.008609 seconds
Number of updated asset objects reloaded before import = 0
Number of asset objects unloaded after import = 3
Editor requested this worker to shutdown with reason: Scaling down because of idle timeout
TcpMessagingSession - receive error: operation aborted. errorcode: 995, details: ќпераци€ ввода/вывода была прервана из-за завершени€ потока команд или по запросу приложени€.
AssetImportWorker is now disconnected from the server
Process exiting
Exiting without the bug reporter. Application will terminate with return code 0