Using pre-set license
Built from '2022.3/staging' branch; Version is '2022.3.25f1 (530ae0ba3889) revision 5442272'; Using compiler version '192829333'; Build Type 'Release'
OS: 'Windows 11  (10.0.22631) 64bit Core' Language: 'pt' Physical Memory: 32038 MB
BatchMode: 1, IsHumanControllingUs: 0, StartBugReporterOnCrash: 0, Is64bit: 1, IsPro: 1

COMMAND LINE ARGUMENTS:
C:\Program Files\Unity\Hub\Editor\2022.3.25f1\Editor\Unity.exe
-adb2
-batchMode
-noUpm
-name
AssetImportWorker2
-projectPath
C:/Users/rodri/OneDrive - Feels Like Home/Pessoal/Unity/GitHub_Repositorys/KenneyJamRepo/KennyGameJam_v3
-logFile
Logs/AssetImportWorker2.log
-srvPort
60809
Successfully changed project path to: C:/Users/rodri/OneDrive - Feels Like Home/Pessoal/Unity/GitHub_Repositorys/KenneyJamRepo/KennyGameJam_v3
C:/Users/rodri/OneDrive - Feels Like Home/Pessoal/Unity/GitHub_Repositorys/KenneyJamRepo/KennyGameJam_v3
[UnityMemory] Configuration Parameters - Can be set up in boot.config
    "memorysetup-bucket-allocator-granularity=16"
    "memorysetup-bucket-allocator-bucket-count=8"
    "memorysetup-bucket-allocator-block-size=33554432"
    "memorysetup-bucket-allocator-block-count=8"
    "memorysetup-main-allocator-block-size=16777216"
    "memorysetup-thread-allocator-block-size=16777216"
    "memorysetup-gfx-main-allocator-block-size=16777216"
    "memorysetup-gfx-thread-allocator-block-size=16777216"
    "memorysetup-cache-allocator-block-size=4194304"
    "memorysetup-typetree-allocator-block-size=2097152"
    "memorysetup-profiler-bucket-allocator-granularity=16"
    "memorysetup-profiler-bucket-allocator-bucket-count=8"
    "memorysetup-profiler-bucket-allocator-block-size=33554432"
    "memorysetup-profiler-bucket-allocator-block-count=8"
    "memorysetup-profiler-allocator-block-size=16777216"
    "memorysetup-profiler-editor-allocator-block-size=1048576"
    "memorysetup-temp-allocator-size-main=16777216"
    "memorysetup-job-temp-allocator-block-size=2097152"
    "memorysetup-job-temp-allocator-block-size-background=1048576"
    "memorysetup-job-temp-allocator-reduction-small-platforms=262144"
    "memorysetup-allocator-temp-initial-block-size-main=262144"
    "memorysetup-allocator-temp-initial-block-size-worker=262144"
    "memorysetup-temp-allocator-size-background-worker=32768"
    "memorysetup-temp-allocator-size-job-worker=262144"
    "memorysetup-temp-allocator-size-preload-manager=33554432"
    "memorysetup-temp-allocator-size-nav-mesh-worker=65536"
    "memorysetup-temp-allocator-size-audio-worker=65536"
    "memorysetup-temp-allocator-size-cloud-worker=32768"
    "memorysetup-temp-allocator-size-gi-baking-worker=262144"
    "memorysetup-temp-allocator-size-gfx=262144"
Player connection [24764] Host "[IP] 192.168.1.210 [Port] 0 [Flags] 2 [Guid] 1163818935 [EditorId] 1163818935 [Version] 1048832 [Id] WindowsEditor(7,Rodrigo) [Debug] 1 [PackageName] WindowsEditor [ProjectName] Editor" joined multi-casting on [225.0.0.222:54997]...

Player connection [24764] Host "[IP] 192.168.1.210 [Port] 0 [Flags] 2 [Guid] 1163818935 [EditorId] 1163818935 [Version] 1048832 [Id] WindowsEditor(7,Rodrigo) [Debug] 1 [PackageName] WindowsEditor [ProjectName] Editor" joined alternative multi-casting on [225.0.0.222:34997]...

[Physics::Module] Initialized MultithreadedJobDispatcher with 15 workers.
Refreshing native plugins compatible for Editor in 14.56 ms, found 4 plugins.
Preloading 0 native plugins for Editor in 0.00 ms.
Initialize engine version: 2022.3.25f1 (530ae0ba3889)
[Subsystems] Discovering subsystems at path C:/Program Files/Unity/Hub/Editor/2022.3.25f1/Editor/Data/Resources/UnitySubsystems
[Subsystems] Discovering subsystems at path C:/Users/rodri/OneDrive - Feels Like Home/Pessoal/Unity/GitHub_Repositorys/KenneyJamRepo/KennyGameJam_v3/Assets
GfxDevice: creating device client; threaded=0; jobified=0
Direct3D:
    Version:  Direct3D 11.0 [level 11.1]
    Renderer: NVIDIA GeForce RTX 4050 Laptop GPU (ID=0x28a1)
    Vendor:   NVIDIA
    VRAM:     5921 MB
    Driver:   32.0.15.5612
Initialize mono
Mono path[0] = 'C:/Program Files/Unity/Hub/Editor/2022.3.25f1/Editor/Data/Managed'
Mono path[1] = 'C:/Program Files/Unity/Hub/Editor/2022.3.25f1/Editor/Data/MonoBleedingEdge/lib/mono/unityjit-win32'
Mono config path = 'C:/Program Files/Unity/Hub/Editor/2022.3.25f1/Editor/Data/MonoBleedingEdge/etc'
Using monoOptions --debugger-agent=transport=dt_socket,embedding=1,server=y,suspend=n,address=127.0.0.1:56368
Begin MonoManager ReloadAssembly
Registering precompiled unity dll's ...
Register platform support module: C:/Program Files/Unity/Hub/Editor/2022.3.25f1/Editor/Data/PlaybackEngines/AndroidPlayer/UnityEditor.Android.Extensions.dll
Register platform support module: C:/Program Files/Unity/Hub/Editor/2022.3.25f1/Editor/Data/PlaybackEngines/WindowsStandaloneSupport/UnityEditor.WindowsStandalone.Extensions.dll
Registered in 0.008519 seconds.
- Loaded All Assemblies, in  0.301 seconds
Native extension for WindowsStandalone target not found
Native extension for Android target not found
Android Extension - Scanning For ADB Devices 575 ms
Mono: successfully reloaded assembly
- Finished resetting the current domain, in  0.884 seconds
Domain Reload Profiling: 1183ms
	BeginReloadAssembly (90ms)
		ExecutionOrderSort (0ms)
		DisableScriptedObjects (0ms)
		BackupInstance (0ms)
		ReleaseScriptingObjects (0ms)
		CreateAndSetChildDomain (1ms)
	RebuildCommonClasses (31ms)
	RebuildNativeTypeToScriptingClass (9ms)
	initialDomainReloadingComplete (50ms)
	LoadAllAssembliesAndSetupDomain (118ms)
		LoadAssemblies (88ms)
		RebuildTransferFunctionScriptingTraits (0ms)
		AnalyzeDomain (116ms)
			TypeCache.Refresh (115ms)
				TypeCache.ScanAssembly (105ms)
			ScanForSourceGeneratedMonoScriptInfo (0ms)
			ResolveRequiredComponents (0ms)
	FinalizeReload (885ms)
		ReleaseScriptCaches (0ms)
		RebuildScriptCaches (0ms)
		SetupLoadedEditorAssemblies (837ms)
			LogAssemblyErrors (0ms)
			InitializePlatformSupportModulesInManaged (690ms)
			SetLoadedEditorAssemblies (4ms)
			RefreshPlugins (0ms)
			BeforeProcessingInitializeOnLoad (2ms)
			ProcessInitializeOnLoadAttributes (93ms)
			ProcessInitializeOnLoadMethodAttributes (48ms)
			AfterProcessingInitializeOnLoad (0ms)
			EditorAssembliesLoaded (0ms)
		ExecutionOrderSort2 (0ms)
		AwakeInstancesAfterBackupRestoration (0ms)
========================================================================
Worker process is ready to serve import requests
Begin MonoManager ReloadAssembly
- Loaded All Assemblies, in  0.575 seconds
Refreshing native plugins compatible for Editor in 6.39 ms, found 4 plugins.
Native extension for WindowsStandalone target not found
Native extension for Android target not found
Package Manager log level set to [2]
[Package Manager] Server::EnsureServerProcessIsRunning -- launch failed, reason: Unity was launched with the -noUpm command-line argument
[Package Manager] UpmClient::Send -- Unable to send message (not connected to UPM process).
[Package Manager] Cannot connect to Unity Package Manager local server
Mono: successfully reloaded assembly
- Finished resetting the current domain, in  0.703 seconds
Domain Reload Profiling: 1274ms
	BeginReloadAssembly (123ms)
		ExecutionOrderSort (0ms)
		DisableScriptedObjects (5ms)
		BackupInstance (0ms)
		ReleaseScriptingObjects (0ms)
		CreateAndSetChildDomain (27ms)
	RebuildCommonClasses (27ms)
	RebuildNativeTypeToScriptingClass (10ms)
	initialDomainReloadingComplete (47ms)
	LoadAllAssembliesAndSetupDomain (363ms)
		LoadAssemblies (285ms)
		RebuildTransferFunctionScriptingTraits (0ms)
		AnalyzeDomain (141ms)
			TypeCache.Refresh (121ms)
				TypeCache.ScanAssembly (108ms)
			ScanForSourceGeneratedMonoScriptInfo (15ms)
			ResolveRequiredComponents (4ms)
	FinalizeReload (704ms)
		ReleaseScriptCaches (0ms)
		RebuildScriptCaches (0ms)
		SetupLoadedEditorAssemblies (550ms)
			LogAssemblyErrors (0ms)
			InitializePlatformSupportModulesInManaged (25ms)
			SetLoadedEditorAssemblies (4ms)
			RefreshPlugins (0ms)
			BeforeProcessingInitializeOnLoad (69ms)
			ProcessInitializeOnLoadAttributes (418ms)
			ProcessInitializeOnLoadMethodAttributes (28ms)
			AfterProcessingInitializeOnLoad (6ms)
			EditorAssembliesLoaded (0ms)
		ExecutionOrderSort2 (0ms)
		AwakeInstancesAfterBackupRestoration (6ms)
Launched and connected shader compiler UnityShaderCompiler.exe after 0.05 seconds
Refreshing native plugins compatible for Editor in 4.82 ms, found 4 plugins.
Preloading 0 native plugins for Editor in 0.00 ms.
Unloading 4057 Unused Serialized files (Serialized files now loaded: 0)
Unloading 70 unused Assets / (244.9 KB). Loaded Objects now: 4517.
Memory consumption went from 153.6 MB to 153.4 MB.
Total: 3.650500 ms (FindLiveObjects: 0.295800 ms CreateObjectMapping: 0.149600 ms MarkObjects: 3.005900 ms  DeleteObjects: 0.198000 ms)

AssetImportParameters requested are different than current active one (requested -> active):
  custom:container-demuxer-ogg: 62fdf1f143b41e24485cea50d1cbac27 -> 
  custom:video-codec-MediaFoundation-h265: 746d11721c4dcdbdad8f713fa42b33f4 -> 
  custom:video-decoder-ogg-theora: a1e56fd34408186e4bbccfd4996cb3dc -> 
  custom:framework-win-MediaFoundation: 216162199b28c13a410421893ffa2e32 -> 
  custom:CustomObjectIndexerAttribute: 9a22284fe3817be447336de3de66b15e -> 
  custom:container-demuxer-webm: 4f35f7cbe854078d1ac9338744f61a02 -> 
  custom:container-muxer-webm: aa71ff27fc2769a1b78a27578f13a17b -> 
  custom:video-decoder-webm-vp8: 9c59270c3fd7afecdb556c50c9e8de78 -> 
  custom:SearchIndexIgnoredProperties: e643bd26f0fe6173181afceb89e7c659 -> 
  custom:AudioImporter_EditorPlatform: d09bf68614088b80899f8185d706f6e7 -> 
  custom:video-encoder-webm-vp8: eb34c28f22e8b96e1ab97ce403110664 -> 
  custom:audio-decoder-ogg-vorbis: bf7c407c2cedff20999df2af8eb42d56 -> 
  custom:audio-encoder-webm-vorbis: bf7c407c2cedff20999df2af8eb42d56 -> 
========================================================================
Received Import Request.
  Time since last request: 180109.861107 seconds.
  path: Assets/MainGameAssets/Tiles/Default/tile_0379.png
  artifactKey: Guid(54016c04b088c7548924c0e8b5718046) Importer(815301076,1909f56bfc062723c751e8b465ee728b)
Start importing Assets/MainGameAssets/Tiles/Default/tile_0379.png using Guid(54016c04b088c7548924c0e8b5718046) Importer(815301076,1909f56bfc062723c751e8b465ee728b)  -> (artifact id: '8c2689d4dcbf4ad1cfc634adfdba72ef') in 0.051009 seconds
Number of updated asset objects reloaded before import = 0
Number of asset objects unloaded after import = 3
========================================================================
Received Import Request.
  Time since last request: 0.000042 seconds.
  path: Assets/MainGameAssets/Tiles/Default/tile_0380.png
  artifactKey: Guid(366bd4b525c20b94ebccdb9c4447605e) Importer(815301076,1909f56bfc062723c751e8b465ee728b)
Start importing Assets/MainGameAssets/Tiles/Default/tile_0380.png using Guid(366bd4b525c20b94ebccdb9c4447605e) Importer(815301076,1909f56bfc062723c751e8b465ee728b)  -> (artifact id: '9e1ce21bd3743b565e003f1605419f94') in 0.008325 seconds
Number of updated asset objects reloaded before import = 0
Number of asset objects unloaded after import = 3
========================================================================
Received Prepare
Begin MonoManager ReloadAssembly
- Loaded All Assemblies, in  0.391 seconds
Refreshing native plugins compatible for Editor in 6.66 ms, found 4 plugins.
Native extension for WindowsStandalone target not found
Native extension for Android target not found
[Package Manager] Server::EnsureServerProcessIsRunning -- launch failed, reason: Unity was launched with the -noUpm command-line argument
[Package Manager] UpmClient::Send -- Unable to send message (not connected to UPM process).
[Package Manager] Cannot connect to Unity Package Manager local server
Mono: successfully reloaded assembly
- Finished resetting the current domain, in  1.349 seconds
Domain Reload Profiling: 1737ms
	BeginReloadAssembly (149ms)
		ExecutionOrderSort (0ms)
		DisableScriptedObjects (10ms)
		BackupInstance (0ms)
		ReleaseScriptingObjects (0ms)
		CreateAndSetChildDomain (41ms)
	RebuildCommonClasses (22ms)
	RebuildNativeTypeToScriptingClass (7ms)
	initialDomainReloadingComplete (24ms)
	LoadAllAssembliesAndSetupDomain (186ms)
		LoadAssemblies (239ms)
		RebuildTransferFunctionScriptingTraits (0ms)
		AnalyzeDomain (14ms)
			TypeCache.Refresh (5ms)
				TypeCache.ScanAssembly (0ms)
			ScanForSourceGeneratedMonoScriptInfo (0ms)
			ResolveRequiredComponents (7ms)
	FinalizeReload (1350ms)
		ReleaseScriptCaches (0ms)
		RebuildScriptCaches (0ms)
		SetupLoadedEditorAssemblies (614ms)
			LogAssemblyErrors (0ms)
			InitializePlatformSupportModulesInManaged (25ms)
			SetLoadedEditorAssemblies (3ms)
			RefreshPlugins (0ms)
			BeforeProcessingInitializeOnLoad (75ms)
			ProcessInitializeOnLoadAttributes (463ms)
			ProcessInitializeOnLoadMethodAttributes (38ms)
			AfterProcessingInitializeOnLoad (10ms)
			EditorAssembliesLoaded (1ms)
		ExecutionOrderSort2 (0ms)
		AwakeInstancesAfterBackupRestoration (16ms)
Refreshing native plugins compatible for Editor in 7.63 ms, found 4 plugins.
Preloading 0 native plugins for Editor in 0.00 ms.
Unloading 4037 Unused Serialized files (Serialized files now loaded: 0)
Unloading 42 unused Assets / (217.1 KB). Loaded Objects now: 4528.
Memory consumption went from 150.2 MB to 150.0 MB.
Total: 4.742600 ms (FindLiveObjects: 0.339900 ms CreateObjectMapping: 0.180800 ms MarkObjects: 3.742600 ms  DeleteObjects: 0.478100 ms)

Prepare: number of updated asset objects reloaded= 0
AssetImportParameters requested are different than current active one (requested -> active):
  custom:container-demuxer-ogg: 62fdf1f143b41e24485cea50d1cbac27 -> 
  custom:video-codec-MediaFoundation-h265: 746d11721c4dcdbdad8f713fa42b33f4 -> 
  custom:video-decoder-ogg-theora: a1e56fd34408186e4bbccfd4996cb3dc -> 
  custom:framework-win-MediaFoundation: 216162199b28c13a410421893ffa2e32 -> 
  custom:CustomObjectIndexerAttribute: 9a22284fe3817be447336de3de66b15e -> 
  custom:container-demuxer-webm: 4f35f7cbe854078d1ac9338744f61a02 -> 
  custom:container-muxer-webm: aa71ff27fc2769a1b78a27578f13a17b -> 
  custom:video-decoder-webm-vp8: 9c59270c3fd7afecdb556c50c9e8de78 -> 
  custom:SearchIndexIgnoredProperties: e643bd26f0fe6173181afceb89e7c659 -> 
  custom:AudioImporter_EditorPlatform: d09bf68614088b80899f8185d706f6e7 -> 
  custom:video-encoder-webm-vp8: eb34c28f22e8b96e1ab97ce403110664 -> 
  custom:audio-decoder-ogg-vorbis: bf7c407c2cedff20999df2af8eb42d56 -> 
  custom:audio-encoder-webm-vorbis: bf7c407c2cedff20999df2af8eb42d56 -> 
========================================================================
Received Prepare
Begin MonoManager ReloadAssembly
- Loaded All Assemblies, in  0.397 seconds
Refreshing native plugins compatible for Editor in 4.63 ms, found 4 plugins.
Native extension for WindowsStandalone target not found
Native extension for Android target not found
[Package Manager] Server::EnsureServerProcessIsRunning -- launch failed, reason: Unity was launched with the -noUpm command-line argument
[Package Manager] UpmClient::Send -- Unable to send message (not connected to UPM process).
[Package Manager] Cannot connect to Unity Package Manager local server
Mono: successfully reloaded assembly
- Finished resetting the current domain, in  1.302 seconds
Domain Reload Profiling: 1694ms
	BeginReloadAssembly (132ms)
		ExecutionOrderSort (0ms)
		DisableScriptedObjects (7ms)
		BackupInstance (0ms)
		ReleaseScriptingObjects (0ms)
		CreateAndSetChildDomain (36ms)
	RebuildCommonClasses (21ms)
	RebuildNativeTypeToScriptingClass (7ms)
	initialDomainReloadingComplete (23ms)
	LoadAllAssembliesAndSetupDomain (209ms)
		LoadAssemblies (255ms)
		RebuildTransferFunctionScriptingTraits (0ms)
		AnalyzeDomain (12ms)
			TypeCache.Refresh (7ms)
				TypeCache.ScanAssembly (0ms)
			ScanForSourceGeneratedMonoScriptInfo (0ms)
			ResolveRequiredComponents (4ms)
	FinalizeReload (1302ms)
		ReleaseScriptCaches (0ms)
		RebuildScriptCaches (0ms)
		SetupLoadedEditorAssemblies (584ms)
			LogAssemblyErrors (0ms)
			InitializePlatformSupportModulesInManaged (26ms)
			SetLoadedEditorAssemblies (4ms)
			RefreshPlugins (0ms)
			BeforeProcessingInitializeOnLoad (72ms)
			ProcessInitializeOnLoadAttributes (438ms)
			ProcessInitializeOnLoadMethodAttributes (34ms)
			AfterProcessingInitializeOnLoad (11ms)
			EditorAssembliesLoaded (0ms)
		ExecutionOrderSort2 (0ms)
		AwakeInstancesAfterBackupRestoration (14ms)
Refreshing native plugins compatible for Editor in 7.57 ms, found 4 plugins.
Preloading 0 native plugins for Editor in 0.00 ms.
Unloading 4038 Unused Serialized files (Serialized files now loaded: 0)
Unloading 42 unused Assets / (217.1 KB). Loaded Objects now: 4532.
Memory consumption went from 152.4 MB to 152.2 MB.
Total: 4.552300 ms (FindLiveObjects: 0.490100 ms CreateObjectMapping: 0.232700 ms MarkObjects: 3.586700 ms  DeleteObjects: 0.241600 ms)

Prepare: number of updated asset objects reloaded= 0
AssetImportParameters requested are different than current active one (requested -> active):
  custom:container-demuxer-ogg: 62fdf1f143b41e24485cea50d1cbac27 -> 
  custom:video-codec-MediaFoundation-h265: 746d11721c4dcdbdad8f713fa42b33f4 -> 
  custom:video-decoder-ogg-theora: a1e56fd34408186e4bbccfd4996cb3dc -> 
  custom:framework-win-MediaFoundation: 216162199b28c13a410421893ffa2e32 -> 
  custom:CustomObjectIndexerAttribute: 9a22284fe3817be447336de3de66b15e -> 
  custom:container-demuxer-webm: 4f35f7cbe854078d1ac9338744f61a02 -> 
  custom:container-muxer-webm: aa71ff27fc2769a1b78a27578f13a17b -> 
  custom:video-decoder-webm-vp8: 9c59270c3fd7afecdb556c50c9e8de78 -> 
  custom:SearchIndexIgnoredProperties: e643bd26f0fe6173181afceb89e7c659 -> 
  custom:AudioImporter_EditorPlatform: d09bf68614088b80899f8185d706f6e7 -> 
  custom:video-encoder-webm-vp8: eb34c28f22e8b96e1ab97ce403110664 -> 
  custom:audio-decoder-ogg-vorbis: bf7c407c2cedff20999df2af8eb42d56 -> 
  custom:audio-encoder-webm-vorbis: bf7c407c2cedff20999df2af8eb42d56 -> 
========================================================================
Received Import Request.
  Time since last request: 112.177434 seconds.
  path: Assets/Animations/flying_bug.anim
  artifactKey: Guid(2309f7678de4fb94d89f659003582dee) Importer(815301076,1909f56bfc062723c751e8b465ee728b)
Start importing Assets/Animations/flying_bug.anim using Guid(2309f7678de4fb94d89f659003582dee) Importer(815301076,1909f56bfc062723c751e8b465ee728b)  -> (artifact id: '5ec6be7b84f3a1701159508cd449569a') in 0.012879 seconds
Number of updated asset objects reloaded before import = 0
Number of asset objects unloaded after import = 1
========================================================================
Received Import Request.
  Time since last request: 295.612006 seconds.
  path: Assets/MainGameAssets/Tiles/Default/tile_0309.png
  artifactKey: Guid(83b2d24c86f3a8546886dac89672967e) Importer(815301076,1909f56bfc062723c751e8b465ee728b)
Start importing Assets/MainGameAssets/Tiles/Default/tile_0309.png using Guid(83b2d24c86f3a8546886dac89672967e) Importer(815301076,1909f56bfc062723c751e8b465ee728b)  -> (artifact id: '92d9abdc210d490459ab1eb513953d01') in 0.059729 seconds
Number of updated asset objects reloaded before import = 0
Number of asset objects unloaded after import = 3
========================================================================
Received Import Request.
  Time since last request: 0.001796 seconds.
  path: Assets/MainGameAssets/Tiles/Default/tile_0315.png
  artifactKey: Guid(ac48039f9338c1f48b8e9059ae987de1) Importer(815301076,1909f56bfc062723c751e8b465ee728b)
Start importing Assets/MainGameAssets/Tiles/Default/tile_0315.png using Guid(ac48039f9338c1f48b8e9059ae987de1) Importer(815301076,1909f56bfc062723c751e8b465ee728b)  -> (artifact id: '8ec5ae85a2c3b1f560f2a3af6c9b2f34') in 0.015864 seconds
Number of updated asset objects reloaded before import = 0
Number of asset objects unloaded after import = 3
========================================================================
Received Import Request.
  Time since last request: 0.000024 seconds.
  path: Assets/MainGameAssets/Tiles/Default/tile_0316.png
  artifactKey: Guid(b458a173da3715c408ef29234d121324) Importer(815301076,1909f56bfc062723c751e8b465ee728b)
Start importing Assets/MainGameAssets/Tiles/Default/tile_0316.png using Guid(b458a173da3715c408ef29234d121324) Importer(815301076,1909f56bfc062723c751e8b465ee728b)  -> (artifact id: '0a9ef3f9f5041df1f9ac4d7c4191ddf5') in 0.009542 seconds
Number of updated asset objects reloaded before import = 0
Number of asset objects unloaded after import = 3
========================================================================
Received Import Request.
  Time since last request: 0.000056 seconds.
  path: Assets/MainGameAssets/Tiles/Default/tile_0317.png
  artifactKey: Guid(776413ff36541e64c8227c8a71d9a1e2) Importer(815301076,1909f56bfc062723c751e8b465ee728b)
Start importing Assets/MainGameAssets/Tiles/Default/tile_0317.png using Guid(776413ff36541e64c8227c8a71d9a1e2) Importer(815301076,1909f56bfc062723c751e8b465ee728b)  -> (artifact id: '2f17d9ce221ba2d6e1c680906495148f') in 0.011024 seconds
Number of updated asset objects reloaded before import = 0
Number of asset objects unloaded after import = 3
========================================================================
Received Import Request.
  Time since last request: 0.000019 seconds.
  path: Assets/MainGameAssets/Tiles/Default/tile_0318.png
  artifactKey: Guid(d7a4c71d64a21984b8ca1a8989c96505) Importer(815301076,1909f56bfc062723c751e8b465ee728b)
Start importing Assets/MainGameAssets/Tiles/Default/tile_0318.png using Guid(d7a4c71d64a21984b8ca1a8989c96505) Importer(815301076,1909f56bfc062723c751e8b465ee728b)  -> (artifact id: '59457f97ec30dd99ace6879f0f1e3c3e') in 0.009205 seconds
Number of updated asset objects reloaded before import = 0
Number of asset objects unloaded after import = 3
========================================================================
Received Import Request.
  Time since last request: 0.000020 seconds.
  path: Assets/MainGameAssets/Tiles/Default/tile_0311.png
  artifactKey: Guid(6f3cd712d2a09d94db42080a079972db) Importer(815301076,1909f56bfc062723c751e8b465ee728b)
Start importing Assets/MainGameAssets/Tiles/Default/tile_0311.png using Guid(6f3cd712d2a09d94db42080a079972db) Importer(815301076,1909f56bfc062723c751e8b465ee728b)  -> (artifact id: 'e1a9ba586126beff6bd415c12f4b4226') in 0.008513 seconds
Number of updated asset objects reloaded before import = 0
Number of asset objects unloaded after import = 3
========================================================================
Received Import Request.
  Time since last request: 0.208781 seconds.
  path: Assets/MainGameAssets/Tiles/Default/tile_0321.png
  artifactKey: Guid(82044bfafba32e54eae480cd84ffe63f) Importer(815301076,1909f56bfc062723c751e8b465ee728b)
Start importing Assets/MainGameAssets/Tiles/Default/tile_0321.png using Guid(82044bfafba32e54eae480cd84ffe63f) Importer(815301076,1909f56bfc062723c751e8b465ee728b)  -> (artifact id: 'a95651634f043d9b5e093539f264ba29') in 0.008703 seconds
Number of updated asset objects reloaded before import = 0
Number of asset objects unloaded after import = 3
========================================================================
Received Import Request.
  Time since last request: 0.000025 seconds.
  path: Assets/MainGameAssets/Tiles/Default/tile_0331.png
  artifactKey: Guid(8fae78648edda804cb65b8359c30630b) Importer(815301076,1909f56bfc062723c751e8b465ee728b)
Start importing Assets/MainGameAssets/Tiles/Default/tile_0331.png using Guid(8fae78648edda804cb65b8359c30630b) Importer(815301076,1909f56bfc062723c751e8b465ee728b)  -> (artifact id: 'a93bfda1ef9f21ba458e3e5b502ac930') in 0.011134 seconds
Number of updated asset objects reloaded before import = 0
Number of asset objects unloaded after import = 3
========================================================================
Received Import Request.
  Time since last request: 0.000020 seconds.
  path: Assets/MainGameAssets/Tiles/Default/tile_0333.png
  artifactKey: Guid(77270263d7441b14096e1f4720860abc) Importer(815301076,1909f56bfc062723c751e8b465ee728b)
Start importing Assets/MainGameAssets/Tiles/Default/tile_0333.png using Guid(77270263d7441b14096e1f4720860abc) Importer(815301076,1909f56bfc062723c751e8b465ee728b)  -> (artifact id: 'eb9c1ce056fc17d9ba1146de35f10060') in 0.011380 seconds
Number of updated asset objects reloaded before import = 0
Number of asset objects unloaded after import = 3
========================================================================
Received Import Request.
  Time since last request: 0.000023 seconds.
  path: Assets/MainGameAssets/Tiles/Default/tile_0330.png
  artifactKey: Guid(7614a8715dd2164469e0361099f9c939) Importer(815301076,1909f56bfc062723c751e8b465ee728b)
Start importing Assets/MainGameAssets/Tiles/Default/tile_0330.png using Guid(7614a8715dd2164469e0361099f9c939) Importer(815301076,1909f56bfc062723c751e8b465ee728b)  -> (artifact id: '608578284413b3888b952b1c4bce187d') in 0.009556 seconds
Number of updated asset objects reloaded before import = 0
Number of asset objects unloaded after import = 3
========================================================================
Received Import Request.
  Time since last request: 0.000030 seconds.
  path: Assets/MainGameAssets/Tiles/Default/tile_0328.png
  artifactKey: Guid(adc5c73022009a940a17c4e73a16dbfd) Importer(815301076,1909f56bfc062723c751e8b465ee728b)
Start importing Assets/MainGameAssets/Tiles/Default/tile_0328.png using Guid(adc5c73022009a940a17c4e73a16dbfd) Importer(815301076,1909f56bfc062723c751e8b465ee728b)  -> (artifact id: 'f0b59ba7cb069422015bf9afa9dec0cf') in 0.009336 seconds
Number of updated asset objects reloaded before import = 0
Number of asset objects unloaded after import = 3
========================================================================
Received Import Request.
  Time since last request: 0.000020 seconds.
  path: Assets/MainGameAssets/Tiles/Default/tile_0332.png
  artifactKey: Guid(e93cf9fcd7e47c14688773628a24c229) Importer(815301076,1909f56bfc062723c751e8b465ee728b)
Start importing Assets/MainGameAssets/Tiles/Default/tile_0332.png using Guid(e93cf9fcd7e47c14688773628a24c229) Importer(815301076,1909f56bfc062723c751e8b465ee728b)  -> (artifact id: '17ab4e27e0f2845cf88ad39af236440d') in 0.008112 seconds
Number of updated asset objects reloaded before import = 0
Number of asset objects unloaded after import = 3
========================================================================
Received Import Request.
  Time since last request: 0.000019 seconds.
  path: Assets/MainGameAssets/Tiles/Default/tile_0326.png
  artifactKey: Guid(cf2e7e43cf346c54f8460a32ab422c85) Importer(815301076,1909f56bfc062723c751e8b465ee728b)
Start importing Assets/MainGameAssets/Tiles/Default/tile_0326.png using Guid(cf2e7e43cf346c54f8460a32ab422c85) Importer(815301076,1909f56bfc062723c751e8b465ee728b)  -> (artifact id: '5c8151d6ebdb5d7374b96839cfacbf40') in 0.008717 seconds
Number of updated asset objects reloaded before import = 0
Number of asset objects unloaded after import = 3
========================================================================
Received Import Request.
  Time since last request: 0.468339 seconds.
  path: Assets/MainGameAssets/Tiles/Default/tile_0335.png
  artifactKey: Guid(5b2f508b34949714d8063da345f30018) Importer(815301076,1909f56bfc062723c751e8b465ee728b)
Start importing Assets/MainGameAssets/Tiles/Default/tile_0335.png using Guid(5b2f508b34949714d8063da345f30018) Importer(815301076,1909f56bfc062723c751e8b465ee728b)  -> (artifact id: '01bdaab6ccb0e46f76d8ab5fd6bfb3be') in 0.010915 seconds
Number of updated asset objects reloaded before import = 0
Number of asset objects unloaded after import = 3
========================================================================
Received Import Request.
  Time since last request: 0.000024 seconds.
  path: Assets/MainGameAssets/Tiles/Default/tile_0339.png
  artifactKey: Guid(c1bb5c50a8f506a4cab98a98404f188b) Importer(815301076,1909f56bfc062723c751e8b465ee728b)
Start importing Assets/MainGameAssets/Tiles/Default/tile_0339.png using Guid(c1bb5c50a8f506a4cab98a98404f188b) Importer(815301076,1909f56bfc062723c751e8b465ee728b)  -> (artifact id: '68d74bf2f3945b164396568e630d1887') in 0.007768 seconds
Number of updated asset objects reloaded before import = 0
Number of asset objects unloaded after import = 3
========================================================================
Received Import Request.
  Time since last request: 0.000032 seconds.
  path: Assets/MainGameAssets/Tiles/Default/tile_0346.png
  artifactKey: Guid(6c9afdd9e25f08944a463f406b4d9e9a) Importer(815301076,1909f56bfc062723c751e8b465ee728b)
Start importing Assets/MainGameAssets/Tiles/Default/tile_0346.png using Guid(6c9afdd9e25f08944a463f406b4d9e9a) Importer(815301076,1909f56bfc062723c751e8b465ee728b)  -> (artifact id: '2215119f859f59651953bd8fd323d50c') in 0.009553 seconds
Number of updated asset objects reloaded before import = 0
Number of asset objects unloaded after import = 3
========================================================================
Received Import Request.
  Time since last request: 0.000030 seconds.
  path: Assets/MainGameAssets/Tiles/Default/tile_0347.png
  artifactKey: Guid(97b76a9886844f142834928f011098b3) Importer(815301076,1909f56bfc062723c751e8b465ee728b)
Start importing Assets/MainGameAssets/Tiles/Default/tile_0347.png using Guid(97b76a9886844f142834928f011098b3) Importer(815301076,1909f56bfc062723c751e8b465ee728b)  -> (artifact id: '78069969be8b7a25eabc5f38923e77f5') in 0.014844 seconds
Number of updated asset objects reloaded before import = 0
Number of asset objects unloaded after import = 3
========================================================================
Received Import Request.
  Time since last request: 0.000019 seconds.
  path: Assets/MainGameAssets/Tiles/Default/tile_0375.png
  artifactKey: Guid(e2528f64e7e42e74b96acdc15ed0024f) Importer(815301076,1909f56bfc062723c751e8b465ee728b)
Start importing Assets/MainGameAssets/Tiles/Default/tile_0375.png using Guid(e2528f64e7e42e74b96acdc15ed0024f) Importer(815301076,1909f56bfc062723c751e8b465ee728b)  -> (artifact id: '483ba8e81e5b5a570a7a70b974401cfe') in 0.007585 seconds
Number of updated asset objects reloaded before import = 0
Number of asset objects unloaded after import = 3
========================================================================
Received Import Request.
  Time since last request: 0.000017 seconds.
  path: Assets/MainGameAssets/Tiles/Default/tile_0352.png
  artifactKey: Guid(5b97491f1c389ac4699ef4aa9b4e8154) Importer(815301076,1909f56bfc062723c751e8b465ee728b)
Start importing Assets/MainGameAssets/Tiles/Default/tile_0352.png using Guid(5b97491f1c389ac4699ef4aa9b4e8154) Importer(815301076,1909f56bfc062723c751e8b465ee728b)  -> (artifact id: 'a3aa2dd8abe233116083d4fbdc55b324') in 0.006304 seconds
Number of updated asset objects reloaded before import = 0
Number of asset objects unloaded after import = 3
========================================================================
Received Import Request.
  Time since last request: 0.000022 seconds.
  path: Assets/MainGameAssets/Tiles/Default/tile_0337.png
  artifactKey: Guid(880f95c7fddc3a24380097abd4f49e05) Importer(815301076,1909f56bfc062723c751e8b465ee728b)
Start importing Assets/MainGameAssets/Tiles/Default/tile_0337.png using Guid(880f95c7fddc3a24380097abd4f49e05) Importer(815301076,1909f56bfc062723c751e8b465ee728b)  -> (artifact id: '9132d0ef473c11533d0c09feaa3db0f9') in 0.007212 seconds
Number of updated asset objects reloaded before import = 0
Number of asset objects unloaded after import = 3
========================================================================
Received Import Request.
  Time since last request: 0.000023 seconds.
  path: Assets/MainGameAssets/Tiles/Default/tile_0373.png
  artifactKey: Guid(21465c5449b8fa245ace0e44d2e3bae4) Importer(815301076,1909f56bfc062723c751e8b465ee728b)
Start importing Assets/MainGameAssets/Tiles/Default/tile_0373.png using Guid(21465c5449b8fa245ace0e44d2e3bae4) Importer(815301076,1909f56bfc062723c751e8b465ee728b)  -> (artifact id: '02938f78f26ffade0c1f6fd7721a1a96') in 0.007224 seconds
Number of updated asset objects reloaded before import = 0
Number of asset objects unloaded after import = 3
========================================================================
Received Import Request.
  Time since last request: 0.000019 seconds.
  path: Assets/MainGameAssets/Tiles/Default/tile_0350.png
  artifactKey: Guid(2c1b2a110d5a4084f9236a28295f66e4) Importer(815301076,1909f56bfc062723c751e8b465ee728b)
Start importing Assets/MainGameAssets/Tiles/Default/tile_0350.png using Guid(2c1b2a110d5a4084f9236a28295f66e4) Importer(815301076,1909f56bfc062723c751e8b465ee728b)  -> (artifact id: 'b516ab806a1955c0c8014ef75a999f38') in 0.007031 seconds
Number of updated asset objects reloaded before import = 0
Number of asset objects unloaded after import = 3
========================================================================
Received Import Request.
  Time since last request: 0.000017 seconds.
  path: Assets/MainGameAssets/Tiles/Default/tile_0374.png
  artifactKey: Guid(53dba32bf7fdb2848b67a112ed8b9c59) Importer(815301076,1909f56bfc062723c751e8b465ee728b)
Start importing Assets/MainGameAssets/Tiles/Default/tile_0374.png using Guid(53dba32bf7fdb2848b67a112ed8b9c59) Importer(815301076,1909f56bfc062723c751e8b465ee728b)  -> (artifact id: 'a1f6d455194b4d02b8d3c37b250bc27d') in 0.006267 seconds
Number of updated asset objects reloaded before import = 0
Number of asset objects unloaded after import = 3
========================================================================
Received Import Request.
  Time since last request: 0.000019 seconds.
  path: Assets/MainGameAssets/Tiles/Default/tile_0348.png
  artifactKey: Guid(48f16a0f4d6523642a1cd1f948da3f21) Importer(815301076,1909f56bfc062723c751e8b465ee728b)
Start importing Assets/MainGameAssets/Tiles/Default/tile_0348.png using Guid(48f16a0f4d6523642a1cd1f948da3f21) Importer(815301076,1909f56bfc062723c751e8b465ee728b)  -> (artifact id: 'e1fca2b85c639344bf53dbdb37c0c4a2') in 0.007236 seconds
Number of updated asset objects reloaded before import = 0
Number of asset objects unloaded after import = 3
========================================================================
Received Import Request.
  Time since last request: 0.000023 seconds.
  path: Assets/MainGameAssets/Tiles/Default/tile_0340.png
  artifactKey: Guid(00bd262a2e115714db31a12633e731c3) Importer(815301076,1909f56bfc062723c751e8b465ee728b)
Start importing Assets/MainGameAssets/Tiles/Default/tile_0340.png using Guid(00bd262a2e115714db31a12633e731c3) Importer(815301076,1909f56bfc062723c751e8b465ee728b)  -> (artifact id: '2b709cba8bf0a54458afbaa6b6a35e5e') in 0.006033 seconds
Number of updated asset objects reloaded before import = 0
Number of asset objects unloaded after import = 3
========================================================================
Received Import Request.
  Time since last request: 0.000060 seconds.
  path: Assets/MainGameAssets/Tiles/Default/tile_0353.png
  artifactKey: Guid(ccfe62e6bc33fee4a93beaa59e2c8215) Importer(815301076,1909f56bfc062723c751e8b465ee728b)
Start importing Assets/MainGameAssets/Tiles/Default/tile_0353.png using Guid(ccfe62e6bc33fee4a93beaa59e2c8215) Importer(815301076,1909f56bfc062723c751e8b465ee728b)  -> (artifact id: '191861a5386e4a0e2485727ba394aa76') in 0.006742 seconds
Number of updated asset objects reloaded before import = 0
Number of asset objects unloaded after import = 3
========================================================================
Received Import Request.
  Time since last request: 0.000020 seconds.
  path: Assets/MainGameAssets/Tiles/Default/tile_0354.png
  artifactKey: Guid(47f7d39f1c1635f46a19ec93db57cfda) Importer(815301076,1909f56bfc062723c751e8b465ee728b)
Start importing Assets/MainGameAssets/Tiles/Default/tile_0354.png using Guid(47f7d39f1c1635f46a19ec93db57cfda) Importer(815301076,1909f56bfc062723c751e8b465ee728b)  -> (artifact id: '16bcc16af388f04dcf84b62b5da7043e') in 0.008490 seconds
Number of updated asset objects reloaded before import = 0
Number of asset objects unloaded after import = 3
========================================================================
Received Import Request.
  Time since last request: 0.000019 seconds.
  path: Assets/MainGameAssets/Tiles/Default/tile_0355.png
  artifactKey: Guid(2f03e49a8f8088845bfe8cae8380039e) Importer(815301076,1909f56bfc062723c751e8b465ee728b)
Start importing Assets/MainGameAssets/Tiles/Default/tile_0355.png using Guid(2f03e49a8f8088845bfe8cae8380039e) Importer(815301076,1909f56bfc062723c751e8b465ee728b)  -> (artifact id: 'a2e1572215c2be2a05164b869c7c3c1d') in 0.012144 seconds
Number of updated asset objects reloaded before import = 0
Number of asset objects unloaded after import = 3
========================================================================
Received Import Request.
  Time since last request: 0.000023 seconds.
  path: Assets/MainGameAssets/Tiles/Default/tile_0369.png
  artifactKey: Guid(ba62b08b35f23054888d1c6fc34c54ca) Importer(815301076,1909f56bfc062723c751e8b465ee728b)
Start importing Assets/MainGameAssets/Tiles/Default/tile_0369.png using Guid(ba62b08b35f23054888d1c6fc34c54ca) Importer(815301076,1909f56bfc062723c751e8b465ee728b)  -> (artifact id: 'eb42bba5e1259ec0a7c04f8d392bf516') in 0.007606 seconds
Number of updated asset objects reloaded before import = 0
Number of asset objects unloaded after import = 3
========================================================================
Received Import Request.
  Time since last request: 0.000017 seconds.
  path: Assets/MainGameAssets/Tiles/Default/tile_0363.png
  artifactKey: Guid(48d91ba8345a43d4fbe03960165276a8) Importer(815301076,1909f56bfc062723c751e8b465ee728b)
Start importing Assets/MainGameAssets/Tiles/Default/tile_0363.png using Guid(48d91ba8345a43d4fbe03960165276a8) Importer(815301076,1909f56bfc062723c751e8b465ee728b)  -> (artifact id: '068ba4fe1bded0dd45dcb743f77569e0') in 0.007151 seconds
Number of updated asset objects reloaded before import = 0
Number of asset objects unloaded after import = 3
========================================================================
Received Import Request.
  Time since last request: 0.000023 seconds.
  path: Assets/MainGameAssets/Tiles/Default/tile_0356.png
  artifactKey: Guid(c9e00b4b3757d994e8f62df51796133f) Importer(815301076,1909f56bfc062723c751e8b465ee728b)
Start importing Assets/MainGameAssets/Tiles/Default/tile_0356.png using Guid(c9e00b4b3757d994e8f62df51796133f) Importer(815301076,1909f56bfc062723c751e8b465ee728b)  -> (artifact id: 'f6cfef12bb09d4b72418a873b2fa9120') in 0.007833 seconds
Number of updated asset objects reloaded before import = 0
Number of asset objects unloaded after import = 3
========================================================================
Received Import Request.
  Time since last request: 0.000015 seconds.
  path: Assets/MainGameAssets/Tiles/Default/tile_0366.png
  artifactKey: Guid(6293b4240417b194d8ff059e922eee18) Importer(815301076,1909f56bfc062723c751e8b465ee728b)
Start importing Assets/MainGameAssets/Tiles/Default/tile_0366.png using Guid(6293b4240417b194d8ff059e922eee18) Importer(815301076,1909f56bfc062723c751e8b465ee728b)  -> (artifact id: '4c479f78788387ca5d352b67499c6a8d') in 0.004879 seconds
Number of updated asset objects reloaded before import = 0
Number of asset objects unloaded after import = 3
========================================================================
Received Import Request.
  Time since last request: 0.000032 seconds.
  path: Assets/MainGameAssets/Tiles/Default/tile_0344.png
  artifactKey: Guid(73c4132cf8506da4f8c167e1be9f3cff) Importer(815301076,1909f56bfc062723c751e8b465ee728b)
Start importing Assets/MainGameAssets/Tiles/Default/tile_0344.png using Guid(73c4132cf8506da4f8c167e1be9f3cff) Importer(815301076,1909f56bfc062723c751e8b465ee728b)  -> (artifact id: 'd14bf3ba92c256180328f9463279e7e3') in 0.006463 seconds
Number of updated asset objects reloaded before import = 0
Number of asset objects unloaded after import = 3
========================================================================
Received Import Request.
  Time since last request: 0.495082 seconds.
  path: Assets/MainGameAssets/Tiles/Default/tile_0376.png
  artifactKey: Guid(e55bb0180f6688240b2bd6f1e4ef1d2a) Importer(815301076,1909f56bfc062723c751e8b465ee728b)
Start importing Assets/MainGameAssets/Tiles/Default/tile_0376.png using Guid(e55bb0180f6688240b2bd6f1e4ef1d2a) Importer(815301076,1909f56bfc062723c751e8b465ee728b)  -> (artifact id: '311a888102f67cfbd570a30312680f0d') in 0.049859 seconds
Number of updated asset objects reloaded before import = 0
Number of asset objects unloaded after import = 3
========================================================================
Received Import Request.
  Time since last request: 0.000027 seconds.
  path: Assets/MainGameAssets/Tiles/Default/tile_0385.png
  artifactKey: Guid(e338301c9112cc0419be68bb2fdd6b3e) Importer(815301076,1909f56bfc062723c751e8b465ee728b)
Start importing Assets/MainGameAssets/Tiles/Default/tile_0385.png using Guid(e338301c9112cc0419be68bb2fdd6b3e) Importer(815301076,1909f56bfc062723c751e8b465ee728b)  -> (artifact id: '5f4f33f27494fcfcf97fbd2828702444') in 0.010682 seconds
Number of updated asset objects reloaded before import = 0
Number of asset objects unloaded after import = 3
========================================================================
Received Import Request.
  Time since last request: 0.000016 seconds.
  path: Assets/MainGameAssets/Tiles/Default/tile_0389.png
  artifactKey: Guid(55d59fdcc631275449f36ce5f075b668) Importer(815301076,1909f56bfc062723c751e8b465ee728b)
Start importing Assets/MainGameAssets/Tiles/Default/tile_0389.png using Guid(55d59fdcc631275449f36ce5f075b668) Importer(815301076,1909f56bfc062723c751e8b465ee728b)  -> (artifact id: 'a2c8da2a834a7b93e0b3bed496743378') in 0.010181 seconds
Number of updated asset objects reloaded before import = 0
Number of asset objects unloaded after import = 3
========================================================================
Received Import Request.
  Time since last request: 0.000020 seconds.
  path: Assets/MainGameAssets/Tiles/Default/tile_0386.png
  artifactKey: Guid(f4789cd3507927b4ca28fc32aaa924cf) Importer(815301076,1909f56bfc062723c751e8b465ee728b)
Start importing Assets/MainGameAssets/Tiles/Default/tile_0386.png using Guid(f4789cd3507927b4ca28fc32aaa924cf) Importer(815301076,1909f56bfc062723c751e8b465ee728b)  -> (artifact id: '6fbf12623c9df3565a113471edc186f5') in 0.008011 seconds
Number of updated asset objects reloaded before import = 0
Number of asset objects unloaded after import = 3
Editor requested this worker to shutdown with reason: Scaling down because of idle timeout
TcpMessagingSession - receive error
AssetImportWorkerClient::OnTransportError - code=2 error=End of file
AssetImportWorker is now disconnected from the server
Process exiting
Exiting without the bug reporter. Application will terminate with return code 0