Using pre-set license
Built from '2022.3/staging' branch; Version is '2022.3.25f1 (530ae0ba3889) revision 5442272'; Using compiler version '192829333'; Build Type 'Release'
OS: 'Windows 11  (10.0.22631) 64bit Core' Language: 'pt' Physical Memory: 32038 MB
BatchMode: 1, IsHumanControllingUs: 0, StartBugReporterOnCrash: 0, Is64bit: 1, IsPro: 1

COMMAND LINE ARGUMENTS:
C:\Program Files\Unity\Hub\Editor\2022.3.25f1\Editor\Unity.exe
-adb2
-batchMode
-noUpm
-name
AssetImportWorker9
-projectPath
C:/Users/rodri/OneDrive - Feels Like Home/Pessoal/Unity/GitHub_Repositorys/KenneyJamRepo/KennyGameJam_v3
-logFile
Logs/AssetImportWorker9.log
-srvPort
55854
Successfully changed project path to: C:/Users/rodri/OneDrive - Feels Like Home/Pessoal/Unity/GitHub_Repositorys/KenneyJamRepo/KennyGameJam_v3
C:/Users/rodri/OneDrive - Feels Like Home/Pessoal/Unity/GitHub_Repositorys/KenneyJamRepo/KennyGameJam_v3
[UnityMemory] Configuration Parameters - Can be set up in boot.config
    "memorysetup-bucket-allocator-granularity=16"
    "memorysetup-bucket-allocator-bucket-count=8"
    "memorysetup-bucket-allocator-block-size=33554432"
    "memorysetup-bucket-allocator-block-count=8"
    "memorysetup-main-allocator-block-size=16777216"
    "memorysetup-thread-allocator-block-size=16777216"
    "memorysetup-gfx-main-allocator-block-size=16777216"
    "memorysetup-gfx-thread-allocator-block-size=16777216"
    "memorysetup-cache-allocator-block-size=4194304"
    "memorysetup-typetree-allocator-block-size=2097152"
    "memorysetup-profiler-bucket-allocator-granularity=16"
    "memorysetup-profiler-bucket-allocator-bucket-count=8"
    "memorysetup-profiler-bucket-allocator-block-size=33554432"
    "memorysetup-profiler-bucket-allocator-block-count=8"
    "memorysetup-profiler-allocator-block-size=16777216"
    "memorysetup-profiler-editor-allocator-block-size=1048576"
    "memorysetup-temp-allocator-size-main=16777216"
    "memorysetup-job-temp-allocator-block-size=2097152"
    "memorysetup-job-temp-allocator-block-size-background=1048576"
    "memorysetup-job-temp-allocator-reduction-small-platforms=262144"
    "memorysetup-allocator-temp-initial-block-size-main=262144"
    "memorysetup-allocator-temp-initial-block-size-worker=262144"
    "memorysetup-temp-allocator-size-background-worker=32768"
    "memorysetup-temp-allocator-size-job-worker=262144"
    "memorysetup-temp-allocator-size-preload-manager=33554432"
    "memorysetup-temp-allocator-size-nav-mesh-worker=65536"
    "memorysetup-temp-allocator-size-audio-worker=65536"
    "memorysetup-temp-allocator-size-cloud-worker=32768"
    "memorysetup-temp-allocator-size-gi-baking-worker=262144"
    "memorysetup-temp-allocator-size-gfx=262144"
Player connection [2124] Host "[IP] 192.168.1.86 [Port] 0 [Flags] 2 [Guid] 4073601503 [EditorId] 4073601503 [Version] 1048832 [Id] WindowsEditor(7,Rodrigo) [Debug] 1 [PackageName] WindowsEditor [ProjectName] Editor" joined multi-casting on [225.0.0.222:54997]...

Player connection [2124] Host "[IP] 192.168.1.86 [Port] 0 [Flags] 2 [Guid] 4073601503 [EditorId] 4073601503 [Version] 1048832 [Id] WindowsEditor(7,Rodrigo) [Debug] 1 [PackageName] WindowsEditor [ProjectName] Editor" joined alternative multi-casting on [225.0.0.222:34997]...

[Physics::Module] Initialized MultithreadedJobDispatcher with 15 workers.
Refreshing native plugins compatible for Editor in 11.57 ms, found 4 plugins.
Preloading 0 native plugins for Editor in 0.00 ms.
Initialize engine version: 2022.3.25f1 (530ae0ba3889)
[Subsystems] Discovering subsystems at path C:/Program Files/Unity/Hub/Editor/2022.3.25f1/Editor/Data/Resources/UnitySubsystems
[Subsystems] Discovering subsystems at path C:/Users/rodri/OneDrive - Feels Like Home/Pessoal/Unity/GitHub_Repositorys/KenneyJamRepo/KennyGameJam_v3/Assets
GfxDevice: creating device client; threaded=0; jobified=0
Direct3D:
    Version:  Direct3D 11.0 [level 11.1]
    Renderer: NVIDIA GeForce RTX 4050 Laptop GPU (ID=0x28a1)
    Vendor:   NVIDIA
    VRAM:     5921 MB
    Driver:   32.0.15.5612
Initialize mono
Mono path[0] = 'C:/Program Files/Unity/Hub/Editor/2022.3.25f1/Editor/Data/Managed'
Mono path[1] = 'C:/Program Files/Unity/Hub/Editor/2022.3.25f1/Editor/Data/MonoBleedingEdge/lib/mono/unityjit-win32'
Mono config path = 'C:/Program Files/Unity/Hub/Editor/2022.3.25f1/Editor/Data/MonoBleedingEdge/etc'
Using monoOptions --debugger-agent=transport=dt_socket,embedding=1,server=y,suspend=n,address=127.0.0.1:56964
Begin MonoManager ReloadAssembly
Registering precompiled unity dll's ...
Register platform support module: C:/Program Files/Unity/Hub/Editor/2022.3.25f1/Editor/Data/PlaybackEngines/AndroidPlayer/UnityEditor.Android.Extensions.dll
Register platform support module: C:/Program Files/Unity/Hub/Editor/2022.3.25f1/Editor/Data/PlaybackEngines/WindowsStandaloneSupport/UnityEditor.WindowsStandalone.Extensions.dll
Registered in 0.007553 seconds.
- Loaded All Assemblies, in  0.298 seconds
Native extension for WindowsStandalone target not found
Native extension for Android target not found
Android Extension - Scanning For ADB Devices 822 ms
Mono: successfully reloaded assembly
- Finished resetting the current domain, in  1.112 seconds
Domain Reload Profiling: 1408ms
	BeginReloadAssembly (84ms)
		ExecutionOrderSort (0ms)
		DisableScriptedObjects (0ms)
		BackupInstance (0ms)
		ReleaseScriptingObjects (0ms)
		CreateAndSetChildDomain (1ms)
	RebuildCommonClasses (24ms)
	RebuildNativeTypeToScriptingClass (8ms)
	initialDomainReloadingComplete (57ms)
	LoadAllAssembliesAndSetupDomain (123ms)
		LoadAssemblies (82ms)
		RebuildTransferFunctionScriptingTraits (0ms)
		AnalyzeDomain (120ms)
			TypeCache.Refresh (119ms)
				TypeCache.ScanAssembly (110ms)
			ScanForSourceGeneratedMonoScriptInfo (0ms)
			ResolveRequiredComponents (0ms)
	FinalizeReload (1112ms)
		ReleaseScriptCaches (0ms)
		RebuildScriptCaches (0ms)
		SetupLoadedEditorAssemblies (1068ms)
			LogAssemblyErrors (0ms)
			InitializePlatformSupportModulesInManaged (922ms)
			SetLoadedEditorAssemblies (3ms)
			RefreshPlugins (0ms)
			BeforeProcessingInitializeOnLoad (2ms)
			ProcessInitializeOnLoadAttributes (100ms)
			ProcessInitializeOnLoadMethodAttributes (41ms)
			AfterProcessingInitializeOnLoad (0ms)
			EditorAssembliesLoaded (0ms)
		ExecutionOrderSort2 (0ms)
		AwakeInstancesAfterBackupRestoration (0ms)
========================================================================
Worker process is ready to serve import requests
Begin MonoManager ReloadAssembly
- Loaded All Assemblies, in  0.619 seconds
Refreshing native plugins compatible for Editor in 5.23 ms, found 4 plugins.
Native extension for WindowsStandalone target not found
Native extension for Android target not found
Package Manager log level set to [2]
[Package Manager] Server::EnsureServerProcessIsRunning -- launch failed, reason: Unity was launched with the -noUpm command-line argument
[Package Manager] UpmClient::Send -- Unable to send message (not connected to UPM process).
[Package Manager] Cannot connect to Unity Package Manager local server
Mono: successfully reloaded assembly
- Finished resetting the current domain, in  0.733 seconds
Domain Reload Profiling: 1347ms
	BeginReloadAssembly (131ms)
		ExecutionOrderSort (0ms)
		DisableScriptedObjects (4ms)
		BackupInstance (0ms)
		ReleaseScriptingObjects (0ms)
		CreateAndSetChildDomain (24ms)
	RebuildCommonClasses (29ms)
	RebuildNativeTypeToScriptingClass (9ms)
	initialDomainReloadingComplete (42ms)
	LoadAllAssembliesAndSetupDomain (404ms)
		LoadAssemblies (300ms)
		RebuildTransferFunctionScriptingTraits (0ms)
		AnalyzeDomain (177ms)
			TypeCache.Refresh (149ms)
				TypeCache.ScanAssembly (131ms)
			ScanForSourceGeneratedMonoScriptInfo (22ms)
			ResolveRequiredComponents (5ms)
	FinalizeReload (733ms)
		ReleaseScriptCaches (0ms)
		RebuildScriptCaches (0ms)
		SetupLoadedEditorAssemblies (585ms)
			LogAssemblyErrors (0ms)
			InitializePlatformSupportModulesInManaged (22ms)
			SetLoadedEditorAssemblies (3ms)
			RefreshPlugins (0ms)
			BeforeProcessingInitializeOnLoad (66ms)
			ProcessInitializeOnLoadAttributes (450ms)
			ProcessInitializeOnLoadMethodAttributes (37ms)
			AfterProcessingInitializeOnLoad (7ms)
			EditorAssembliesLoaded (0ms)
		ExecutionOrderSort2 (0ms)
		AwakeInstancesAfterBackupRestoration (6ms)
Launched and connected shader compiler UnityShaderCompiler.exe after 0.07 seconds
Refreshing native plugins compatible for Editor in 6.56 ms, found 4 plugins.
Preloading 0 native plugins for Editor in 0.00 ms.
Unloading 4050 Unused Serialized files (Serialized files now loaded: 0)
Unloading 70 unused Assets / (245.2 KB). Loaded Objects now: 4510.
Memory consumption went from 153.5 MB to 153.2 MB.
Total: 5.271000 ms (FindLiveObjects: 0.387100 ms CreateObjectMapping: 0.207600 ms MarkObjects: 4.435200 ms  DeleteObjects: 0.240000 ms)

AssetImportParameters requested are different than current active one (requested -> active):
  custom:container-demuxer-ogg: 62fdf1f143b41e24485cea50d1cbac27 -> 
  custom:video-codec-MediaFoundation-h265: 746d11721c4dcdbdad8f713fa42b33f4 -> 
  custom:video-decoder-ogg-theora: a1e56fd34408186e4bbccfd4996cb3dc -> 
  custom:framework-win-MediaFoundation: 216162199b28c13a410421893ffa2e32 -> 
  custom:CustomObjectIndexerAttribute: 9a22284fe3817be447336de3de66b15e -> 
  custom:container-demuxer-webm: 4f35f7cbe854078d1ac9338744f61a02 -> 
  custom:container-muxer-webm: aa71ff27fc2769a1b78a27578f13a17b -> 
  custom:video-decoder-webm-vp8: 9c59270c3fd7afecdb556c50c9e8de78 -> 
  custom:SearchIndexIgnoredProperties: e643bd26f0fe6173181afceb89e7c659 -> 
  custom:AudioImporter_EditorPlatform: d09bf68614088b80899f8185d706f6e7 -> 
  custom:video-encoder-webm-vp8: eb34c28f22e8b96e1ab97ce403110664 -> 
  custom:audio-decoder-ogg-vorbis: bf7c407c2cedff20999df2af8eb42d56 -> 
  custom:scripting/monoscript/fileName/PlayerMovement.cs: 5c1499cfc43e291157e191fb54bb34f9 -> 42480eed24e61f9d7e7e895933644f96
  custom:audio-encoder-webm-vorbis: bf7c407c2cedff20999df2af8eb42d56 -> 
========================================================================
Received Import Request.
  Time since last request: 90440.599053 seconds.
  path: Assets/MainGameAssets/Tiles/Default/tile_0297.png
  artifactKey: Guid(a47fbba0b388308499a304bfba2c7805) Importer(815301076,1909f56bfc062723c751e8b465ee728b)
Start importing Assets/MainGameAssets/Tiles/Default/tile_0297.png using Guid(a47fbba0b388308499a304bfba2c7805) Importer(815301076,1909f56bfc062723c751e8b465ee728b)  -> (artifact id: '94d0ad3fe87723b2c0e7d65c175a8811') in 0.075652 seconds
Number of updated asset objects reloaded before import = 0
Number of asset objects unloaded after import = 3
========================================================================
Received Import Request.
  Time since last request: 0.000018 seconds.
  path: Assets/MainGameAssets/Tiles/Default/tile_0361.png
  artifactKey: Guid(db02d6d03a8d23348b4077438af2d993) Importer(815301076,1909f56bfc062723c751e8b465ee728b)
Start importing Assets/MainGameAssets/Tiles/Default/tile_0361.png using Guid(db02d6d03a8d23348b4077438af2d993) Importer(815301076,1909f56bfc062723c751e8b465ee728b)  -> (artifact id: '8150800371743f254e7ab0864afd19ec') in 0.014073 seconds
Number of updated asset objects reloaded before import = 0
Number of asset objects unloaded after import = 3
========================================================================
Received Import Request.
  Time since last request: 0.000020 seconds.
  path: Assets/MainGameAssets/Tiles/Default/tile_0308.png
  artifactKey: Guid(154a266b5aa145c4790513af83017ff0) Importer(815301076,1909f56bfc062723c751e8b465ee728b)
Start importing Assets/MainGameAssets/Tiles/Default/tile_0308.png using Guid(154a266b5aa145c4790513af83017ff0) Importer(815301076,1909f56bfc062723c751e8b465ee728b)  -> (artifact id: 'c5239e16abede9e83cff0b148e81b538') in 0.007596 seconds
Number of updated asset objects reloaded before import = 0
Number of asset objects unloaded after import = 3
========================================================================
Received Import Request.
  Time since last request: 0.000027 seconds.
  path: Assets/MainGameAssets/Tiles/Default/tile_0300.png
  artifactKey: Guid(533eaf031b9cf954d9cf1ee0a97a8c95) Importer(815301076,1909f56bfc062723c751e8b465ee728b)
Start importing Assets/MainGameAssets/Tiles/Default/tile_0300.png using Guid(533eaf031b9cf954d9cf1ee0a97a8c95) Importer(815301076,1909f56bfc062723c751e8b465ee728b)  -> (artifact id: 'f0b452ba07bd5f7606dc074555d2c329') in 0.009298 seconds
Number of updated asset objects reloaded before import = 0
Number of asset objects unloaded after import = 3
========================================================================
Received Import Request.
  Time since last request: 0.000016 seconds.
  path: Assets/MainGameAssets/Tiles/Default/tile_0395.png
  artifactKey: Guid(65b8c3f8f311ba44e97c9e708993d425) Importer(815301076,1909f56bfc062723c751e8b465ee728b)
Start importing Assets/MainGameAssets/Tiles/Default/tile_0395.png using Guid(65b8c3f8f311ba44e97c9e708993d425) Importer(815301076,1909f56bfc062723c751e8b465ee728b)  -> (artifact id: 'a16ba28b3aae65a146a70d5a6b0799e7') in 0.011455 seconds
Number of updated asset objects reloaded before import = 0
Number of asset objects unloaded after import = 3
========================================================================
Received Import Request.
  Time since last request: 0.000017 seconds.
  path: Assets/MainGameAssets/Tiles/Default/tile_0372.png
  artifactKey: Guid(6428deead53fa714f88f481aa76f4fcd) Importer(815301076,1909f56bfc062723c751e8b465ee728b)
Start importing Assets/MainGameAssets/Tiles/Default/tile_0372.png using Guid(6428deead53fa714f88f481aa76f4fcd) Importer(815301076,1909f56bfc062723c751e8b465ee728b)  -> (artifact id: '159ab2a76f2c77d24eb44bb5a2897b0a') in 0.011375 seconds
Number of updated asset objects reloaded before import = 0
Number of asset objects unloaded after import = 3
========================================================================
Received Import Request.
  Time since last request: 0.000018 seconds.
  path: Assets/MainGameAssets/Tiles/Default/tile_0354.png
  artifactKey: Guid(47f7d39f1c1635f46a19ec93db57cfda) Importer(815301076,1909f56bfc062723c751e8b465ee728b)
Start importing Assets/MainGameAssets/Tiles/Default/tile_0354.png using Guid(47f7d39f1c1635f46a19ec93db57cfda) Importer(815301076,1909f56bfc062723c751e8b465ee728b)  -> (artifact id: 'ad7cf41878345f01e72e490761c8c60a') in 0.009510 seconds
Number of updated asset objects reloaded before import = 0
Number of asset objects unloaded after import = 3
========================================================================
Received Import Request.
  Time since last request: 0.000043 seconds.
  path: Assets/MainGameAssets/Tiles/Default/tile_0386.png
  artifactKey: Guid(f4789cd3507927b4ca28fc32aaa924cf) Importer(815301076,1909f56bfc062723c751e8b465ee728b)
Start importing Assets/MainGameAssets/Tiles/Default/tile_0386.png using Guid(f4789cd3507927b4ca28fc32aaa924cf) Importer(815301076,1909f56bfc062723c751e8b465ee728b)  -> (artifact id: 'a857a1a2383780633e3ad412837deb26') in 0.012791 seconds
Number of updated asset objects reloaded before import = 0
Number of asset objects unloaded after import = 3
========================================================================
Received Import Request.
  Time since last request: 0.000015 seconds.
  path: Assets/MainGameAssets/Tiles/Default/tile_0306.png
  artifactKey: Guid(10f9c9bec60d5f74e90d1c4f0d048c72) Importer(815301076,1909f56bfc062723c751e8b465ee728b)
Start importing Assets/MainGameAssets/Tiles/Default/tile_0306.png using Guid(10f9c9bec60d5f74e90d1c4f0d048c72) Importer(815301076,1909f56bfc062723c751e8b465ee728b)  -> (artifact id: '6168bcf559f3f57bef30d446561f94ad') in 0.011328 seconds
Number of updated asset objects reloaded before import = 0
Number of asset objects unloaded after import = 3
========================================================================
Received Import Request.
  Time since last request: 0.000016 seconds.
  path: Assets/MainGameAssets/Tiles/Default/tile_0393.png
  artifactKey: Guid(3ce85197013ad5a40b5dbc549c54214b) Importer(815301076,1909f56bfc062723c751e8b465ee728b)
Start importing Assets/MainGameAssets/Tiles/Default/tile_0393.png using Guid(3ce85197013ad5a40b5dbc549c54214b) Importer(815301076,1909f56bfc062723c751e8b465ee728b)  -> (artifact id: '8cd01c9fced316ef88230fb2ebd2eb1c') in 0.010857 seconds
Number of updated asset objects reloaded before import = 0
Number of asset objects unloaded after import = 3
========================================================================
Received Import Request.
  Time since last request: 0.000037 seconds.
  path: Assets/MainGameAssets/Tiles/Default/tile_0307.png
  artifactKey: Guid(ddb1e572089228f4cbb613bad856fbd1) Importer(815301076,1909f56bfc062723c751e8b465ee728b)
Start importing Assets/MainGameAssets/Tiles/Default/tile_0307.png using Guid(ddb1e572089228f4cbb613bad856fbd1) Importer(815301076,1909f56bfc062723c751e8b465ee728b)  -> (artifact id: 'd7cbe449c5242cf345cdb126d8c54086') in 0.011721 seconds
Number of updated asset objects reloaded before import = 0
Number of asset objects unloaded after import = 3
========================================================================
Received Import Request.
  Time since last request: 0.000016 seconds.
  path: Assets/MainGameAssets/Tiles/Default/tile_0398.png
  artifactKey: Guid(9e6fd575103f80f408bfc436983904d5) Importer(815301076,1909f56bfc062723c751e8b465ee728b)
Start importing Assets/MainGameAssets/Tiles/Default/tile_0398.png using Guid(9e6fd575103f80f408bfc436983904d5) Importer(815301076,1909f56bfc062723c751e8b465ee728b)  -> (artifact id: 'e52a1247f9beee2bf18c05355266c25b') in 0.009227 seconds
Number of updated asset objects reloaded before import = 0
Number of asset objects unloaded after import = 3
========================================================================
Received Import Request.
  Time since last request: 0.000017 seconds.
  path: Assets/MainGameAssets/Tiles/Default/tile_0376.png
  artifactKey: Guid(e55bb0180f6688240b2bd6f1e4ef1d2a) Importer(815301076,1909f56bfc062723c751e8b465ee728b)
Start importing Assets/MainGameAssets/Tiles/Default/tile_0376.png using Guid(e55bb0180f6688240b2bd6f1e4ef1d2a) Importer(815301076,1909f56bfc062723c751e8b465ee728b)  -> (artifact id: 'ff30c8285456af82c86aef216f9c5ed5') in 0.009763 seconds
Number of updated asset objects reloaded before import = 0
Number of asset objects unloaded after import = 3
========================================================================
Received Import Request.
  Time since last request: 0.000020 seconds.
  path: Assets/MainGameAssets/Tiles/Default/tile_0375.png
  artifactKey: Guid(e2528f64e7e42e74b96acdc15ed0024f) Importer(815301076,1909f56bfc062723c751e8b465ee728b)
Start importing Assets/MainGameAssets/Tiles/Default/tile_0375.png using Guid(e2528f64e7e42e74b96acdc15ed0024f) Importer(815301076,1909f56bfc062723c751e8b465ee728b)  -> (artifact id: '79803efa2247f9cfb4153735eab3b191') in 0.006654 seconds
Number of updated asset objects reloaded before import = 0
Number of asset objects unloaded after import = 3
========================================================================
Received Import Request.
  Time since last request: 0.000038 seconds.
  path: Assets/MainGameAssets/Tiles/Default/tile_0319.png
  artifactKey: Guid(4a75e70fcfb672142ac98820aa9731c5) Importer(815301076,1909f56bfc062723c751e8b465ee728b)
Start importing Assets/MainGameAssets/Tiles/Default/tile_0319.png using Guid(4a75e70fcfb672142ac98820aa9731c5) Importer(815301076,1909f56bfc062723c751e8b465ee728b)  -> (artifact id: '12ecc70da7f181f0e4b3ecd1179a5c4f') in 0.007680 seconds
Number of updated asset objects reloaded before import = 0
Number of asset objects unloaded after import = 3
========================================================================
Received Import Request.
  Time since last request: 0.000018 seconds.
  path: Assets/MainGameAssets/Tiles/Default/tile_0389.png
  artifactKey: Guid(55d59fdcc631275449f36ce5f075b668) Importer(815301076,1909f56bfc062723c751e8b465ee728b)
Start importing Assets/MainGameAssets/Tiles/Default/tile_0389.png using Guid(55d59fdcc631275449f36ce5f075b668) Importer(815301076,1909f56bfc062723c751e8b465ee728b)  -> (artifact id: '6c5645220564f2f7a8d9b366168b634d') in 0.008282 seconds
Number of updated asset objects reloaded before import = 0
Number of asset objects unloaded after import = 3
========================================================================
Received Import Request.
  Time since last request: 0.000014 seconds.
  path: Assets/MainGameAssets/Tiles/Default/tile_0350.png
  artifactKey: Guid(2c1b2a110d5a4084f9236a28295f66e4) Importer(815301076,1909f56bfc062723c751e8b465ee728b)
Start importing Assets/MainGameAssets/Tiles/Default/tile_0350.png using Guid(2c1b2a110d5a4084f9236a28295f66e4) Importer(815301076,1909f56bfc062723c751e8b465ee728b)  -> (artifact id: '30c2dd3ea8de7f52fa6e55274b548d94') in 0.010219 seconds
Number of updated asset objects reloaded before import = 0
Number of asset objects unloaded after import = 3
========================================================================
Received Import Request.
  Time since last request: 0.000014 seconds.
  path: Assets/MainGameAssets/Tiles/Default/tile_0309.png
  artifactKey: Guid(83b2d24c86f3a8546886dac89672967e) Importer(815301076,1909f56bfc062723c751e8b465ee728b)
Start importing Assets/MainGameAssets/Tiles/Default/tile_0309.png using Guid(83b2d24c86f3a8546886dac89672967e) Importer(815301076,1909f56bfc062723c751e8b465ee728b)  -> (artifact id: 'f61f10ab5c2011f6e205824fbcc780f2') in 0.008456 seconds
Number of updated asset objects reloaded before import = 0
Number of asset objects unloaded after import = 3
========================================================================
Received Import Request.
  Time since last request: 0.000016 seconds.
  path: Assets/MainGameAssets/Tiles/Default/tile_0365.png
  artifactKey: Guid(a8874c9b78c805c46bb9940f0c6152a1) Importer(815301076,1909f56bfc062723c751e8b465ee728b)
Start importing Assets/MainGameAssets/Tiles/Default/tile_0365.png using Guid(a8874c9b78c805c46bb9940f0c6152a1) Importer(815301076,1909f56bfc062723c751e8b465ee728b)  -> (artifact id: '8cfe1b100fbbe4ab554dcdb74cf5ac4d') in 0.007665 seconds
Number of updated asset objects reloaded before import = 0
Number of asset objects unloaded after import = 3
========================================================================
Received Import Request.
  Time since last request: 0.000017 seconds.
  path: Assets/MainGameAssets/Tiles/Default/tile_0339.png
  artifactKey: Guid(c1bb5c50a8f506a4cab98a98404f188b) Importer(815301076,1909f56bfc062723c751e8b465ee728b)
Start importing Assets/MainGameAssets/Tiles/Default/tile_0339.png using Guid(c1bb5c50a8f506a4cab98a98404f188b) Importer(815301076,1909f56bfc062723c751e8b465ee728b)  -> (artifact id: 'd67a5b757264ed42505cb09c14199cf0') in 0.007273 seconds
Number of updated asset objects reloaded before import = 0
Number of asset objects unloaded after import = 3
========================================================================
Received Import Request.
  Time since last request: 0.000015 seconds.
  path: Assets/MainGameAssets/Tiles/Default/tile_0381.png
  artifactKey: Guid(972dcf4d0e6d5944ea2ced170934026b) Importer(815301076,1909f56bfc062723c751e8b465ee728b)
Start importing Assets/MainGameAssets/Tiles/Default/tile_0381.png using Guid(972dcf4d0e6d5944ea2ced170934026b) Importer(815301076,1909f56bfc062723c751e8b465ee728b)  -> (artifact id: '48198b49683cd45d27d5ef1858b2ec52') in 0.008348 seconds
Number of updated asset objects reloaded before import = 0
Number of asset objects unloaded after import = 3
========================================================================
Received Import Request.
  Time since last request: 0.000023 seconds.
  path: Assets/MainGameAssets/Tiles/Default/tile_0363.png
  artifactKey: Guid(48d91ba8345a43d4fbe03960165276a8) Importer(815301076,1909f56bfc062723c751e8b465ee728b)
Start importing Assets/MainGameAssets/Tiles/Default/tile_0363.png using Guid(48d91ba8345a43d4fbe03960165276a8) Importer(815301076,1909f56bfc062723c751e8b465ee728b)  -> (artifact id: '923f2af3431a1ffaad8b6f492eb5909f') in 0.007351 seconds
Number of updated asset objects reloaded before import = 0
Number of asset objects unloaded after import = 3
========================================================================
Received Import Request.
  Time since last request: 0.000018 seconds.
  path: Assets/MainGameAssets/Tiles/Default/tile_0330.png
  artifactKey: Guid(7614a8715dd2164469e0361099f9c939) Importer(815301076,1909f56bfc062723c751e8b465ee728b)
Start importing Assets/MainGameAssets/Tiles/Default/tile_0330.png using Guid(7614a8715dd2164469e0361099f9c939) Importer(815301076,1909f56bfc062723c751e8b465ee728b)  -> (artifact id: 'feed206b51d356105015fccb90609b70') in 0.008181 seconds
Number of updated asset objects reloaded before import = 0
Number of asset objects unloaded after import = 3
========================================================================
Received Import Request.
  Time since last request: 0.000013 seconds.
  path: Assets/MainGameAssets/Tiles/Default/tile_0329.png
  artifactKey: Guid(0e807f416b284eb4f9613303f70fc69f) Importer(815301076,1909f56bfc062723c751e8b465ee728b)
Start importing Assets/MainGameAssets/Tiles/Default/tile_0329.png using Guid(0e807f416b284eb4f9613303f70fc69f) Importer(815301076,1909f56bfc062723c751e8b465ee728b)  -> (artifact id: '9ef34f8b79ef0de032c34a44b74e5185') in 0.010920 seconds
Number of updated asset objects reloaded before import = 0
Number of asset objects unloaded after import = 3
========================================================================
Received Import Request.
  Time since last request: 0.000016 seconds.
  path: Assets/MainGameAssets/Tiles/Default/tile_0370.png
  artifactKey: Guid(964e691e6660d9348aebe97d0284eb4f) Importer(815301076,1909f56bfc062723c751e8b465ee728b)
Start importing Assets/MainGameAssets/Tiles/Default/tile_0370.png using Guid(964e691e6660d9348aebe97d0284eb4f) Importer(815301076,1909f56bfc062723c751e8b465ee728b)  -> (artifact id: 'e75175634561ef6fdf92e62f55e6d344') in 0.006206 seconds
Number of updated asset objects reloaded before import = 0
Number of asset objects unloaded after import = 3
