Using pre-set license
Built from '2022.3/staging' branch; Version is '2022.3.25f1 (530ae0ba3889) revision 5442272'; Using compiler version '192829333'; Build Type 'Release'
OS: 'Windows 11  (10.0.22631) 64bit Core' Language: 'pt' Physical Memory: 32038 MB
BatchMode: 1, IsHumanControllingUs: 0, StartBugReporterOnCrash: 0, Is64bit: 1, IsPro: 1

COMMAND LINE ARGUMENTS:
C:\Program Files\Unity\Hub\Editor\2022.3.25f1\Editor\Unity.exe
-adb2
-batchMode
-noUpm
-name
AssetImportWorker4
-projectPath
C:/Users/rodri/OneDrive - Feels Like Home/Pessoal/Unity/GitHub_Repositorys/KenneyJamRepo/KennyGameJam_v3
-logFile
Logs/AssetImportWorker4.log
-srvPort
51926
Successfully changed project path to: C:/Users/rodri/OneDrive - Feels Like Home/Pessoal/Unity/GitHub_Repositorys/KenneyJamRepo/KennyGameJam_v3
C:/Users/rodri/OneDrive - Feels Like Home/Pessoal/Unity/GitHub_Repositorys/KenneyJamRepo/KennyGameJam_v3
[UnityMemory] Configuration Parameters - Can be set up in boot.config
    "memorysetup-bucket-allocator-granularity=16"
    "memorysetup-bucket-allocator-bucket-count=8"
    "memorysetup-bucket-allocator-block-size=33554432"
    "memorysetup-bucket-allocator-block-count=8"
    "memorysetup-main-allocator-block-size=16777216"
    "memorysetup-thread-allocator-block-size=16777216"
    "memorysetup-gfx-main-allocator-block-size=16777216"
    "memorysetup-gfx-thread-allocator-block-size=16777216"
    "memorysetup-cache-allocator-block-size=4194304"
    "memorysetup-typetree-allocator-block-size=2097152"
    "memorysetup-profiler-bucket-allocator-granularity=16"
    "memorysetup-profiler-bucket-allocator-bucket-count=8"
    "memorysetup-profiler-bucket-allocator-block-size=33554432"
    "memorysetup-profiler-bucket-allocator-block-count=8"
    "memorysetup-profiler-allocator-block-size=16777216"
    "memorysetup-profiler-editor-allocator-block-size=1048576"
    "memorysetup-temp-allocator-size-main=16777216"
    "memorysetup-job-temp-allocator-block-size=2097152"
    "memorysetup-job-temp-allocator-block-size-background=1048576"
    "memorysetup-job-temp-allocator-reduction-small-platforms=262144"
    "memorysetup-allocator-temp-initial-block-size-main=262144"
    "memorysetup-allocator-temp-initial-block-size-worker=262144"
    "memorysetup-temp-allocator-size-background-worker=32768"
    "memorysetup-temp-allocator-size-job-worker=262144"
    "memorysetup-temp-allocator-size-preload-manager=33554432"
    "memorysetup-temp-allocator-size-nav-mesh-worker=65536"
    "memorysetup-temp-allocator-size-audio-worker=65536"
    "memorysetup-temp-allocator-size-cloud-worker=32768"
    "memorysetup-temp-allocator-size-gi-baking-worker=262144"
    "memorysetup-temp-allocator-size-gfx=262144"
Player connection [22592] Host "[IP] 192.168.1.210 [Port] 0 [Flags] 2 [Guid] 43836515 [EditorId] 43836515 [Version] 1048832 [Id] WindowsEditor(7,Rodrigo) [Debug] 1 [PackageName] WindowsEditor [ProjectName] Editor" joined multi-casting on [225.0.0.222:54997]...

Player connection [22592] Host "[IP] 192.168.1.210 [Port] 0 [Flags] 2 [Guid] 43836515 [EditorId] 43836515 [Version] 1048832 [Id] WindowsEditor(7,Rodrigo) [Debug] 1 [PackageName] WindowsEditor [ProjectName] Editor" joined alternative multi-casting on [225.0.0.222:34997]...

[Physics::Module] Initialized MultithreadedJobDispatcher with 15 workers.
Refreshing native plugins compatible for Editor in 11.99 ms, found 4 plugins.
Preloading 0 native plugins for Editor in 0.00 ms.
Initialize engine version: 2022.3.25f1 (530ae0ba3889)
[Subsystems] Discovering subsystems at path C:/Program Files/Unity/Hub/Editor/2022.3.25f1/Editor/Data/Resources/UnitySubsystems
[Subsystems] Discovering subsystems at path C:/Users/rodri/OneDrive - Feels Like Home/Pessoal/Unity/GitHub_Repositorys/KenneyJamRepo/KennyGameJam_v3/Assets
GfxDevice: creating device client; threaded=0; jobified=0
Direct3D:
    Version:  Direct3D 11.0 [level 11.1]
    Renderer: NVIDIA GeForce RTX 4050 Laptop GPU (ID=0x28a1)
    Vendor:   NVIDIA
    VRAM:     5921 MB
    Driver:   32.0.15.5612
Initialize mono
Mono path[0] = 'C:/Program Files/Unity/Hub/Editor/2022.3.25f1/Editor/Data/Managed'
Mono path[1] = 'C:/Program Files/Unity/Hub/Editor/2022.3.25f1/Editor/Data/MonoBleedingEdge/lib/mono/unityjit-win32'
Mono config path = 'C:/Program Files/Unity/Hub/Editor/2022.3.25f1/Editor/Data/MonoBleedingEdge/etc'
Using monoOptions --debugger-agent=transport=dt_socket,embedding=1,server=y,suspend=n,address=127.0.0.1:56640
Begin MonoManager ReloadAssembly
Registering precompiled unity dll's ...
Register platform support module: C:/Program Files/Unity/Hub/Editor/2022.3.25f1/Editor/Data/PlaybackEngines/AndroidPlayer/UnityEditor.Android.Extensions.dll
Register platform support module: C:/Program Files/Unity/Hub/Editor/2022.3.25f1/Editor/Data/PlaybackEngines/WindowsStandaloneSupport/UnityEditor.WindowsStandalone.Extensions.dll
Registered in 0.007475 seconds.
- Loaded All Assemblies, in  0.367 seconds
Native extension for WindowsStandalone target not found
Native extension for Android target not found
Android Extension - Scanning For ADB Devices 365 ms
Mono: successfully reloaded assembly
- Finished resetting the current domain, in  0.627 seconds
Domain Reload Profiling: 992ms
	BeginReloadAssembly (113ms)
		ExecutionOrderSort (0ms)
		DisableScriptedObjects (0ms)
		BackupInstance (0ms)
		ReleaseScriptingObjects (0ms)
		CreateAndSetChildDomain (1ms)
	RebuildCommonClasses (38ms)
	RebuildNativeTypeToScriptingClass (9ms)
	initialDomainReloadingComplete (53ms)
	LoadAllAssembliesAndSetupDomain (152ms)
		LoadAssemblies (113ms)
		RebuildTransferFunctionScriptingTraits (0ms)
		AnalyzeDomain (148ms)
			TypeCache.Refresh (147ms)
				TypeCache.ScanAssembly (130ms)
			ScanForSourceGeneratedMonoScriptInfo (0ms)
			ResolveRequiredComponents (0ms)
	FinalizeReload (627ms)
		ReleaseScriptCaches (0ms)
		RebuildScriptCaches (0ms)
		SetupLoadedEditorAssemblies (586ms)
			LogAssemblyErrors (0ms)
			InitializePlatformSupportModulesInManaged (458ms)
			SetLoadedEditorAssemblies (3ms)
			RefreshPlugins (0ms)
			BeforeProcessingInitializeOnLoad (2ms)
			ProcessInitializeOnLoadAttributes (88ms)
			ProcessInitializeOnLoadMethodAttributes (35ms)
			AfterProcessingInitializeOnLoad (0ms)
			EditorAssembliesLoaded (0ms)
		ExecutionOrderSort2 (0ms)
		AwakeInstancesAfterBackupRestoration (0ms)
========================================================================
Worker process is ready to serve import requests
Begin MonoManager ReloadAssembly
- Loaded All Assemblies, in  0.684 seconds
Refreshing native plugins compatible for Editor in 5.13 ms, found 4 plugins.
Native extension for WindowsStandalone target not found
Native extension for Android target not found
Package Manager log level set to [2]
[Package Manager] Server::EnsureServerProcessIsRunning -- launch failed, reason: Unity was launched with the -noUpm command-line argument
[Package Manager] UpmClient::Send -- Unable to send message (not connected to UPM process).
[Package Manager] Cannot connect to Unity Package Manager local server
Mono: successfully reloaded assembly
- Finished resetting the current domain, in  0.599 seconds
Domain Reload Profiling: 1280ms
	BeginReloadAssembly (117ms)
		ExecutionOrderSort (0ms)
		DisableScriptedObjects (3ms)
		BackupInstance (0ms)
		ReleaseScriptingObjects (0ms)
		CreateAndSetChildDomain (18ms)
	RebuildCommonClasses (23ms)
	RebuildNativeTypeToScriptingClass (7ms)
	initialDomainReloadingComplete (33ms)
	LoadAllAssembliesAndSetupDomain (501ms)
		LoadAssemblies (399ms)
		RebuildTransferFunctionScriptingTraits (0ms)
		AnalyzeDomain (168ms)
			TypeCache.Refresh (146ms)
				TypeCache.ScanAssembly (124ms)
			ScanForSourceGeneratedMonoScriptInfo (18ms)
			ResolveRequiredComponents (3ms)
	FinalizeReload (599ms)
		ReleaseScriptCaches (0ms)
		RebuildScriptCaches (0ms)
		SetupLoadedEditorAssemblies (482ms)
			LogAssemblyErrors (0ms)
			InitializePlatformSupportModulesInManaged (25ms)
			SetLoadedEditorAssemblies (4ms)
			RefreshPlugins (0ms)
			BeforeProcessingInitializeOnLoad (56ms)
			ProcessInitializeOnLoadAttributes (359ms)
			ProcessInitializeOnLoadMethodAttributes (31ms)
			AfterProcessingInitializeOnLoad (7ms)
			EditorAssembliesLoaded (0ms)
		ExecutionOrderSort2 (0ms)
		AwakeInstancesAfterBackupRestoration (6ms)
Launched and connected shader compiler UnityShaderCompiler.exe after 0.10 seconds
Refreshing native plugins compatible for Editor in 8.11 ms, found 4 plugins.
Preloading 0 native plugins for Editor in 0.00 ms.
Unloading 4054 Unused Serialized files (Serialized files now loaded: 0)
Unloading 70 unused Assets / (244.9 KB). Loaded Objects now: 4514.
Memory consumption went from 153.6 MB to 153.4 MB.
Total: 3.741700 ms (FindLiveObjects: 0.298900 ms CreateObjectMapping: 0.135900 ms MarkObjects: 3.103400 ms  DeleteObjects: 0.202900 ms)

AssetImportParameters requested are different than current active one (requested -> active):
  custom:container-demuxer-ogg: 62fdf1f143b41e24485cea50d1cbac27 -> 
  custom:video-codec-MediaFoundation-h265: 746d11721c4dcdbdad8f713fa42b33f4 -> 
  custom:video-decoder-ogg-theora: a1e56fd34408186e4bbccfd4996cb3dc -> 
  custom:framework-win-MediaFoundation: 216162199b28c13a410421893ffa2e32 -> 
  custom:CustomObjectIndexerAttribute: 9a22284fe3817be447336de3de66b15e -> 
  custom:container-demuxer-webm: 4f35f7cbe854078d1ac9338744f61a02 -> 
  custom:container-muxer-webm: aa71ff27fc2769a1b78a27578f13a17b -> 
  custom:video-decoder-webm-vp8: 9c59270c3fd7afecdb556c50c9e8de78 -> 
  custom:SearchIndexIgnoredProperties: e643bd26f0fe6173181afceb89e7c659 -> 
  custom:AudioImporter_EditorPlatform: d09bf68614088b80899f8185d706f6e7 -> 
  custom:video-encoder-webm-vp8: eb34c28f22e8b96e1ab97ce403110664 -> 
  custom:audio-decoder-ogg-vorbis: bf7c407c2cedff20999df2af8eb42d56 -> 
  custom:audio-encoder-webm-vorbis: bf7c407c2cedff20999df2af8eb42d56 -> 
========================================================================
Received Import Request.
  Time since last request: 154171.233999 seconds.
  path: Assets/MainGameAssets/Tiles/Transparent/tile_0379.png
  artifactKey: Guid(0f9a4c53d9803ff4c86112cf6c684a70) Importer(815301076,1909f56bfc062723c751e8b465ee728b)
Start importing Assets/MainGameAssets/Tiles/Transparent/tile_0379.png using Guid(0f9a4c53d9803ff4c86112cf6c684a70) Importer(815301076,1909f56bfc062723c751e8b465ee728b)  -> (artifact id: '790c5cfd20b818e5b23dfeb0ad2df3bb') in 0.124227 seconds
Number of updated asset objects reloaded before import = 0
Number of asset objects unloaded after import = 3
========================================================================
Received Import Request.
  Time since last request: 0.000051 seconds.
  path: Assets/MainGameAssets/Tiles/Transparent/tile_0395.png
  artifactKey: Guid(c96cca545aa026348b80730dc06898d2) Importer(815301076,1909f56bfc062723c751e8b465ee728b)
Start importing Assets/MainGameAssets/Tiles/Transparent/tile_0395.png using Guid(c96cca545aa026348b80730dc06898d2) Importer(815301076,1909f56bfc062723c751e8b465ee728b)  -> (artifact id: '07fb304061f06434d2edda94f5b005c2') in 0.013113 seconds
Number of updated asset objects reloaded before import = 0
Number of asset objects unloaded after import = 3
========================================================================
Received Import Request.
  Time since last request: 0.000028 seconds.
  path: Assets/MainGameAssets/Tiles/Transparent/tile_0388.png
  artifactKey: Guid(92666b5f3a971704a89225848a11cfb1) Importer(815301076,1909f56bfc062723c751e8b465ee728b)
Start importing Assets/MainGameAssets/Tiles/Transparent/tile_0388.png using Guid(92666b5f3a971704a89225848a11cfb1) Importer(815301076,1909f56bfc062723c751e8b465ee728b)  -> (artifact id: '06d809489393a919d61d35ef149baa7b') in 0.014837 seconds
Number of updated asset objects reloaded before import = 0
Number of asset objects unloaded after import = 3
========================================================================
Received Import Request.
  Time since last request: 0.000017 seconds.
  path: Assets/MainGameAssets/Tiles/Transparent/tile_0393.png
  artifactKey: Guid(e94bcdfa92a8e7949aaf70d7ba91635d) Importer(815301076,1909f56bfc062723c751e8b465ee728b)
Start importing Assets/MainGameAssets/Tiles/Transparent/tile_0393.png using Guid(e94bcdfa92a8e7949aaf70d7ba91635d) Importer(815301076,1909f56bfc062723c751e8b465ee728b)  -> (artifact id: '4274edd57703a7403da9b5a864fc786a') in 0.010872 seconds
Number of updated asset objects reloaded before import = 0
Number of asset objects unloaded after import = 3
========================================================================
Received Import Request.
  Time since last request: 26.108732 seconds.
  path: Assets/MainGameAssets/Tiles/Default/tile_0000.png
  artifactKey: Guid(b570c54434c0c08419df95a9f39d0688) Importer(815301076,1909f56bfc062723c751e8b465ee728b)
Start importing Assets/MainGameAssets/Tiles/Default/tile_0000.png using Guid(b570c54434c0c08419df95a9f39d0688) Importer(815301076,1909f56bfc062723c751e8b465ee728b)  -> (artifact id: 'eed3e6144e121a4d7f2f41ff9520eecb') in 0.012797 seconds
Number of updated asset objects reloaded before import = 0
Number of asset objects unloaded after import = 3
========================================================================
Received Import Request.
  Time since last request: 0.000016 seconds.
  path: Assets/MainGameAssets/Tiles/Default/tile_0007.png
  artifactKey: Guid(89e7efac9bf4292469e8ed8aa2f5baab) Importer(815301076,1909f56bfc062723c751e8b465ee728b)
Start importing Assets/MainGameAssets/Tiles/Default/tile_0007.png using Guid(89e7efac9bf4292469e8ed8aa2f5baab) Importer(815301076,1909f56bfc062723c751e8b465ee728b)  -> (artifact id: '57ab52ab0e02d253dfac508ff114a993') in 0.013702 seconds
Number of updated asset objects reloaded before import = 0
Number of asset objects unloaded after import = 3
========================================================================
Received Import Request.
  Time since last request: 0.000029 seconds.
  path: Assets/MainGameAssets/Tiles/Default/tile_0024.png
  artifactKey: Guid(753482ff4340a4949a643abd91da4501) Importer(815301076,1909f56bfc062723c751e8b465ee728b)
Start importing Assets/MainGameAssets/Tiles/Default/tile_0024.png using Guid(753482ff4340a4949a643abd91da4501) Importer(815301076,1909f56bfc062723c751e8b465ee728b)  -> (artifact id: '7837786a9619df50953f782f746dbeff') in 0.010507 seconds
Number of updated asset objects reloaded before import = 0
Number of asset objects unloaded after import = 3
========================================================================
Received Import Request.
  Time since last request: 0.000020 seconds.
  path: Assets/MainGameAssets/Tiles/Default/tile_0035.png
  artifactKey: Guid(949bc8ef2204f254f91e45b6cababd1a) Importer(815301076,1909f56bfc062723c751e8b465ee728b)
Start importing Assets/MainGameAssets/Tiles/Default/tile_0035.png using Guid(949bc8ef2204f254f91e45b6cababd1a) Importer(815301076,1909f56bfc062723c751e8b465ee728b)  -> (artifact id: '033d63e6589ebbc4a6bf09c806409583') in 0.010293 seconds
Number of updated asset objects reloaded before import = 0
Number of asset objects unloaded after import = 3
========================================================================
Received Import Request.
  Time since last request: 0.000017 seconds.
  path: Assets/MainGameAssets/Tiles/Default/tile_0044.png
  artifactKey: Guid(1f229e3b7989f9944b8c1d69c73e4914) Importer(815301076,1909f56bfc062723c751e8b465ee728b)
Start importing Assets/MainGameAssets/Tiles/Default/tile_0044.png using Guid(1f229e3b7989f9944b8c1d69c73e4914) Importer(815301076,1909f56bfc062723c751e8b465ee728b)  -> (artifact id: '148a3b45fa9548943b15e78a147fc6fc') in 0.011927 seconds
Number of updated asset objects reloaded before import = 0
Number of asset objects unloaded after import = 3
========================================================================
Received Import Request.
  Time since last request: 0.000021 seconds.
  path: Assets/MainGameAssets/Tiles/Default/tile_0025.png
  artifactKey: Guid(a535e1a33c799694193d3b2e8897bdaa) Importer(815301076,1909f56bfc062723c751e8b465ee728b)
Start importing Assets/MainGameAssets/Tiles/Default/tile_0025.png using Guid(a535e1a33c799694193d3b2e8897bdaa) Importer(815301076,1909f56bfc062723c751e8b465ee728b)  -> (artifact id: 'c79676e45a75feff0f9b1939a2611d84') in 0.009468 seconds
Number of updated asset objects reloaded before import = 0
Number of asset objects unloaded after import = 3
========================================================================
Received Import Request.
  Time since last request: 0.000029 seconds.
  path: Assets/MainGameAssets/Tiles/Default/tile_0040.png
  artifactKey: Guid(98ef7f05c7d104d48bd1a81bf55ef43a) Importer(815301076,1909f56bfc062723c751e8b465ee728b)
Start importing Assets/MainGameAssets/Tiles/Default/tile_0040.png using Guid(98ef7f05c7d104d48bd1a81bf55ef43a) Importer(815301076,1909f56bfc062723c751e8b465ee728b)  -> (artifact id: '2c5984eb10f7de88c8921bc798621fbd') in 0.011424 seconds
Number of updated asset objects reloaded before import = 0
Number of asset objects unloaded after import = 3
========================================================================
Received Import Request.
  Time since last request: 0.000021 seconds.
  path: Assets/MainGameAssets/Tiles/Default/tile_0009.png
  artifactKey: Guid(3c232d75c13468d46bd9fca476e38298) Importer(815301076,1909f56bfc062723c751e8b465ee728b)
Start importing Assets/MainGameAssets/Tiles/Default/tile_0009.png using Guid(3c232d75c13468d46bd9fca476e38298) Importer(815301076,1909f56bfc062723c751e8b465ee728b)  -> (artifact id: '46aed978e67fdbdd2e5e77e24868d82f') in 0.008645 seconds
Number of updated asset objects reloaded before import = 0
Number of asset objects unloaded after import = 3
========================================================================
Received Import Request.
  Time since last request: 0.000018 seconds.
  path: Assets/MainGameAssets/Tiles/Default/tile_0027.png
  artifactKey: Guid(544d89bea865fec4cbe504f38c87fb8f) Importer(815301076,1909f56bfc062723c751e8b465ee728b)
Start importing Assets/MainGameAssets/Tiles/Default/tile_0027.png using Guid(544d89bea865fec4cbe504f38c87fb8f) Importer(815301076,1909f56bfc062723c751e8b465ee728b)  -> (artifact id: 'bbe84705e583668706a7a546366c03ff') in 0.008984 seconds
Number of updated asset objects reloaded before import = 0
Number of asset objects unloaded after import = 3
========================================================================
Received Import Request.
  Time since last request: 0.000042 seconds.
  path: Assets/MainGameAssets/Tiles/Default/tile_0005.png
  artifactKey: Guid(d43f8808db0f82d4abaa15fcd1f0f12c) Importer(815301076,1909f56bfc062723c751e8b465ee728b)
Start importing Assets/MainGameAssets/Tiles/Default/tile_0005.png using Guid(d43f8808db0f82d4abaa15fcd1f0f12c) Importer(815301076,1909f56bfc062723c751e8b465ee728b)  -> (artifact id: '290f37493c64abd8bae6fd15117b9578') in 0.008611 seconds
Number of updated asset objects reloaded before import = 0
Number of asset objects unloaded after import = 3
========================================================================
Received Import Request.
  Time since last request: 0.000015 seconds.
  path: Assets/MainGameAssets/Tiles/Default/tile_0034.png
  artifactKey: Guid(3662b1633bf27fb48bd05be4c93c28be) Importer(815301076,1909f56bfc062723c751e8b465ee728b)
Start importing Assets/MainGameAssets/Tiles/Default/tile_0034.png using Guid(3662b1633bf27fb48bd05be4c93c28be) Importer(815301076,1909f56bfc062723c751e8b465ee728b)  -> (artifact id: '46ae0832814fb9824dd7714b13b7bc70') in 0.005687 seconds
Number of updated asset objects reloaded before import = 0
Number of asset objects unloaded after import = 3
========================================================================
Received Import Request.
  Time since last request: 0.000044 seconds.
  path: Assets/MainGameAssets/Tiles/Default/tile_0041.png
  artifactKey: Guid(6266c0d3e23393941ae66427c39fd84e) Importer(815301076,1909f56bfc062723c751e8b465ee728b)
Start importing Assets/MainGameAssets/Tiles/Default/tile_0041.png using Guid(6266c0d3e23393941ae66427c39fd84e) Importer(815301076,1909f56bfc062723c751e8b465ee728b)  -> (artifact id: 'd2269bb1b6bcd8bedfc20d4ca0c984db') in 0.007893 seconds
Number of updated asset objects reloaded before import = 0
Number of asset objects unloaded after import = 3
========================================================================
Received Import Request.
  Time since last request: 0.000017 seconds.
  path: Assets/MainGameAssets/Tiles/Default/tile_0055.png
  artifactKey: Guid(12693b035d4eed645a1be5b6353b6881) Importer(815301076,1909f56bfc062723c751e8b465ee728b)
Start importing Assets/MainGameAssets/Tiles/Default/tile_0055.png using Guid(12693b035d4eed645a1be5b6353b6881) Importer(815301076,1909f56bfc062723c751e8b465ee728b)  -> (artifact id: '7cfec04aecd3e8402dd15d1731fba095') in 0.011825 seconds
Number of updated asset objects reloaded before import = 0
Number of asset objects unloaded after import = 3
========================================================================
Received Import Request.
  Time since last request: 0.000021 seconds.
  path: Assets/MainGameAssets/Tiles/Default/tile_0029.png
  artifactKey: Guid(86b01174dfd899d4fa838c78ab20d490) Importer(815301076,1909f56bfc062723c751e8b465ee728b)
Start importing Assets/MainGameAssets/Tiles/Default/tile_0029.png using Guid(86b01174dfd899d4fa838c78ab20d490) Importer(815301076,1909f56bfc062723c751e8b465ee728b)  -> (artifact id: 'ea8b1f988123fb19eaa1570210a86e45') in 0.007781 seconds
Number of updated asset objects reloaded before import = 0
Number of asset objects unloaded after import = 3
========================================================================
Received Import Request.
  Time since last request: 0.000020 seconds.
  path: Assets/MainGameAssets/Tiles/Default/tile_0006.png
  artifactKey: Guid(0e1d7771e1d420a4a821c58729a4d8a0) Importer(815301076,1909f56bfc062723c751e8b465ee728b)
Start importing Assets/MainGameAssets/Tiles/Default/tile_0006.png using Guid(0e1d7771e1d420a4a821c58729a4d8a0) Importer(815301076,1909f56bfc062723c751e8b465ee728b)  -> (artifact id: '49592b5b337ba7a0e6af44a620b8482f') in 0.008501 seconds
Number of updated asset objects reloaded before import = 0
Number of asset objects unloaded after import = 3
========================================================================
Received Import Request.
  Time since last request: 2.286498 seconds.
  path: Assets/MainGameAssets/Tilemap/monochrome_tilemap_packed.png
  artifactKey: Guid(40d70d7c933d0a9468ab4b1a716f1d50) Importer(815301076,1909f56bfc062723c751e8b465ee728b)
Start importing Assets/MainGameAssets/Tilemap/monochrome_tilemap_packed.png using Guid(40d70d7c933d0a9468ab4b1a716f1d50) Importer(815301076,1909f56bfc062723c751e8b465ee728b)  -> (artifact id: '7272d2a63bd8e5f3344fbe4e5901882d') in 0.023399 seconds
Number of updated asset objects reloaded before import = 0
Number of asset objects unloaded after import = 3
========================================================================
Received Import Request.
  Time since last request: 19.943234 seconds.
  path: Assets/MainGameAssets/Tilemap/monochrome_tilemap_transparent_packed.png
  artifactKey: Guid(590df722138a62643bc59bcb1d65205e) Importer(815301076,1909f56bfc062723c751e8b465ee728b)
Start importing Assets/MainGameAssets/Tilemap/monochrome_tilemap_transparent_packed.png using Guid(590df722138a62643bc59bcb1d65205e) Importer(815301076,1909f56bfc062723c751e8b465ee728b)  -> (artifact id: '2084b4498e0a5cb3d2cef899ae9e5cd0') in 0.007158 seconds
Number of updated asset objects reloaded before import = 0
Number of asset objects unloaded after import = 2
========================================================================
Received Prepare
Begin MonoManager ReloadAssembly
- Loaded All Assemblies, in  0.370 seconds
Refreshing native plugins compatible for Editor in 8.78 ms, found 4 plugins.
Native extension for WindowsStandalone target not found
Native extension for Android target not found
[Package Manager] Server::EnsureServerProcessIsRunning -- launch failed, reason: Unity was launched with the -noUpm command-line argument
[Package Manager] UpmClient::Send -- Unable to send message (not connected to UPM process).
[Package Manager] Cannot connect to Unity Package Manager local server
Mono: successfully reloaded assembly
- Finished resetting the current domain, in  1.185 seconds
Domain Reload Profiling: 1552ms
	BeginReloadAssembly (141ms)
		ExecutionOrderSort (0ms)
		DisableScriptedObjects (8ms)
		BackupInstance (0ms)
		ReleaseScriptingObjects (0ms)
		CreateAndSetChildDomain (36ms)
	RebuildCommonClasses (20ms)
	RebuildNativeTypeToScriptingClass (8ms)
	initialDomainReloadingComplete (22ms)
	LoadAllAssembliesAndSetupDomain (174ms)
		LoadAssemblies (235ms)
		RebuildTransferFunctionScriptingTraits (0ms)
		AnalyzeDomain (8ms)
			TypeCache.Refresh (3ms)
				TypeCache.ScanAssembly (0ms)
			ScanForSourceGeneratedMonoScriptInfo (0ms)
			ResolveRequiredComponents (4ms)
	FinalizeReload (1186ms)
		ReleaseScriptCaches (0ms)
		RebuildScriptCaches (0ms)
		SetupLoadedEditorAssemblies (519ms)
			LogAssemblyErrors (0ms)
			InitializePlatformSupportModulesInManaged (22ms)
			SetLoadedEditorAssemblies (3ms)
			RefreshPlugins (0ms)
			BeforeProcessingInitializeOnLoad (67ms)
			ProcessInitializeOnLoadAttributes (392ms)
			ProcessInitializeOnLoadMethodAttributes (28ms)
			AfterProcessingInitializeOnLoad (7ms)
			EditorAssembliesLoaded (0ms)
		ExecutionOrderSort2 (0ms)
		AwakeInstancesAfterBackupRestoration (12ms)
Refreshing native plugins compatible for Editor in 7.57 ms, found 4 plugins.
Preloading 0 native plugins for Editor in 0.00 ms.
Unloading 4034 Unused Serialized files (Serialized files now loaded: 0)
Unloading 42 unused Assets / (217.1 KB). Loaded Objects now: 4527.
Memory consumption went from 150.2 MB to 150.0 MB.
Total: 4.207400 ms (FindLiveObjects: 0.325100 ms CreateObjectMapping: 0.143200 ms MarkObjects: 3.392900 ms  DeleteObjects: 0.345200 ms)

Prepare: number of updated asset objects reloaded= 0
AssetImportParameters requested are different than current active one (requested -> active):
  custom:container-demuxer-ogg: 62fdf1f143b41e24485cea50d1cbac27 -> 
  custom:video-codec-MediaFoundation-h265: 746d11721c4dcdbdad8f713fa42b33f4 -> 
  custom:video-decoder-ogg-theora: a1e56fd34408186e4bbccfd4996cb3dc -> 
  custom:framework-win-MediaFoundation: 216162199b28c13a410421893ffa2e32 -> 
  custom:CustomObjectIndexerAttribute: 9a22284fe3817be447336de3de66b15e -> 
  custom:container-demuxer-webm: 4f35f7cbe854078d1ac9338744f61a02 -> 
  custom:container-muxer-webm: aa71ff27fc2769a1b78a27578f13a17b -> 
  custom:video-decoder-webm-vp8: 9c59270c3fd7afecdb556c50c9e8de78 -> 
  custom:SearchIndexIgnoredProperties: e643bd26f0fe6173181afceb89e7c659 -> 
  custom:AudioImporter_EditorPlatform: d09bf68614088b80899f8185d706f6e7 -> 
  custom:video-encoder-webm-vp8: eb34c28f22e8b96e1ab97ce403110664 -> 
  custom:audio-decoder-ogg-vorbis: bf7c407c2cedff20999df2af8eb42d56 -> 
  custom:audio-encoder-webm-vorbis: bf7c407c2cedff20999df2af8eb42d56 -> 
========================================================================
Received Prepare
Begin MonoManager ReloadAssembly
- Loaded All Assemblies, in  0.407 seconds
Refreshing native plugins compatible for Editor in 4.88 ms, found 4 plugins.
Native extension for WindowsStandalone target not found
Native extension for Android target not found
[Package Manager] Server::EnsureServerProcessIsRunning -- launch failed, reason: Unity was launched with the -noUpm command-line argument
[Package Manager] UpmClient::Send -- Unable to send message (not connected to UPM process).
[Package Manager] Cannot connect to Unity Package Manager local server
Mono: successfully reloaded assembly
- Finished resetting the current domain, in  1.202 seconds
Domain Reload Profiling: 1605ms
	BeginReloadAssembly (142ms)
		ExecutionOrderSort (0ms)
		DisableScriptedObjects (7ms)
		BackupInstance (0ms)
		ReleaseScriptingObjects (0ms)
		CreateAndSetChildDomain (38ms)
	RebuildCommonClasses (22ms)
	RebuildNativeTypeToScriptingClass (11ms)
	initialDomainReloadingComplete (25ms)
	LoadAllAssembliesAndSetupDomain (202ms)
		LoadAssemblies (263ms)
		RebuildTransferFunctionScriptingTraits (0ms)
		AnalyzeDomain (9ms)
			TypeCache.Refresh (4ms)
				TypeCache.ScanAssembly (0ms)
			ScanForSourceGeneratedMonoScriptInfo (0ms)
			ResolveRequiredComponents (4ms)
	FinalizeReload (1202ms)
		ReleaseScriptCaches (0ms)
		RebuildScriptCaches (0ms)
		SetupLoadedEditorAssemblies (507ms)
			LogAssemblyErrors (0ms)
			InitializePlatformSupportModulesInManaged (24ms)
			SetLoadedEditorAssemblies (3ms)
			RefreshPlugins (0ms)
			BeforeProcessingInitializeOnLoad (67ms)
			ProcessInitializeOnLoadAttributes (378ms)
			ProcessInitializeOnLoadMethodAttributes (28ms)
			AfterProcessingInitializeOnLoad (6ms)
			EditorAssembliesLoaded (0ms)
		ExecutionOrderSort2 (0ms)
		AwakeInstancesAfterBackupRestoration (13ms)
Refreshing native plugins compatible for Editor in 6.65 ms, found 4 plugins.
Preloading 0 native plugins for Editor in 0.00 ms.
Unloading 4035 Unused Serialized files (Serialized files now loaded: 0)
Unloading 42 unused Assets / (217.1 KB). Loaded Objects now: 4531.
Memory consumption went from 152.4 MB to 152.2 MB.
Total: 3.773100 ms (FindLiveObjects: 0.352500 ms CreateObjectMapping: 0.133400 ms MarkObjects: 3.033000 ms  DeleteObjects: 0.253000 ms)

Prepare: number of updated asset objects reloaded= 0
AssetImportParameters requested are different than current active one (requested -> active):
  custom:container-demuxer-ogg: 62fdf1f143b41e24485cea50d1cbac27 -> 
  custom:video-codec-MediaFoundation-h265: 746d11721c4dcdbdad8f713fa42b33f4 -> 
  custom:video-decoder-ogg-theora: a1e56fd34408186e4bbccfd4996cb3dc -> 
  custom:framework-win-MediaFoundation: 216162199b28c13a410421893ffa2e32 -> 
  custom:CustomObjectIndexerAttribute: 9a22284fe3817be447336de3de66b15e -> 
  custom:container-demuxer-webm: 4f35f7cbe854078d1ac9338744f61a02 -> 
  custom:container-muxer-webm: aa71ff27fc2769a1b78a27578f13a17b -> 
  custom:video-decoder-webm-vp8: 9c59270c3fd7afecdb556c50c9e8de78 -> 
  custom:SearchIndexIgnoredProperties: e643bd26f0fe6173181afceb89e7c659 -> 
  custom:AudioImporter_EditorPlatform: d09bf68614088b80899f8185d706f6e7 -> 
  custom:video-encoder-webm-vp8: eb34c28f22e8b96e1ab97ce403110664 -> 
  custom:audio-decoder-ogg-vorbis: bf7c407c2cedff20999df2af8eb42d56 -> 
  custom:audio-encoder-webm-vorbis: bf7c407c2cedff20999df2af8eb42d56 -> 
========================================================================
Received Prepare
Begin MonoManager ReloadAssembly
- Loaded All Assemblies, in  0.385 seconds
Refreshing native plugins compatible for Editor in 5.95 ms, found 4 plugins.
Native extension for WindowsStandalone target not found
Native extension for Android target not found
[Package Manager] Server::EnsureServerProcessIsRunning -- launch failed, reason: Unity was launched with the -noUpm command-line argument
[Package Manager] UpmClient::Send -- Unable to send message (not connected to UPM process).
[Package Manager] Cannot connect to Unity Package Manager local server
Mono: successfully reloaded assembly
- Finished resetting the current domain, in  1.175 seconds
Domain Reload Profiling: 1557ms
	BeginReloadAssembly (143ms)
		ExecutionOrderSort (0ms)
		DisableScriptedObjects (8ms)
		BackupInstance (0ms)
		ReleaseScriptingObjects (0ms)
		CreateAndSetChildDomain (43ms)
	RebuildCommonClasses (20ms)
	RebuildNativeTypeToScriptingClass (7ms)
	initialDomainReloadingComplete (26ms)
	LoadAllAssembliesAndSetupDomain (185ms)
		LoadAssemblies (239ms)
		RebuildTransferFunctionScriptingTraits (0ms)
		AnalyzeDomain (11ms)
			TypeCache.Refresh (5ms)
				TypeCache.ScanAssembly (0ms)
			ScanForSourceGeneratedMonoScriptInfo (1ms)
			ResolveRequiredComponents (5ms)
	FinalizeReload (1175ms)
		ReleaseScriptCaches (0ms)
		RebuildScriptCaches (0ms)
		SetupLoadedEditorAssemblies (526ms)
			LogAssemblyErrors (0ms)
			InitializePlatformSupportModulesInManaged (24ms)
			SetLoadedEditorAssemblies (3ms)
			RefreshPlugins (0ms)
			BeforeProcessingInitializeOnLoad (65ms)
			ProcessInitializeOnLoadAttributes (395ms)
			ProcessInitializeOnLoadMethodAttributes (30ms)
			AfterProcessingInitializeOnLoad (9ms)
			EditorAssembliesLoaded (0ms)
		ExecutionOrderSort2 (0ms)
		AwakeInstancesAfterBackupRestoration (13ms)
Refreshing native plugins compatible for Editor in 6.35 ms, found 4 plugins.
Preloading 0 native plugins for Editor in 0.00 ms.
Unloading 4035 Unused Serialized files (Serialized files now loaded: 0)
Unloading 42 unused Assets / (217.2 KB). Loaded Objects now: 4535.
Memory consumption went from 154.3 MB to 154.1 MB.
Total: 4.348200 ms (FindLiveObjects: 0.440000 ms CreateObjectMapping: 0.135700 ms MarkObjects: 3.530900 ms  DeleteObjects: 0.240500 ms)

Prepare: number of updated asset objects reloaded= 0
AssetImportParameters requested are different than current active one (requested -> active):
  custom:container-demuxer-ogg: 62fdf1f143b41e24485cea50d1cbac27 -> 
  custom:video-codec-MediaFoundation-h265: 746d11721c4dcdbdad8f713fa42b33f4 -> 
  custom:video-decoder-ogg-theora: a1e56fd34408186e4bbccfd4996cb3dc -> 
  custom:framework-win-MediaFoundation: 216162199b28c13a410421893ffa2e32 -> 
  custom:CustomObjectIndexerAttribute: 9a22284fe3817be447336de3de66b15e -> 
  custom:container-demuxer-webm: 4f35f7cbe854078d1ac9338744f61a02 -> 
  custom:container-muxer-webm: aa71ff27fc2769a1b78a27578f13a17b -> 
  custom:video-decoder-webm-vp8: 9c59270c3fd7afecdb556c50c9e8de78 -> 
  custom:SearchIndexIgnoredProperties: e643bd26f0fe6173181afceb89e7c659 -> 
  custom:AudioImporter_EditorPlatform: d09bf68614088b80899f8185d706f6e7 -> 
  custom:video-encoder-webm-vp8: eb34c28f22e8b96e1ab97ce403110664 -> 
  custom:audio-decoder-ogg-vorbis: bf7c407c2cedff20999df2af8eb42d56 -> 
  custom:audio-encoder-webm-vorbis: bf7c407c2cedff20999df2af8eb42d56 -> 
