Using pre-set license
Built from '2022.3/staging' branch; Version is '2022.3.25f1 (530ae0ba3889) revision 5442272'; Using compiler version '192829333'; Build Type 'Release'
OS: 'Windows 11  (10.0.22631) 64bit Core' Language: 'pt' Physical Memory: 32038 MB
BatchMode: 1, IsHumanControllingUs: 0, StartBugReporterOnCrash: 0, Is64bit: 1, IsPro: 1

COMMAND LINE ARGUMENTS:
C:\Program Files\Unity\Hub\Editor\2022.3.25f1\Editor\Unity.exe
-adb2
-batchMode
-noUpm
-name
AssetImportWorker13
-projectPath
C:/Users/rodri/OneDrive - Feels Like Home/Pessoal/Unity/GitHub_Repositorys/KenneyJamRepo/KennyGameJam_v3
-logFile
Logs/AssetImportWorker13.log
-srvPort
62793
Successfully changed project path to: C:/Users/rodri/OneDrive - Feels Like Home/Pessoal/Unity/GitHub_Repositorys/KenneyJamRepo/KennyGameJam_v3
C:/Users/rodri/OneDrive - Feels Like Home/Pessoal/Unity/GitHub_Repositorys/KenneyJamRepo/KennyGameJam_v3
[UnityMemory] Configuration Parameters - Can be set up in boot.config
    "memorysetup-bucket-allocator-granularity=16"
    "memorysetup-bucket-allocator-bucket-count=8"
    "memorysetup-bucket-allocator-block-size=33554432"
    "memorysetup-bucket-allocator-block-count=8"
    "memorysetup-main-allocator-block-size=16777216"
    "memorysetup-thread-allocator-block-size=16777216"
    "memorysetup-gfx-main-allocator-block-size=16777216"
    "memorysetup-gfx-thread-allocator-block-size=16777216"
    "memorysetup-cache-allocator-block-size=4194304"
    "memorysetup-typetree-allocator-block-size=2097152"
    "memorysetup-profiler-bucket-allocator-granularity=16"
    "memorysetup-profiler-bucket-allocator-bucket-count=8"
    "memorysetup-profiler-bucket-allocator-block-size=33554432"
    "memorysetup-profiler-bucket-allocator-block-count=8"
    "memorysetup-profiler-allocator-block-size=16777216"
    "memorysetup-profiler-editor-allocator-block-size=1048576"
    "memorysetup-temp-allocator-size-main=16777216"
    "memorysetup-job-temp-allocator-block-size=2097152"
    "memorysetup-job-temp-allocator-block-size-background=1048576"
    "memorysetup-job-temp-allocator-reduction-small-platforms=262144"
    "memorysetup-allocator-temp-initial-block-size-main=262144"
    "memorysetup-allocator-temp-initial-block-size-worker=262144"
    "memorysetup-temp-allocator-size-background-worker=32768"
    "memorysetup-temp-allocator-size-job-worker=262144"
    "memorysetup-temp-allocator-size-preload-manager=33554432"
    "memorysetup-temp-allocator-size-nav-mesh-worker=65536"
    "memorysetup-temp-allocator-size-audio-worker=65536"
    "memorysetup-temp-allocator-size-cloud-worker=32768"
    "memorysetup-temp-allocator-size-gi-baking-worker=262144"
    "memorysetup-temp-allocator-size-gfx=262144"
Player connection [17472] Host "[IP] 192.168.1.86 [Port] 0 [Flags] 2 [Guid] 1228155514 [EditorId] 1228155514 [Version] 1048832 [Id] WindowsEditor(7,Rodrigo) [Debug] 1 [PackageName] WindowsEditor [ProjectName] Editor" joined multi-casting on [225.0.0.222:54997]...

Player connection [17472] Host "[IP] 192.168.1.86 [Port] 0 [Flags] 2 [Guid] 1228155514 [EditorId] 1228155514 [Version] 1048832 [Id] WindowsEditor(7,Rodrigo) [Debug] 1 [PackageName] WindowsEditor [ProjectName] Editor" joined alternative multi-casting on [225.0.0.222:34997]...

[Physics::Module] Initialized MultithreadedJobDispatcher with 15 workers.
Refreshing native plugins compatible for Editor in 20.24 ms, found 4 plugins.
Preloading 0 native plugins for Editor in 0.00 ms.
Initialize engine version: 2022.3.25f1 (530ae0ba3889)
[Subsystems] Discovering subsystems at path C:/Program Files/Unity/Hub/Editor/2022.3.25f1/Editor/Data/Resources/UnitySubsystems
[Subsystems] Discovering subsystems at path C:/Users/rodri/OneDrive - Feels Like Home/Pessoal/Unity/GitHub_Repositorys/KenneyJamRepo/KennyGameJam_v3/Assets
GfxDevice: creating device client; threaded=0; jobified=0
Direct3D:
    Version:  Direct3D 11.0 [level 11.1]
    Renderer: NVIDIA GeForce RTX 4050 Laptop GPU (ID=0x28a1)
    Vendor:   NVIDIA
    VRAM:     5921 MB
    Driver:   32.0.15.5612
Initialize mono
Mono path[0] = 'C:/Program Files/Unity/Hub/Editor/2022.3.25f1/Editor/Data/Managed'
Mono path[1] = 'C:/Program Files/Unity/Hub/Editor/2022.3.25f1/Editor/Data/MonoBleedingEdge/lib/mono/unityjit-win32'
Mono config path = 'C:/Program Files/Unity/Hub/Editor/2022.3.25f1/Editor/Data/MonoBleedingEdge/etc'
Using monoOptions --debugger-agent=transport=dt_socket,embedding=1,server=y,suspend=n,address=127.0.0.1:56680
Begin MonoManager ReloadAssembly
Registering precompiled unity dll's ...
Register platform support module: C:/Program Files/Unity/Hub/Editor/2022.3.25f1/Editor/Data/PlaybackEngines/AndroidPlayer/UnityEditor.Android.Extensions.dll
Register platform support module: C:/Program Files/Unity/Hub/Editor/2022.3.25f1/Editor/Data/PlaybackEngines/WindowsStandaloneSupport/UnityEditor.WindowsStandalone.Extensions.dll
Registered in 0.006625 seconds.
- Loaded All Assemblies, in  0.301 seconds
Native extension for WindowsStandalone target not found
Native extension for Android target not found
Android Extension - Scanning For ADB Devices 340 ms
Mono: successfully reloaded assembly
- Finished resetting the current domain, in  0.637 seconds
Domain Reload Profiling: 936ms
	BeginReloadAssembly (74ms)
		ExecutionOrderSort (0ms)
		DisableScriptedObjects (0ms)
		BackupInstance (0ms)
		ReleaseScriptingObjects (0ms)
		CreateAndSetChildDomain (1ms)
	RebuildCommonClasses (29ms)
	RebuildNativeTypeToScriptingClass (8ms)
	initialDomainReloadingComplete (53ms)
	LoadAllAssembliesAndSetupDomain (135ms)
		LoadAssemblies (72ms)
		RebuildTransferFunctionScriptingTraits (0ms)
		AnalyzeDomain (133ms)
			TypeCache.Refresh (131ms)
				TypeCache.ScanAssembly (115ms)
			ScanForSourceGeneratedMonoScriptInfo (1ms)
			ResolveRequiredComponents (1ms)
	FinalizeReload (637ms)
		ReleaseScriptCaches (0ms)
		RebuildScriptCaches (0ms)
		SetupLoadedEditorAssemblies (586ms)
			LogAssemblyErrors (0ms)
			InitializePlatformSupportModulesInManaged (451ms)
			SetLoadedEditorAssemblies (5ms)
			RefreshPlugins (0ms)
			BeforeProcessingInitializeOnLoad (3ms)
			ProcessInitializeOnLoadAttributes (90ms)
			ProcessInitializeOnLoadMethodAttributes (37ms)
			AfterProcessingInitializeOnLoad (0ms)
			EditorAssembliesLoaded (0ms)
		ExecutionOrderSort2 (0ms)
		AwakeInstancesAfterBackupRestoration (0ms)
========================================================================
Worker process is ready to serve import requests
Begin MonoManager ReloadAssembly
- Loaded All Assemblies, in  0.589 seconds
Refreshing native plugins compatible for Editor in 4.56 ms, found 4 plugins.
Native extension for WindowsStandalone target not found
Native extension for Android target not found
Package Manager log level set to [2]
[Package Manager] Server::EnsureServerProcessIsRunning -- launch failed, reason: Unity was launched with the -noUpm command-line argument
[Package Manager] UpmClient::Send -- Unable to send message (not connected to UPM process).
[Package Manager] Cannot connect to Unity Package Manager local server
Mono: successfully reloaded assembly
- Finished resetting the current domain, in  0.644 seconds
Domain Reload Profiling: 1228ms
	BeginReloadAssembly (125ms)
		ExecutionOrderSort (0ms)
		DisableScriptedObjects (4ms)
		BackupInstance (0ms)
		ReleaseScriptingObjects (0ms)
		CreateAndSetChildDomain (34ms)
	RebuildCommonClasses (32ms)
	RebuildNativeTypeToScriptingClass (9ms)
	initialDomainReloadingComplete (45ms)
	LoadAllAssembliesAndSetupDomain (372ms)
		LoadAssemblies (279ms)
		RebuildTransferFunctionScriptingTraits (0ms)
		AnalyzeDomain (156ms)
			TypeCache.Refresh (134ms)
				TypeCache.ScanAssembly (112ms)
			ScanForSourceGeneratedMonoScriptInfo (16ms)
			ResolveRequiredComponents (4ms)
	FinalizeReload (644ms)
		ReleaseScriptCaches (0ms)
		RebuildScriptCaches (0ms)
		SetupLoadedEditorAssemblies (493ms)
			LogAssemblyErrors (0ms)
			InitializePlatformSupportModulesInManaged (20ms)
			SetLoadedEditorAssemblies (3ms)
			RefreshPlugins (0ms)
			BeforeProcessingInitializeOnLoad (65ms)
			ProcessInitializeOnLoadAttributes (368ms)
			ProcessInitializeOnLoadMethodAttributes (30ms)
			AfterProcessingInitializeOnLoad (7ms)
			EditorAssembliesLoaded (0ms)
		ExecutionOrderSort2 (0ms)
		AwakeInstancesAfterBackupRestoration (5ms)
Launched and connected shader compiler UnityShaderCompiler.exe after 0.06 seconds
Refreshing native plugins compatible for Editor in 5.85 ms, found 4 plugins.
Preloading 0 native plugins for Editor in 0.00 ms.
Unloading 4050 Unused Serialized files (Serialized files now loaded: 0)
Unloading 70 unused Assets / (244.7 KB). Loaded Objects now: 4510.
Memory consumption went from 153.5 MB to 153.3 MB.
Total: 3.171100 ms (FindLiveObjects: 0.321400 ms CreateObjectMapping: 0.095800 ms MarkObjects: 2.565400 ms  DeleteObjects: 0.187700 ms)

AssetImportParameters requested are different than current active one (requested -> active):
  custom:container-demuxer-ogg: 62fdf1f143b41e24485cea50d1cbac27 -> 
  custom:video-codec-MediaFoundation-h265: 746d11721c4dcdbdad8f713fa42b33f4 -> 
  custom:video-decoder-ogg-theora: a1e56fd34408186e4bbccfd4996cb3dc -> 
  custom:framework-win-MediaFoundation: 216162199b28c13a410421893ffa2e32 -> 
  custom:CustomObjectIndexerAttribute: 9a22284fe3817be447336de3de66b15e -> 
  custom:container-demuxer-webm: 4f35f7cbe854078d1ac9338744f61a02 -> 
  custom:container-muxer-webm: aa71ff27fc2769a1b78a27578f13a17b -> 
  custom:video-decoder-webm-vp8: 9c59270c3fd7afecdb556c50c9e8de78 -> 
  custom:SearchIndexIgnoredProperties: e643bd26f0fe6173181afceb89e7c659 -> 
  custom:AudioImporter_EditorPlatform: d09bf68614088b80899f8185d706f6e7 -> 
  custom:video-encoder-webm-vp8: eb34c28f22e8b96e1ab97ce403110664 -> 
  custom:audio-decoder-ogg-vorbis: bf7c407c2cedff20999df2af8eb42d56 -> 
  custom:audio-encoder-webm-vorbis: bf7c407c2cedff20999df2af8eb42d56 -> 
========================================================================
Received Import Request.
  Time since last request: 106470.767805 seconds.
  path: Assets/MainGameAssets/Tiles/Default/tile_0060.png
  artifactKey: Guid(cd064acc7e175344fa04835627abc8fd) Importer(815301076,1909f56bfc062723c751e8b465ee728b)
Start importing Assets/MainGameAssets/Tiles/Default/tile_0060.png using Guid(cd064acc7e175344fa04835627abc8fd) Importer(815301076,1909f56bfc062723c751e8b465ee728b)  -> (artifact id: '978638b975130fa19164367697e3d8a4') in 0.090174 seconds
Number of updated asset objects reloaded before import = 0
Number of asset objects unloaded after import = 3
========================================================================
Received Import Request.
  Time since last request: 0.000055 seconds.
  path: Assets/MainGameAssets/Tiles/Default/tile_0091.png
  artifactKey: Guid(ccf7e52ad76405d4a8a76ca9c609e2a6) Importer(815301076,1909f56bfc062723c751e8b465ee728b)
Start importing Assets/MainGameAssets/Tiles/Default/tile_0091.png using Guid(ccf7e52ad76405d4a8a76ca9c609e2a6) Importer(815301076,1909f56bfc062723c751e8b465ee728b)  -> (artifact id: 'c7049ef6dd60260030869c5f11ba1057') in 0.015170 seconds
Number of updated asset objects reloaded before import = 0
Number of asset objects unloaded after import = 3
========================================================================
Received Import Request.
  Time since last request: 0.000043 seconds.
  path: Assets/MainGameAssets/Tiles/Default/tile_0061.png
  artifactKey: Guid(347dde5f243140047bc7da96b717865e) Importer(815301076,1909f56bfc062723c751e8b465ee728b)
Start importing Assets/MainGameAssets/Tiles/Default/tile_0061.png using Guid(347dde5f243140047bc7da96b717865e) Importer(815301076,1909f56bfc062723c751e8b465ee728b)  -> (artifact id: '6539e44e6e94d4e6bbc4c5225fa553c8') in 0.010118 seconds
Number of updated asset objects reloaded before import = 0
Number of asset objects unloaded after import = 3
========================================================================
Received Import Request.
  Time since last request: 0.000030 seconds.
  path: Assets/MainGameAssets/Tiles/Default/tile_0075.png
  artifactKey: Guid(bbc1b75b18987ec4789d3330eda1aba4) Importer(815301076,1909f56bfc062723c751e8b465ee728b)
Start importing Assets/MainGameAssets/Tiles/Default/tile_0075.png using Guid(bbc1b75b18987ec4789d3330eda1aba4) Importer(815301076,1909f56bfc062723c751e8b465ee728b)  -> (artifact id: '73667547f5e9333f2f4bc9aea09b2233') in 0.008602 seconds
Number of updated asset objects reloaded before import = 0
Number of asset objects unloaded after import = 3
========================================================================
Received Import Request.
  Time since last request: 0.000073 seconds.
  path: Assets/MainGameAssets/Tiles/Default/tile_0079.png
  artifactKey: Guid(dda1b7b08e2dae54c9ceb625583346b2) Importer(815301076,1909f56bfc062723c751e8b465ee728b)
Start importing Assets/MainGameAssets/Tiles/Default/tile_0079.png using Guid(dda1b7b08e2dae54c9ceb625583346b2) Importer(815301076,1909f56bfc062723c751e8b465ee728b)  -> (artifact id: 'fe10f68c7afeeb4ae6414a6a24bbd3a1') in 0.007144 seconds
Number of updated asset objects reloaded before import = 0
Number of asset objects unloaded after import = 3
========================================================================
Received Import Request.
  Time since last request: 0.000058 seconds.
  path: Assets/MainGameAssets/Tiles/Default/tile_0063.png
  artifactKey: Guid(aea9baa953c6baf42af34741f39220e6) Importer(815301076,1909f56bfc062723c751e8b465ee728b)
Start importing Assets/MainGameAssets/Tiles/Default/tile_0063.png using Guid(aea9baa953c6baf42af34741f39220e6) Importer(815301076,1909f56bfc062723c751e8b465ee728b)  -> (artifact id: '5d0409652b7486692daebd35bb97e784') in 0.006734 seconds
Number of updated asset objects reloaded before import = 0
Number of asset objects unloaded after import = 3
========================================================================
Received Import Request.
  Time since last request: 0.000019 seconds.
  path: Assets/MainGameAssets/Tiles/Default/tile_0074.png
  artifactKey: Guid(a0c333a9d323c88438062e7f7f559119) Importer(815301076,1909f56bfc062723c751e8b465ee728b)
Start importing Assets/MainGameAssets/Tiles/Default/tile_0074.png using Guid(a0c333a9d323c88438062e7f7f559119) Importer(815301076,1909f56bfc062723c751e8b465ee728b)  -> (artifact id: '557313a430a33da11b742fd094ed2666') in 0.007201 seconds
Number of updated asset objects reloaded before import = 0
Number of asset objects unloaded after import = 3
========================================================================
Received Import Request.
  Time since last request: 0.000015 seconds.
  path: Assets/MainGameAssets/Tiles/Default/tile_0086.png
  artifactKey: Guid(e1d009256ec901449812b5f3f3e80fd7) Importer(815301076,1909f56bfc062723c751e8b465ee728b)
Start importing Assets/MainGameAssets/Tiles/Default/tile_0086.png using Guid(e1d009256ec901449812b5f3f3e80fd7) Importer(815301076,1909f56bfc062723c751e8b465ee728b)  -> (artifact id: '8a10c601332a44c86b9e4df6ee1eb213') in 0.006574 seconds
Number of updated asset objects reloaded before import = 0
Number of asset objects unloaded after import = 3
========================================================================
Received Import Request.
  Time since last request: 0.000021 seconds.
  path: Assets/MainGameAssets/Tiles/Default/tile_0072.png
  artifactKey: Guid(551b4a9123d78f14a9a8fbe68cb1a461) Importer(815301076,1909f56bfc062723c751e8b465ee728b)
Start importing Assets/MainGameAssets/Tiles/Default/tile_0072.png using Guid(551b4a9123d78f14a9a8fbe68cb1a461) Importer(815301076,1909f56bfc062723c751e8b465ee728b)  -> (artifact id: '5bc61b81b009b38fcc3d41d91108e1b8') in 0.007668 seconds
Number of updated asset objects reloaded before import = 0
Number of asset objects unloaded after import = 3
========================================================================
Received Import Request.
  Time since last request: 0.138410 seconds.
  path: Assets/MainGameAssets/Tiles/Default/tile_0102.png
  artifactKey: Guid(d2f6d5ba45d9dc245b6714c71c239102) Importer(815301076,1909f56bfc062723c751e8b465ee728b)
Start importing Assets/MainGameAssets/Tiles/Default/tile_0102.png using Guid(d2f6d5ba45d9dc245b6714c71c239102) Importer(815301076,1909f56bfc062723c751e8b465ee728b)  -> (artifact id: 'ddc9cbf3c43e74d780db98347211fb37') in 0.009388 seconds
Number of updated asset objects reloaded before import = 0
Number of asset objects unloaded after import = 3
========================================================================
Received Import Request.
  Time since last request: 0.000022 seconds.
  path: Assets/MainGameAssets/Tiles/Default/tile_0110.png
  artifactKey: Guid(c4012b22c0533a14ebe9cf872ff89b31) Importer(815301076,1909f56bfc062723c751e8b465ee728b)
Start importing Assets/MainGameAssets/Tiles/Default/tile_0110.png using Guid(c4012b22c0533a14ebe9cf872ff89b31) Importer(815301076,1909f56bfc062723c751e8b465ee728b)  -> (artifact id: '824045d232ccb6948bfba7af2a3557a8') in 0.005800 seconds
Number of updated asset objects reloaded before import = 0
Number of asset objects unloaded after import = 3
========================================================================
Received Import Request.
  Time since last request: 0.000018 seconds.
  path: Assets/MainGameAssets/Tiles/Default/tile_0126.png
  artifactKey: Guid(4dd39d3d77f3abf44bc2a72ed168e16b) Importer(815301076,1909f56bfc062723c751e8b465ee728b)
Start importing Assets/MainGameAssets/Tiles/Default/tile_0126.png using Guid(4dd39d3d77f3abf44bc2a72ed168e16b) Importer(815301076,1909f56bfc062723c751e8b465ee728b)  -> (artifact id: 'e85d7f8d7874047504cb80919eafe49a') in 0.005529 seconds
Number of updated asset objects reloaded before import = 0
Number of asset objects unloaded after import = 3
========================================================================
Received Import Request.
  Time since last request: 0.000019 seconds.
  path: Assets/MainGameAssets/Tiles/Default/tile_0116.png
  artifactKey: Guid(41b795b60dfe9944b839800028d35a1e) Importer(815301076,1909f56bfc062723c751e8b465ee728b)
Start importing Assets/MainGameAssets/Tiles/Default/tile_0116.png using Guid(41b795b60dfe9944b839800028d35a1e) Importer(815301076,1909f56bfc062723c751e8b465ee728b)  -> (artifact id: '1291c31b9a76a84631defbfc497b9875') in 0.006623 seconds
Number of updated asset objects reloaded before import = 0
Number of asset objects unloaded after import = 3
========================================================================
Received Import Request.
  Time since last request: 0.000022 seconds.
  path: Assets/MainGameAssets/Tiles/Default/tile_0154.png
  artifactKey: Guid(86a2dffcf69a96d498dbfd8de9e323f8) Importer(815301076,1909f56bfc062723c751e8b465ee728b)
Start importing Assets/MainGameAssets/Tiles/Default/tile_0154.png using Guid(86a2dffcf69a96d498dbfd8de9e323f8) Importer(815301076,1909f56bfc062723c751e8b465ee728b)  -> (artifact id: '4132022235e2e948260b26e4d04d27ad') in 0.006097 seconds
Number of updated asset objects reloaded before import = 0
Number of asset objects unloaded after import = 3
========================================================================
Received Import Request.
  Time since last request: 0.000028 seconds.
  path: Assets/MainGameAssets/Tiles/Default/tile_0147.png
  artifactKey: Guid(2350cc2e5bfaf124183ad08ebd01b5b6) Importer(815301076,1909f56bfc062723c751e8b465ee728b)
Start importing Assets/MainGameAssets/Tiles/Default/tile_0147.png using Guid(2350cc2e5bfaf124183ad08ebd01b5b6) Importer(815301076,1909f56bfc062723c751e8b465ee728b)  -> (artifact id: 'fafbf21ec5c81c0872503d360eb79015') in 0.006742 seconds
Number of updated asset objects reloaded before import = 0
Number of asset objects unloaded after import = 3
========================================================================
Received Import Request.
  Time since last request: 0.000021 seconds.
  path: Assets/MainGameAssets/Tiles/Default/tile_0108.png
  artifactKey: Guid(47c746551c9e048489a2a07aa2a77824) Importer(815301076,1909f56bfc062723c751e8b465ee728b)
Start importing Assets/MainGameAssets/Tiles/Default/tile_0108.png using Guid(47c746551c9e048489a2a07aa2a77824) Importer(815301076,1909f56bfc062723c751e8b465ee728b)  -> (artifact id: '9642987d719cdec0bfa9e6f2abb40a10') in 0.006524 seconds
Number of updated asset objects reloaded before import = 0
Number of asset objects unloaded after import = 3
========================================================================
Received Import Request.
  Time since last request: 0.000029 seconds.
  path: Assets/MainGameAssets/Tiles/Default/tile_0125.png
  artifactKey: Guid(32910ae3aeade01408101ed160d1554d) Importer(815301076,1909f56bfc062723c751e8b465ee728b)
Start importing Assets/MainGameAssets/Tiles/Default/tile_0125.png using Guid(32910ae3aeade01408101ed160d1554d) Importer(815301076,1909f56bfc062723c751e8b465ee728b)  -> (artifact id: '9fb25b71fdd99345820303976650edb8') in 0.005637 seconds
Number of updated asset objects reloaded before import = 0
Number of asset objects unloaded after import = 3
========================================================================
Received Import Request.
  Time since last request: 0.000015 seconds.
  path: Assets/MainGameAssets/Tiles/Default/tile_0153.png
  artifactKey: Guid(4fa2c6757f6fb164a9b128478c1cac4b) Importer(815301076,1909f56bfc062723c751e8b465ee728b)
Start importing Assets/MainGameAssets/Tiles/Default/tile_0153.png using Guid(4fa2c6757f6fb164a9b128478c1cac4b) Importer(815301076,1909f56bfc062723c751e8b465ee728b)  -> (artifact id: '165c4de01c13bc402ff725557cf7ea1f') in 0.005792 seconds
Number of updated asset objects reloaded before import = 0
Number of asset objects unloaded after import = 3
========================================================================
Received Import Request.
  Time since last request: 0.000039 seconds.
  path: Assets/MainGameAssets/Tiles/Default/tile_0146.png
  artifactKey: Guid(704a5f1757852584a8f98ee406e6e18d) Importer(815301076,1909f56bfc062723c751e8b465ee728b)
Start importing Assets/MainGameAssets/Tiles/Default/tile_0146.png using Guid(704a5f1757852584a8f98ee406e6e18d) Importer(815301076,1909f56bfc062723c751e8b465ee728b)  -> (artifact id: 'd388ea5017a1f8cdd72a9f6834dc1713') in 0.006256 seconds
Number of updated asset objects reloaded before import = 0
Number of asset objects unloaded after import = 3
========================================================================
Received Import Request.
  Time since last request: 0.000016 seconds.
  path: Assets/MainGameAssets/Tiles/Default/tile_0128.png
  artifactKey: Guid(220e74cb5ef98b74281c294e639a8504) Importer(815301076,1909f56bfc062723c751e8b465ee728b)
Start importing Assets/MainGameAssets/Tiles/Default/tile_0128.png using Guid(220e74cb5ef98b74281c294e639a8504) Importer(815301076,1909f56bfc062723c751e8b465ee728b)  -> (artifact id: 'c64aabcfb8f3f7e18ef981050ce71a30') in 0.006059 seconds
Number of updated asset objects reloaded before import = 0
Number of asset objects unloaded after import = 3
========================================================================
Received Import Request.
  Time since last request: 0.000017 seconds.
  path: Assets/MainGameAssets/Tiles/Default/tile_0118.png
  artifactKey: Guid(b8bab12b24114ba4ca07fb52dfbd9efb) Importer(815301076,1909f56bfc062723c751e8b465ee728b)
Start importing Assets/MainGameAssets/Tiles/Default/tile_0118.png using Guid(b8bab12b24114ba4ca07fb52dfbd9efb) Importer(815301076,1909f56bfc062723c751e8b465ee728b)  -> (artifact id: '109b26bcc8fd4954c151e19e5c348399') in 0.007161 seconds
Number of updated asset objects reloaded before import = 0
Number of asset objects unloaded after import = 3
========================================================================
Received Import Request.
  Time since last request: 0.000016 seconds.
  path: Assets/MainGameAssets/Tiles/Default/tile_0105.png
  artifactKey: Guid(9c9e9d8e318202b4bb0c56862bb2c869) Importer(815301076,1909f56bfc062723c751e8b465ee728b)
Start importing Assets/MainGameAssets/Tiles/Default/tile_0105.png using Guid(9c9e9d8e318202b4bb0c56862bb2c869) Importer(815301076,1909f56bfc062723c751e8b465ee728b)  -> (artifact id: '71bd4abbb4dd1abd144f97da1dc17ee0') in 0.007080 seconds
Number of updated asset objects reloaded before import = 0
Number of asset objects unloaded after import = 3
========================================================================
Received Import Request.
  Time since last request: 0.000016 seconds.
  path: Assets/MainGameAssets/Tiles/Default/tile_0129.png
  artifactKey: Guid(c32a666fd3c8cb44ea8d20254be95104) Importer(815301076,1909f56bfc062723c751e8b465ee728b)
Start importing Assets/MainGameAssets/Tiles/Default/tile_0129.png using Guid(c32a666fd3c8cb44ea8d20254be95104) Importer(815301076,1909f56bfc062723c751e8b465ee728b)  -> (artifact id: 'ac9dceb3ebcd822f5626250f4e3ee025') in 0.006305 seconds
Number of updated asset objects reloaded before import = 0
Number of asset objects unloaded after import = 3
========================================================================
Received Import Request.
  Time since last request: 0.047771 seconds.
  path: Assets/MainGameAssets/Tiles/Default/tile_0158.png
  artifactKey: Guid(a1cf8fa5bcba7cf4bb0ecb18ba347fee) Importer(815301076,1909f56bfc062723c751e8b465ee728b)
Start importing Assets/MainGameAssets/Tiles/Default/tile_0158.png using Guid(a1cf8fa5bcba7cf4bb0ecb18ba347fee) Importer(815301076,1909f56bfc062723c751e8b465ee728b)  -> (artifact id: 'ffd0ca95aa1694a4fef30c3a4dc2ceea') in 0.008752 seconds
Number of updated asset objects reloaded before import = 0
Number of asset objects unloaded after import = 3
========================================================================
Received Import Request.
  Time since last request: 0.000018 seconds.
  path: Assets/MainGameAssets/Tiles/Default/tile_0169.png
  artifactKey: Guid(7a1aa852f4e67e94e8ba85a5cf675488) Importer(815301076,1909f56bfc062723c751e8b465ee728b)
Start importing Assets/MainGameAssets/Tiles/Default/tile_0169.png using Guid(7a1aa852f4e67e94e8ba85a5cf675488) Importer(815301076,1909f56bfc062723c751e8b465ee728b)  -> (artifact id: '4edcb6df66ce5b86e9b778295e72815e') in 0.007129 seconds
Number of updated asset objects reloaded before import = 0
Number of asset objects unloaded after import = 3
========================================================================
Received Import Request.
  Time since last request: 0.000029 seconds.
  path: Assets/MainGameAssets/Tiles/Default/tile_0189.png
  artifactKey: Guid(498840b6e7bea8346bc06401d0c469da) Importer(815301076,1909f56bfc062723c751e8b465ee728b)
Start importing Assets/MainGameAssets/Tiles/Default/tile_0189.png using Guid(498840b6e7bea8346bc06401d0c469da) Importer(815301076,1909f56bfc062723c751e8b465ee728b)  -> (artifact id: '85a2476d3d48738403b479c85e3a5bf1') in 0.007396 seconds
Number of updated asset objects reloaded before import = 0
Number of asset objects unloaded after import = 3
========================================================================
Received Import Request.
  Time since last request: 0.000029 seconds.
  path: Assets/MainGameAssets/Tiles/Default/tile_0207.png
  artifactKey: Guid(e3009c1ff52b9c04f828881fdad9b373) Importer(815301076,1909f56bfc062723c751e8b465ee728b)
Start importing Assets/MainGameAssets/Tiles/Default/tile_0207.png using Guid(e3009c1ff52b9c04f828881fdad9b373) Importer(815301076,1909f56bfc062723c751e8b465ee728b)  -> (artifact id: '2348e332fb1dd9a42c0eaf11cea33b0b') in 0.006999 seconds
Number of updated asset objects reloaded before import = 0
Number of asset objects unloaded after import = 3
========================================================================
Received Import Request.
  Time since last request: 0.000018 seconds.
  path: Assets/MainGameAssets/Tiles/Default/tile_0212.png
  artifactKey: Guid(ba1443d9424cbe247a84d125a0620047) Importer(815301076,1909f56bfc062723c751e8b465ee728b)
Start importing Assets/MainGameAssets/Tiles/Default/tile_0212.png using Guid(ba1443d9424cbe247a84d125a0620047) Importer(815301076,1909f56bfc062723c751e8b465ee728b)  -> (artifact id: '8df1e78148ef43fd5ecf1d7b1fc673bb') in 0.007431 seconds
Number of updated asset objects reloaded before import = 0
Number of asset objects unloaded after import = 3
========================================================================
Received Import Request.
  Time since last request: 0.000025 seconds.
  path: Assets/MainGameAssets/Tiles/Default/tile_0222.png
  artifactKey: Guid(e0c65bf0c789ed44e84c1a7952802bd3) Importer(815301076,1909f56bfc062723c751e8b465ee728b)
Start importing Assets/MainGameAssets/Tiles/Default/tile_0222.png using Guid(e0c65bf0c789ed44e84c1a7952802bd3) Importer(815301076,1909f56bfc062723c751e8b465ee728b)  -> (artifact id: '393f849b9e4190e95cc62e9181293d60') in 0.006666 seconds
Number of updated asset objects reloaded before import = 0
Number of asset objects unloaded after import = 3
========================================================================
Received Import Request.
  Time since last request: 0.000017 seconds.
  path: Assets/MainGameAssets/Tiles/Default/tile_0185.png
  artifactKey: Guid(af5c72908137e3b4fa568fcfa061e852) Importer(815301076,1909f56bfc062723c751e8b465ee728b)
Start importing Assets/MainGameAssets/Tiles/Default/tile_0185.png using Guid(af5c72908137e3b4fa568fcfa061e852) Importer(815301076,1909f56bfc062723c751e8b465ee728b)  -> (artifact id: 'c32badf47b5626f8b50fe933fa7512d0') in 0.007155 seconds
Number of updated asset objects reloaded before import = 0
Number of asset objects unloaded after import = 3
========================================================================
Received Import Request.
  Time since last request: 0.000017 seconds.
  path: Assets/MainGameAssets/Tiles/Default/tile_0205.png
  artifactKey: Guid(00d8636b9961c3344932ded28a56dc2a) Importer(815301076,1909f56bfc062723c751e8b465ee728b)
Start importing Assets/MainGameAssets/Tiles/Default/tile_0205.png using Guid(00d8636b9961c3344932ded28a56dc2a) Importer(815301076,1909f56bfc062723c751e8b465ee728b)  -> (artifact id: '1911e057abe80d298f3ac71ba44d5099') in 0.006492 seconds
Number of updated asset objects reloaded before import = 0
Number of asset objects unloaded after import = 3
========================================================================
Received Import Request.
  Time since last request: 0.000019 seconds.
  path: Assets/MainGameAssets/Tiles/Default/tile_0192.png
  artifactKey: Guid(06778f63fc7ba234492c0f6217b2280f) Importer(815301076,1909f56bfc062723c751e8b465ee728b)
Start importing Assets/MainGameAssets/Tiles/Default/tile_0192.png using Guid(06778f63fc7ba234492c0f6217b2280f) Importer(815301076,1909f56bfc062723c751e8b465ee728b)  -> (artifact id: '67016946122a0ea109bc366135497d9e') in 0.007218 seconds
Number of updated asset objects reloaded before import = 0
Number of asset objects unloaded after import = 3
========================================================================
Received Import Request.
  Time since last request: 0.000015 seconds.
  path: Assets/MainGameAssets/Tiles/Default/tile_0199.png
  artifactKey: Guid(8e88b150f35d4204b8d40f8e0d3ac30d) Importer(815301076,1909f56bfc062723c751e8b465ee728b)
Start importing Assets/MainGameAssets/Tiles/Default/tile_0199.png using Guid(8e88b150f35d4204b8d40f8e0d3ac30d) Importer(815301076,1909f56bfc062723c751e8b465ee728b)  -> (artifact id: 'b666f2516b2856583ea6ca0226b289cb') in 0.006285 seconds
Number of updated asset objects reloaded before import = 0
Number of asset objects unloaded after import = 3
========================================================================
Received Import Request.
  Time since last request: 0.000023 seconds.
  path: Assets/MainGameAssets/Tiles/Default/tile_0217.png
  artifactKey: Guid(cec108a2cbaf3f74696fcf82527397dc) Importer(815301076,1909f56bfc062723c751e8b465ee728b)
Start importing Assets/MainGameAssets/Tiles/Default/tile_0217.png using Guid(cec108a2cbaf3f74696fcf82527397dc) Importer(815301076,1909f56bfc062723c751e8b465ee728b)  -> (artifact id: 'cde6c9b959debf5550eeb16db828444e') in 0.007432 seconds
Number of updated asset objects reloaded before import = 0
Number of asset objects unloaded after import = 3
========================================================================
Received Import Request.
  Time since last request: 0.000022 seconds.
  path: Assets/MainGameAssets/Tiles/Default/tile_0211.png
  artifactKey: Guid(d812b264a9a78954995bb17277dbb162) Importer(815301076,1909f56bfc062723c751e8b465ee728b)
Start importing Assets/MainGameAssets/Tiles/Default/tile_0211.png using Guid(d812b264a9a78954995bb17277dbb162) Importer(815301076,1909f56bfc062723c751e8b465ee728b)  -> (artifact id: '4c92a3166a48014015b38f3cc5436722') in 0.008204 seconds
Number of updated asset objects reloaded before import = 0
Number of asset objects unloaded after import = 3
========================================================================
Received Import Request.
  Time since last request: 0.000019 seconds.
  path: Assets/MainGameAssets/Tiles/Default/tile_0216.png
  artifactKey: Guid(b062758dd185b304c88975d509167d42) Importer(815301076,1909f56bfc062723c751e8b465ee728b)
Start importing Assets/MainGameAssets/Tiles/Default/tile_0216.png using Guid(b062758dd185b304c88975d509167d42) Importer(815301076,1909f56bfc062723c751e8b465ee728b)  -> (artifact id: '2125b96eafb0a5a353a4f905040967a1') in 0.006641 seconds
Number of updated asset objects reloaded before import = 0
Number of asset objects unloaded after import = 3
========================================================================
Received Import Request.
  Time since last request: 0.000033 seconds.
  path: Assets/MainGameAssets/Tiles/Default/tile_0174.png
  artifactKey: Guid(06034c719e980b645a1c488ccdd0427b) Importer(815301076,1909f56bfc062723c751e8b465ee728b)
Start importing Assets/MainGameAssets/Tiles/Default/tile_0174.png using Guid(06034c719e980b645a1c488ccdd0427b) Importer(815301076,1909f56bfc062723c751e8b465ee728b)  -> (artifact id: '00a515909b14c5932f89f3a18f7f09f8') in 0.006567 seconds
Number of updated asset objects reloaded before import = 0
Number of asset objects unloaded after import = 3
========================================================================
Received Import Request.
  Time since last request: 0.000027 seconds.
  path: Assets/MainGameAssets/Tiles/Default/tile_0170.png
  artifactKey: Guid(135921369e00bba428cc2412b1a7424c) Importer(815301076,1909f56bfc062723c751e8b465ee728b)
Start importing Assets/MainGameAssets/Tiles/Default/tile_0170.png using Guid(135921369e00bba428cc2412b1a7424c) Importer(815301076,1909f56bfc062723c751e8b465ee728b)  -> (artifact id: 'e68b00eea217399c1a780f13ebaa3268') in 0.007258 seconds
Number of updated asset objects reloaded before import = 0
Number of asset objects unloaded after import = 3
========================================================================
Received Import Request.
  Time since last request: 0.000020 seconds.
  path: Assets/MainGameAssets/Tiles/Default/tile_0176.png
  artifactKey: Guid(962989bbe2afa8b4fad8466da5f7991c) Importer(815301076,1909f56bfc062723c751e8b465ee728b)
Start importing Assets/MainGameAssets/Tiles/Default/tile_0176.png using Guid(962989bbe2afa8b4fad8466da5f7991c) Importer(815301076,1909f56bfc062723c751e8b465ee728b)  -> (artifact id: '3e3db6f636b330d3fba0579572425125') in 0.007917 seconds
Number of updated asset objects reloaded before import = 0
Number of asset objects unloaded after import = 3
========================================================================
Received Import Request.
  Time since last request: 0.000019 seconds.
  path: Assets/MainGameAssets/Tiles/Default/tile_0215.png
  artifactKey: Guid(3e706ba722ced9b4ca90f665d0ca065a) Importer(815301076,1909f56bfc062723c751e8b465ee728b)
Start importing Assets/MainGameAssets/Tiles/Default/tile_0215.png using Guid(3e706ba722ced9b4ca90f665d0ca065a) Importer(815301076,1909f56bfc062723c751e8b465ee728b)  -> (artifact id: '5cc3489b5d71f3f2fa09c4ed47f30519') in 0.006197 seconds
Number of updated asset objects reloaded before import = 0
Number of asset objects unloaded after import = 3
========================================================================
Received Import Request.
  Time since last request: 0.048504 seconds.
  path: Assets/MainGameAssets/Tiles/Default/tile_0228.png
  artifactKey: Guid(83ba915d660a25845952519c879c1b71) Importer(815301076,1909f56bfc062723c751e8b465ee728b)
Start importing Assets/MainGameAssets/Tiles/Default/tile_0228.png using Guid(83ba915d660a25845952519c879c1b71) Importer(815301076,1909f56bfc062723c751e8b465ee728b)  -> (artifact id: '6e6b1718d4888459f830a00babccd512') in 0.007001 seconds
Number of updated asset objects reloaded before import = 0
Number of asset objects unloaded after import = 3
========================================================================
Received Import Request.
  Time since last request: 0.000018 seconds.
  path: Assets/MainGameAssets/Tiles/Default/tile_0233.png
  artifactKey: Guid(cfe45f72d703af04eb4c86832c96db0e) Importer(815301076,1909f56bfc062723c751e8b465ee728b)
Start importing Assets/MainGameAssets/Tiles/Default/tile_0233.png using Guid(cfe45f72d703af04eb4c86832c96db0e) Importer(815301076,1909f56bfc062723c751e8b465ee728b)  -> (artifact id: '31405db9da3e483d28f7d93f44075d57') in 0.006400 seconds
Number of updated asset objects reloaded before import = 0
Number of asset objects unloaded after import = 3
========================================================================
Received Import Request.
  Time since last request: 0.000021 seconds.
  path: Assets/MainGameAssets/Tiles/Default/tile_0232.png
  artifactKey: Guid(b962f6e8c8f15974cb207ec121b43a66) Importer(815301076,1909f56bfc062723c751e8b465ee728b)
Start importing Assets/MainGameAssets/Tiles/Default/tile_0232.png using Guid(b962f6e8c8f15974cb207ec121b43a66) Importer(815301076,1909f56bfc062723c751e8b465ee728b)  -> (artifact id: 'a5caf4d62b10209cfa0721a78172ded5') in 0.006310 seconds
Number of updated asset objects reloaded before import = 0
Number of asset objects unloaded after import = 3
========================================================================
Received Import Request.
  Time since last request: 0.046267 seconds.
  path: Assets/MainGameAssets/Tiles/Default/tile_0298.png
  artifactKey: Guid(6859270b27fb36949a4823a72202ac76) Importer(815301076,1909f56bfc062723c751e8b465ee728b)
Start importing Assets/MainGameAssets/Tiles/Default/tile_0298.png using Guid(6859270b27fb36949a4823a72202ac76) Importer(815301076,1909f56bfc062723c751e8b465ee728b)  -> (artifact id: 'd7c351157540fa97b92cba1b91f3f7a5') in 0.036077 seconds
Number of updated asset objects reloaded before import = 0
Number of asset objects unloaded after import = 3
========================================================================
Received Import Request.
  Time since last request: 0.000054 seconds.
  path: Assets/MainGameAssets/Tiles/Default/tile_0300.png
  artifactKey: Guid(533eaf031b9cf954d9cf1ee0a97a8c95) Importer(815301076,1909f56bfc062723c751e8b465ee728b)
Start importing Assets/MainGameAssets/Tiles/Default/tile_0300.png using Guid(533eaf031b9cf954d9cf1ee0a97a8c95) Importer(815301076,1909f56bfc062723c751e8b465ee728b)  -> (artifact id: 'daea15c97b9b94198fdeec2170a3a831') in 0.013674 seconds
Number of updated asset objects reloaded before import = 0
Number of asset objects unloaded after import = 3
========================================================================
Received Import Request.
  Time since last request: 0.000021 seconds.
  path: Assets/MainGameAssets/Tiles/Default/tile_0304.png
  artifactKey: Guid(638be170d1b778b499f295ca3b0154e9) Importer(815301076,1909f56bfc062723c751e8b465ee728b)
Start importing Assets/MainGameAssets/Tiles/Default/tile_0304.png using Guid(638be170d1b778b499f295ca3b0154e9) Importer(815301076,1909f56bfc062723c751e8b465ee728b)  -> (artifact id: '03a876ac98dc2b6baa3ccb67f7fa6788') in 0.012169 seconds
Number of updated asset objects reloaded before import = 0
Number of asset objects unloaded after import = 3
========================================================================
Received Import Request.
  Time since last request: 0.000092 seconds.
  path: Assets/MainGameAssets/Tiles/Default/tile_0303.png
  artifactKey: Guid(8896ba96a8ba4c04e98b0b181a5f1c30) Importer(815301076,1909f56bfc062723c751e8b465ee728b)
Start importing Assets/MainGameAssets/Tiles/Default/tile_0303.png using Guid(8896ba96a8ba4c04e98b0b181a5f1c30) Importer(815301076,1909f56bfc062723c751e8b465ee728b)  -> (artifact id: '18798f775df5d24829116a2679171a8a') in 0.008654 seconds
Number of updated asset objects reloaded before import = 0
Number of asset objects unloaded after import = 3
========================================================================
Received Import Request.
  Time since last request: 0.168244 seconds.
  path: Assets/MainGameAssets/Tiles/Default/tile_0312.png
  artifactKey: Guid(2b81fb1f163d8014b8ed5d840c0ae7e4) Importer(815301076,1909f56bfc062723c751e8b465ee728b)
Start importing Assets/MainGameAssets/Tiles/Default/tile_0312.png using Guid(2b81fb1f163d8014b8ed5d840c0ae7e4) Importer(815301076,1909f56bfc062723c751e8b465ee728b)  -> (artifact id: 'bdae59f4d9bd8e3dfd877c04f41fb2a7') in 0.018346 seconds
Number of updated asset objects reloaded before import = 0
Number of asset objects unloaded after import = 3
========================================================================
Received Import Request.
  Time since last request: 0.000025 seconds.
  path: Assets/MainGameAssets/Tiles/Default/tile_0314.png
  artifactKey: Guid(c663c6398021c7540bc0dad9a05d3652) Importer(815301076,1909f56bfc062723c751e8b465ee728b)
Start importing Assets/MainGameAssets/Tiles/Default/tile_0314.png using Guid(c663c6398021c7540bc0dad9a05d3652) Importer(815301076,1909f56bfc062723c751e8b465ee728b)  -> (artifact id: 'd1dac3fb6075f846d399992a4f45143f') in 0.018710 seconds
Number of updated asset objects reloaded before import = 0
Number of asset objects unloaded after import = 3
========================================================================
Received Import Request.
  Time since last request: 0.000650 seconds.
  path: Assets/MainGameAssets/Tiles/Default/tile_0342.png
  artifactKey: Guid(718f42620d93f39498598d83083f77ea) Importer(815301076,1909f56bfc062723c751e8b465ee728b)
Start importing Assets/MainGameAssets/Tiles/Default/tile_0342.png using Guid(718f42620d93f39498598d83083f77ea) Importer(815301076,1909f56bfc062723c751e8b465ee728b)  -> (artifact id: 'f03f364982fc4eefe30c701e28149834') in 0.018284 seconds
Number of updated asset objects reloaded before import = 0
Number of asset objects unloaded after import = 3
========================================================================
Received Import Request.
  Time since last request: 0.000017 seconds.
  path: Assets/MainGameAssets/Tiles/Default/tile_0338.png
  artifactKey: Guid(36d1bf9d398795241ad40886e9e30c85) Importer(815301076,1909f56bfc062723c751e8b465ee728b)
Start importing Assets/MainGameAssets/Tiles/Default/tile_0338.png using Guid(36d1bf9d398795241ad40886e9e30c85) Importer(815301076,1909f56bfc062723c751e8b465ee728b)  -> (artifact id: 'cac1ba0a7dd63153139e003b050e3231') in 0.010816 seconds
Number of updated asset objects reloaded before import = 0
Number of asset objects unloaded after import = 3
========================================================================
Received Import Request.
  Time since last request: 0.000029 seconds.
  path: Assets/MainGameAssets/Tiles/Default/tile_0348.png
  artifactKey: Guid(48f16a0f4d6523642a1cd1f948da3f21) Importer(815301076,1909f56bfc062723c751e8b465ee728b)
Start importing Assets/MainGameAssets/Tiles/Default/tile_0348.png using Guid(48f16a0f4d6523642a1cd1f948da3f21) Importer(815301076,1909f56bfc062723c751e8b465ee728b)  -> (artifact id: 'da8f9d0efdd9e7586cea8f93df0ff032') in 0.012816 seconds
Number of updated asset objects reloaded before import = 0
Number of asset objects unloaded after import = 3
========================================================================
Received Import Request.
  Time since last request: 0.000016 seconds.
  path: Assets/MainGameAssets/Tiles/Default/tile_0330.png
  artifactKey: Guid(7614a8715dd2164469e0361099f9c939) Importer(815301076,1909f56bfc062723c751e8b465ee728b)
Start importing Assets/MainGameAssets/Tiles/Default/tile_0330.png using Guid(7614a8715dd2164469e0361099f9c939) Importer(815301076,1909f56bfc062723c751e8b465ee728b)  -> (artifact id: 'ebb7bab15fbd84bb9bcdf6342fdf2a1d') in 0.009426 seconds
Number of updated asset objects reloaded before import = 0
Number of asset objects unloaded after import = 3
========================================================================
Received Import Request.
  Time since last request: 0.000019 seconds.
  path: Assets/MainGameAssets/Tiles/Default/tile_0344.png
  artifactKey: Guid(73c4132cf8506da4f8c167e1be9f3cff) Importer(815301076,1909f56bfc062723c751e8b465ee728b)
Start importing Assets/MainGameAssets/Tiles/Default/tile_0344.png using Guid(73c4132cf8506da4f8c167e1be9f3cff) Importer(815301076,1909f56bfc062723c751e8b465ee728b)  -> (artifact id: 'c0054324729bffc91a2a930d486e5a2d') in 0.008037 seconds
Number of updated asset objects reloaded before import = 0
Number of asset objects unloaded after import = 3
========================================================================
Received Import Request.
  Time since last request: 0.000019 seconds.
  path: Assets/MainGameAssets/Tiles/Default/tile_0325.png
  artifactKey: Guid(6ae052f71d9e8174fbc04a336848254a) Importer(815301076,1909f56bfc062723c751e8b465ee728b)
Start importing Assets/MainGameAssets/Tiles/Default/tile_0325.png using Guid(6ae052f71d9e8174fbc04a336848254a) Importer(815301076,1909f56bfc062723c751e8b465ee728b)  -> (artifact id: '6f8e81432d3d0632f040c35e64aa2a8c') in 0.007169 seconds
Number of updated asset objects reloaded before import = 0
Number of asset objects unloaded after import = 3
========================================================================
Received Import Request.
  Time since last request: 0.000016 seconds.
  path: Assets/MainGameAssets/Tiles/Default/tile_0322.png
  artifactKey: Guid(15bbf053f46d15346a55b460b9fb78d5) Importer(815301076,1909f56bfc062723c751e8b465ee728b)
Start importing Assets/MainGameAssets/Tiles/Default/tile_0322.png using Guid(15bbf053f46d15346a55b460b9fb78d5) Importer(815301076,1909f56bfc062723c751e8b465ee728b)  -> (artifact id: 'dcef858637d2649e1301e5102b44ec27') in 0.007748 seconds
Number of updated asset objects reloaded before import = 0
Number of asset objects unloaded after import = 3
========================================================================
Received Import Request.
  Time since last request: 0.000019 seconds.
  path: Assets/MainGameAssets/Tiles/Default/tile_0327.png
  artifactKey: Guid(d6240ac5d76925348b1de54163992fc9) Importer(815301076,1909f56bfc062723c751e8b465ee728b)
Start importing Assets/MainGameAssets/Tiles/Default/tile_0327.png using Guid(d6240ac5d76925348b1de54163992fc9) Importer(815301076,1909f56bfc062723c751e8b465ee728b)  -> (artifact id: 'cdd517bbb1e7c2e724557bb44ca5d2fc') in 0.007144 seconds
Number of updated asset objects reloaded before import = 0
Number of asset objects unloaded after import = 3
========================================================================
Received Import Request.
  Time since last request: 30.030367 seconds.
  path: Assets/Menu_assets/kenney_1-bit-platformer-pack/Tiles/Default/tile_0227.png
  artifactKey: Guid(eb545bb2af682a14699d5a635bc6c4b8) Importer(815301076,1909f56bfc062723c751e8b465ee728b)
Start importing Assets/Menu_assets/kenney_1-bit-platformer-pack/Tiles/Default/tile_0227.png using Guid(eb545bb2af682a14699d5a635bc6c4b8) Importer(815301076,1909f56bfc062723c751e8b465ee728b)  -> (artifact id: '23c3b03370830492cb5fac98ac7b4a62') in 0.016292 seconds
Number of updated asset objects reloaded before import = 0
Number of asset objects unloaded after import = 3
========================================================================
Received Import Request.
  Time since last request: 0.000020 seconds.
  path: Assets/Menu_assets/kenney_1-bit-platformer-pack/Tiles/Default/tile_0253.png
  artifactKey: Guid(1c2a8227bd2cff9418fa8075bf253fd5) Importer(815301076,1909f56bfc062723c751e8b465ee728b)
Start importing Assets/Menu_assets/kenney_1-bit-platformer-pack/Tiles/Default/tile_0253.png using Guid(1c2a8227bd2cff9418fa8075bf253fd5) Importer(815301076,1909f56bfc062723c751e8b465ee728b)  -> (artifact id: 'cf815d9317f5c6f6f99b0c6601c04ab8') in 0.008573 seconds
Number of updated asset objects reloaded before import = 0
Number of asset objects unloaded after import = 3
========================================================================
Received Import Request.
  Time since last request: 0.000105 seconds.
  path: Assets/Menu_assets/kenney_1-bit-platformer-pack/Tiles/Default/tile_0244.png
  artifactKey: Guid(4157343a32efd334b8459a81c978f240) Importer(815301076,1909f56bfc062723c751e8b465ee728b)
Start importing Assets/Menu_assets/kenney_1-bit-platformer-pack/Tiles/Default/tile_0244.png using Guid(4157343a32efd334b8459a81c978f240) Importer(815301076,1909f56bfc062723c751e8b465ee728b)  -> (artifact id: '95c0574a5a9b73a62effc52d5f5647f8') in 0.020275 seconds
Number of updated asset objects reloaded before import = 0
Number of asset objects unloaded after import = 3
========================================================================
Received Import Request.
  Time since last request: 0.000015 seconds.
  path: Assets/Menu_assets/kenney_1-bit-platformer-pack/Tiles/Default/tile_0267.png
  artifactKey: Guid(ea672b64b55331f4fa7393edef9c3719) Importer(815301076,1909f56bfc062723c751e8b465ee728b)
Start importing Assets/Menu_assets/kenney_1-bit-platformer-pack/Tiles/Default/tile_0267.png using Guid(ea672b64b55331f4fa7393edef9c3719) Importer(815301076,1909f56bfc062723c751e8b465ee728b)  -> (artifact id: 'cd462bb983947e689040af79dc0a6674') in 0.017216 seconds
Number of updated asset objects reloaded before import = 0
Number of asset objects unloaded after import = 3
========================================================================
Received Import Request.
  Time since last request: 0.000019 seconds.
  path: Assets/Menu_assets/kenney_1-bit-platformer-pack/Tiles/Default/tile_0270.png
  artifactKey: Guid(a61dcf8b3edcbd143992a9e870590893) Importer(815301076,1909f56bfc062723c751e8b465ee728b)
Start importing Assets/Menu_assets/kenney_1-bit-platformer-pack/Tiles/Default/tile_0270.png using Guid(a61dcf8b3edcbd143992a9e870590893) Importer(815301076,1909f56bfc062723c751e8b465ee728b)  -> (artifact id: 'a1fb157be40dbdd976de91ca085ca035') in 0.008025 seconds
Number of updated asset objects reloaded before import = 0
Number of asset objects unloaded after import = 3
========================================================================
Received Import Request.
  Time since last request: 0.000016 seconds.
  path: Assets/Menu_assets/kenney_1-bit-platformer-pack/Tiles/Default/tile_0229.png
  artifactKey: Guid(672d60eaf7cb01a44b788f8ad0bd54b8) Importer(815301076,1909f56bfc062723c751e8b465ee728b)
Start importing Assets/Menu_assets/kenney_1-bit-platformer-pack/Tiles/Default/tile_0229.png using Guid(672d60eaf7cb01a44b788f8ad0bd54b8) Importer(815301076,1909f56bfc062723c751e8b465ee728b)  -> (artifact id: '83d058e9c45af3bd7eb49976f986d2ad') in 0.010819 seconds
Number of updated asset objects reloaded before import = 0
Number of asset objects unloaded after import = 3
========================================================================
Received Import Request.
  Time since last request: 0.000017 seconds.
  path: Assets/Menu_assets/kenney_1-bit-platformer-pack/Tiles/Default/tile_0230.png
  artifactKey: Guid(dbfef79b977b73a419dbfc63bcb109b1) Importer(815301076,1909f56bfc062723c751e8b465ee728b)
Start importing Assets/Menu_assets/kenney_1-bit-platformer-pack/Tiles/Default/tile_0230.png using Guid(dbfef79b977b73a419dbfc63bcb109b1) Importer(815301076,1909f56bfc062723c751e8b465ee728b)  -> (artifact id: '069f56cd1962cf2e4181e4738ccddfdc') in 0.010956 seconds
Number of updated asset objects reloaded before import = 0
Number of asset objects unloaded after import = 3
========================================================================
Received Import Request.
  Time since last request: 0.000018 seconds.
  path: Assets/Menu_assets/kenney_1-bit-platformer-pack/Tiles/Default/tile_0265.png
  artifactKey: Guid(d010c2f7b22f0214c92de953215c3152) Importer(815301076,1909f56bfc062723c751e8b465ee728b)
Start importing Assets/Menu_assets/kenney_1-bit-platformer-pack/Tiles/Default/tile_0265.png using Guid(d010c2f7b22f0214c92de953215c3152) Importer(815301076,1909f56bfc062723c751e8b465ee728b)  -> (artifact id: 'f0a7b8f262817aabe2c29eb10fde3b62') in 0.010324 seconds
Number of updated asset objects reloaded before import = 0
Number of asset objects unloaded after import = 3
========================================================================
Received Import Request.
  Time since last request: 0.000026 seconds.
  path: Assets/Menu_assets/kenney_1-bit-platformer-pack/Tiles/Default/tile_0273.png
  artifactKey: Guid(2af519756d676864d9fd0a036fe93749) Importer(815301076,1909f56bfc062723c751e8b465ee728b)
Start importing Assets/Menu_assets/kenney_1-bit-platformer-pack/Tiles/Default/tile_0273.png using Guid(2af519756d676864d9fd0a036fe93749) Importer(815301076,1909f56bfc062723c751e8b465ee728b)  -> (artifact id: 'eff076c64f38db3acdc969f23003f41d') in 0.007830 seconds
Number of updated asset objects reloaded before import = 0
Number of asset objects unloaded after import = 3
========================================================================
Received Import Request.
  Time since last request: 0.000016 seconds.
  path: Assets/Menu_assets/kenney_1-bit-platformer-pack/Tiles/Default/tile_0269.png
  artifactKey: Guid(23a4057226dac5a44b7d2376699cecb4) Importer(815301076,1909f56bfc062723c751e8b465ee728b)
Start importing Assets/Menu_assets/kenney_1-bit-platformer-pack/Tiles/Default/tile_0269.png using Guid(23a4057226dac5a44b7d2376699cecb4) Importer(815301076,1909f56bfc062723c751e8b465ee728b)  -> (artifact id: 'c043dcf055de50a0af41a2bae098babf') in 0.006395 seconds
Number of updated asset objects reloaded before import = 0
Number of asset objects unloaded after import = 3
========================================================================
Received Import Request.
  Time since last request: 0.000018 seconds.
  path: Assets/Menu_assets/kenney_1-bit-platformer-pack/Tiles/Default/tile_0257.png
  artifactKey: Guid(c4f8e1a63e8529e4f8803bc05498f5cc) Importer(815301076,1909f56bfc062723c751e8b465ee728b)
Start importing Assets/Menu_assets/kenney_1-bit-platformer-pack/Tiles/Default/tile_0257.png using Guid(c4f8e1a63e8529e4f8803bc05498f5cc) Importer(815301076,1909f56bfc062723c751e8b465ee728b)  -> (artifact id: '72fd9d8e9576ec27c93d3eb478947646') in 0.005921 seconds
Number of updated asset objects reloaded before import = 0
Number of asset objects unloaded after import = 3
========================================================================
Received Import Request.
  Time since last request: 0.000019 seconds.
  path: Assets/Menu_assets/kenney_1-bit-platformer-pack/Tiles/Default/tile_0242.png
  artifactKey: Guid(45c0ec57155e7554fb08cf8422964627) Importer(815301076,1909f56bfc062723c751e8b465ee728b)
Start importing Assets/Menu_assets/kenney_1-bit-platformer-pack/Tiles/Default/tile_0242.png using Guid(45c0ec57155e7554fb08cf8422964627) Importer(815301076,1909f56bfc062723c751e8b465ee728b)  -> (artifact id: 'c5288e217ea40c774fc7375e209f8062') in 0.007144 seconds
Number of updated asset objects reloaded before import = 0
Number of asset objects unloaded after import = 3
========================================================================
Received Import Request.
  Time since last request: 0.000015 seconds.
  path: Assets/Menu_assets/kenney_1-bit-platformer-pack/Tiles/Default/tile_0248.png
  artifactKey: Guid(088c082cf89d96241adb10aace9c9845) Importer(815301076,1909f56bfc062723c751e8b465ee728b)
Start importing Assets/Menu_assets/kenney_1-bit-platformer-pack/Tiles/Default/tile_0248.png using Guid(088c082cf89d96241adb10aace9c9845) Importer(815301076,1909f56bfc062723c751e8b465ee728b)  -> (artifact id: 'e81c309e0f5204c60ed04658a1c00f60') in 0.005829 seconds
Number of updated asset objects reloaded before import = 0
Number of asset objects unloaded after import = 3
========================================================================
Received Import Request.
  Time since last request: 0.448122 seconds.
  path: Assets/Menu_assets/kenney_1-bit-platformer-pack/Tiles/Transparent/tile_0227.png
  artifactKey: Guid(3209d4e81a9a3a0499eb5d1f3d2105a3) Importer(815301076,1909f56bfc062723c751e8b465ee728b)
Start importing Assets/Menu_assets/kenney_1-bit-platformer-pack/Tiles/Transparent/tile_0227.png using Guid(3209d4e81a9a3a0499eb5d1f3d2105a3) Importer(815301076,1909f56bfc062723c751e8b465ee728b)  -> (artifact id: 'e62fdeced90af178794159a3785410e7') in 0.014844 seconds
Number of updated asset objects reloaded before import = 0
Number of asset objects unloaded after import = 3
========================================================================
Received Import Request.
  Time since last request: 0.000016 seconds.
  path: Assets/Menu_assets/kenney_1-bit-platformer-pack/Tiles/Transparent/tile_0229.png
  artifactKey: Guid(b56fe77aa85e14c4fbed7adeda859447) Importer(815301076,1909f56bfc062723c751e8b465ee728b)
Start importing Assets/Menu_assets/kenney_1-bit-platformer-pack/Tiles/Transparent/tile_0229.png using Guid(b56fe77aa85e14c4fbed7adeda859447) Importer(815301076,1909f56bfc062723c751e8b465ee728b)  -> (artifact id: 'dd3bfcf5e5f2302e4b079f4417aae9bc') in 0.011501 seconds
Number of updated asset objects reloaded before import = 0
Number of asset objects unloaded after import = 3
========================================================================
Received Import Request.
  Time since last request: 0.000017 seconds.
  path: Assets/Menu_assets/kenney_1-bit-platformer-pack/Tiles/Transparent/tile_0236.png
  artifactKey: Guid(6fefef8c64881a7449b6173ed172b1e4) Importer(815301076,1909f56bfc062723c751e8b465ee728b)
Start importing Assets/Menu_assets/kenney_1-bit-platformer-pack/Tiles/Transparent/tile_0236.png using Guid(6fefef8c64881a7449b6173ed172b1e4) Importer(815301076,1909f56bfc062723c751e8b465ee728b)  -> (artifact id: '85f86da1fda7e8e41207ee303d0e6eb8') in 0.005843 seconds
Number of updated asset objects reloaded before import = 0
Number of asset objects unloaded after import = 3
========================================================================
Received Import Request.
  Time since last request: 15.452037 seconds.
  path: Assets/Menu_assets/kenney_1-bit-platformer-pack/Tilemap/monochrome_tilemap_transparent_packed.png
  artifactKey: Guid(ae727f7c7cd8f154bbf3fef1fb12b1dc) Importer(815301076,1909f56bfc062723c751e8b465ee728b)
Start importing Assets/Menu_assets/kenney_1-bit-platformer-pack/Tilemap/monochrome_tilemap_transparent_packed.png using Guid(ae727f7c7cd8f154bbf3fef1fb12b1dc) Importer(815301076,1909f56bfc062723c751e8b465ee728b)  -> (artifact id: '359f90e988fb623c01567a5e44344d6a') in 0.029117 seconds
Number of updated asset objects reloaded before import = 0
Number of asset objects unloaded after import = 3
========================================================================
Received Import Request.
  Time since last request: 17.222455 seconds.
  path: Assets/Menu_assets/kenney_puzzle-pack-2/Sample3.png
  artifactKey: Guid(a5620c20a18101e4d8ea910f5ac168ab) Importer(815301076,1909f56bfc062723c751e8b465ee728b)
Start importing Assets/Menu_assets/kenney_puzzle-pack-2/Sample3.png using Guid(a5620c20a18101e4d8ea910f5ac168ab) Importer(815301076,1909f56bfc062723c751e8b465ee728b)  -> (artifact id: 'a810f4c2691cbcc3a71df7ec0d512601') in 0.047995 seconds
Number of updated asset objects reloaded before import = 0
Number of asset objects unloaded after import = 3
========================================================================
Received Prepare
Begin MonoManager ReloadAssembly
- Loaded All Assemblies, in  0.429 seconds
Refreshing native plugins compatible for Editor in 6.44 ms, found 4 plugins.
Native extension for WindowsStandalone target not found
Native extension for Android target not found
[Package Manager] Server::EnsureServerProcessIsRunning -- launch failed, reason: Unity was launched with the -noUpm command-line argument
[Package Manager] UpmClient::Send -- Unable to send message (not connected to UPM process).
[Package Manager] Cannot connect to Unity Package Manager local server
Mono: successfully reloaded assembly
- Finished resetting the current domain, in  1.539 seconds
Domain Reload Profiling: 1964ms
	BeginReloadAssembly (139ms)
		ExecutionOrderSort (0ms)
		DisableScriptedObjects (7ms)
		BackupInstance (0ms)
		ReleaseScriptingObjects (0ms)
		CreateAndSetChildDomain (36ms)
	RebuildCommonClasses (32ms)
	RebuildNativeTypeToScriptingClass (7ms)
	initialDomainReloadingComplete (24ms)
	LoadAllAssembliesAndSetupDomain (223ms)
		LoadAssemblies (281ms)
		RebuildTransferFunctionScriptingTraits (0ms)
		AnalyzeDomain (11ms)
			TypeCache.Refresh (4ms)
				TypeCache.ScanAssembly (0ms)
			ScanForSourceGeneratedMonoScriptInfo (0ms)
			ResolveRequiredComponents (6ms)
	FinalizeReload (1539ms)
		ReleaseScriptCaches (0ms)
		RebuildScriptCaches (0ms)
		SetupLoadedEditorAssemblies (547ms)
			LogAssemblyErrors (0ms)
			InitializePlatformSupportModulesInManaged (24ms)
			SetLoadedEditorAssemblies (3ms)
			RefreshPlugins (0ms)
			BeforeProcessingInitializeOnLoad (71ms)
			ProcessInitializeOnLoadAttributes (410ms)
			ProcessInitializeOnLoadMethodAttributes (30ms)
			AfterProcessingInitializeOnLoad (8ms)
			EditorAssembliesLoaded (0ms)
		ExecutionOrderSort2 (0ms)
		AwakeInstancesAfterBackupRestoration (14ms)
Refreshing native plugins compatible for Editor in 5.81 ms, found 4 plugins.
Preloading 0 native plugins for Editor in 0.00 ms.
Unloading 4030 Unused Serialized files (Serialized files now loaded: 0)
Unloading 42 unused Assets / (218.9 KB). Loaded Objects now: 4525.
Memory consumption went from 150.2 MB to 149.9 MB.
Total: 3.548300 ms (FindLiveObjects: 0.302500 ms CreateObjectMapping: 0.091400 ms MarkObjects: 2.961000 ms  DeleteObjects: 0.192300 ms)

Prepare: number of updated asset objects reloaded= 0
AssetImportParameters requested are different than current active one (requested -> active):
  custom:container-demuxer-ogg: 62fdf1f143b41e24485cea50d1cbac27 -> 
  custom:video-codec-MediaFoundation-h265: 746d11721c4dcdbdad8f713fa42b33f4 -> 
  custom:video-decoder-ogg-theora: a1e56fd34408186e4bbccfd4996cb3dc -> 
  custom:framework-win-MediaFoundation: 216162199b28c13a410421893ffa2e32 -> 
  custom:CustomObjectIndexerAttribute: 9a22284fe3817be447336de3de66b15e -> 
  custom:container-demuxer-webm: 4f35f7cbe854078d1ac9338744f61a02 -> 
  custom:container-muxer-webm: aa71ff27fc2769a1b78a27578f13a17b -> 
  custom:video-decoder-webm-vp8: 9c59270c3fd7afecdb556c50c9e8de78 -> 
  custom:SearchIndexIgnoredProperties: e643bd26f0fe6173181afceb89e7c659 -> 
  custom:AudioImporter_EditorPlatform: d09bf68614088b80899f8185d706f6e7 -> 
  custom:video-encoder-webm-vp8: eb34c28f22e8b96e1ab97ce403110664 -> 
  custom:audio-decoder-ogg-vorbis: bf7c407c2cedff20999df2af8eb42d56 -> 
  custom:audio-encoder-webm-vorbis: bf7c407c2cedff20999df2af8eb42d56 -> 
Editor requested this worker to shutdown with reason: Scaling down because of idle timeout
TcpMessagingSession - receive error: operation aborted. errorcode: 995, details: A operao de E/S foi cancelada devido a uma sada do mdulo ou a um pedido da aplicao.
AssetImportWorker is now disconnected from the server
Process exiting
Exiting without the bug reporter. Application will terminate with return code 0