Using pre-set license
Built from '2022.3/staging' branch; Version is '2022.3.25f1 (530ae0ba3889) revision 5442272'; Using compiler version '192829333'; Build Type 'Release'
OS: 'Windows 11  (10.0.22631) 64bit Core' Language: 'pt' Physical Memory: 32038 MB
BatchMode: 1, IsHumanControllingUs: 0, StartBugReporterOnCrash: 0, Is64bit: 1, IsPro: 1

COMMAND LINE ARGUMENTS:
C:\Program Files\Unity\Hub\Editor\2022.3.25f1\Editor\Unity.exe
-adb2
-batchMode
-noUpm
-name
AssetImportWorker16
-projectPath
C:/Users/rodri/OneDrive - Feels Like Home/Pessoal/Unity/GitHub_Repositorys/KenneyJamRepo/KennyGameJam_v3
-logFile
Logs/AssetImportWorker16.log
-srvPort
55854
Successfully changed project path to: C:/Users/rodri/OneDrive - Feels Like Home/Pessoal/Unity/GitHub_Repositorys/KenneyJamRepo/KennyGameJam_v3
C:/Users/rodri/OneDrive - Feels Like Home/Pessoal/Unity/GitHub_Repositorys/KenneyJamRepo/KennyGameJam_v3
[UnityMemory] Configuration Parameters - Can be set up in boot.config
    "memorysetup-bucket-allocator-granularity=16"
    "memorysetup-bucket-allocator-bucket-count=8"
    "memorysetup-bucket-allocator-block-size=33554432"
    "memorysetup-bucket-allocator-block-count=8"
    "memorysetup-main-allocator-block-size=16777216"
    "memorysetup-thread-allocator-block-size=16777216"
    "memorysetup-gfx-main-allocator-block-size=16777216"
    "memorysetup-gfx-thread-allocator-block-size=16777216"
    "memorysetup-cache-allocator-block-size=4194304"
    "memorysetup-typetree-allocator-block-size=2097152"
    "memorysetup-profiler-bucket-allocator-granularity=16"
    "memorysetup-profiler-bucket-allocator-bucket-count=8"
    "memorysetup-profiler-bucket-allocator-block-size=33554432"
    "memorysetup-profiler-bucket-allocator-block-count=8"
    "memorysetup-profiler-allocator-block-size=16777216"
    "memorysetup-profiler-editor-allocator-block-size=1048576"
    "memorysetup-temp-allocator-size-main=16777216"
    "memorysetup-job-temp-allocator-block-size=2097152"
    "memorysetup-job-temp-allocator-block-size-background=1048576"
    "memorysetup-job-temp-allocator-reduction-small-platforms=262144"
    "memorysetup-allocator-temp-initial-block-size-main=262144"
    "memorysetup-allocator-temp-initial-block-size-worker=262144"
    "memorysetup-temp-allocator-size-background-worker=32768"
    "memorysetup-temp-allocator-size-job-worker=262144"
    "memorysetup-temp-allocator-size-preload-manager=33554432"
    "memorysetup-temp-allocator-size-nav-mesh-worker=65536"
    "memorysetup-temp-allocator-size-audio-worker=65536"
    "memorysetup-temp-allocator-size-cloud-worker=32768"
    "memorysetup-temp-allocator-size-gi-baking-worker=262144"
    "memorysetup-temp-allocator-size-gfx=262144"
Player connection [12912] Host "[IP] 192.168.1.86 [Port] 0 [Flags] 2 [Guid] 4081870410 [EditorId] 4081870410 [Version] 1048832 [Id] WindowsEditor(7,Rodrigo) [Debug] 1 [PackageName] WindowsEditor [ProjectName] Editor" joined multi-casting on [225.0.0.222:54997]...

Player connection [12912] Host "[IP] 192.168.1.86 [Port] 0 [Flags] 2 [Guid] 4081870410 [EditorId] 4081870410 [Version] 1048832 [Id] WindowsEditor(7,Rodrigo) [Debug] 1 [PackageName] WindowsEditor [ProjectName] Editor" joined alternative multi-casting on [225.0.0.222:34997]...

[Physics::Module] Initialized MultithreadedJobDispatcher with 15 workers.
Refreshing native plugins compatible for Editor in 12.42 ms, found 4 plugins.
Preloading 0 native plugins for Editor in 0.00 ms.
Initialize engine version: 2022.3.25f1 (530ae0ba3889)
[Subsystems] Discovering subsystems at path C:/Program Files/Unity/Hub/Editor/2022.3.25f1/Editor/Data/Resources/UnitySubsystems
[Subsystems] Discovering subsystems at path C:/Users/rodri/OneDrive - Feels Like Home/Pessoal/Unity/GitHub_Repositorys/KenneyJamRepo/KennyGameJam_v3/Assets
GfxDevice: creating device client; threaded=0; jobified=0
Direct3D:
    Version:  Direct3D 11.0 [level 11.1]
    Renderer: NVIDIA GeForce RTX 4050 Laptop GPU (ID=0x28a1)
    Vendor:   NVIDIA
    VRAM:     5921 MB
    Driver:   32.0.15.5612
Initialize mono
Mono path[0] = 'C:/Program Files/Unity/Hub/Editor/2022.3.25f1/Editor/Data/Managed'
Mono path[1] = 'C:/Program Files/Unity/Hub/Editor/2022.3.25f1/Editor/Data/MonoBleedingEdge/lib/mono/unityjit-win32'
Mono config path = 'C:/Program Files/Unity/Hub/Editor/2022.3.25f1/Editor/Data/MonoBleedingEdge/etc'
Using monoOptions --debugger-agent=transport=dt_socket,embedding=1,server=y,suspend=n,address=127.0.0.1:56168
Begin MonoManager ReloadAssembly
Registering precompiled unity dll's ...
Register platform support module: C:/Program Files/Unity/Hub/Editor/2022.3.25f1/Editor/Data/PlaybackEngines/AndroidPlayer/UnityEditor.Android.Extensions.dll
Register platform support module: C:/Program Files/Unity/Hub/Editor/2022.3.25f1/Editor/Data/PlaybackEngines/WindowsStandaloneSupport/UnityEditor.WindowsStandalone.Extensions.dll
Registered in 0.006880 seconds.
- Loaded All Assemblies, in  0.314 seconds
Native extension for WindowsStandalone target not found
Native extension for Android target not found
Android Extension - Scanning For ADB Devices 324 ms
Mono: successfully reloaded assembly
- Finished resetting the current domain, in  0.609 seconds
Domain Reload Profiling: 921ms
	BeginReloadAssembly (95ms)
		ExecutionOrderSort (0ms)
		DisableScriptedObjects (0ms)
		BackupInstance (0ms)
		ReleaseScriptingObjects (0ms)
		CreateAndSetChildDomain (1ms)
	RebuildCommonClasses (30ms)
	RebuildNativeTypeToScriptingClass (11ms)
	initialDomainReloadingComplete (55ms)
	LoadAllAssembliesAndSetupDomain (120ms)
		LoadAssemblies (93ms)
		RebuildTransferFunctionScriptingTraits (0ms)
		AnalyzeDomain (118ms)
			TypeCache.Refresh (116ms)
				TypeCache.ScanAssembly (105ms)
			ScanForSourceGeneratedMonoScriptInfo (0ms)
			ResolveRequiredComponents (0ms)
	FinalizeReload (609ms)
		ReleaseScriptCaches (0ms)
		RebuildScriptCaches (0ms)
		SetupLoadedEditorAssemblies (560ms)
			LogAssemblyErrors (0ms)
			InitializePlatformSupportModulesInManaged (436ms)
			SetLoadedEditorAssemblies (4ms)
			RefreshPlugins (0ms)
			BeforeProcessingInitializeOnLoad (1ms)
			ProcessInitializeOnLoadAttributes (83ms)
			ProcessInitializeOnLoadMethodAttributes (36ms)
			AfterProcessingInitializeOnLoad (0ms)
			EditorAssembliesLoaded (0ms)
		ExecutionOrderSort2 (0ms)
		AwakeInstancesAfterBackupRestoration (0ms)
========================================================================
Worker process is ready to serve import requests
Begin MonoManager ReloadAssembly
- Loaded All Assemblies, in  0.537 seconds
Refreshing native plugins compatible for Editor in 5.32 ms, found 4 plugins.
Native extension for WindowsStandalone target not found
Native extension for Android target not found
Package Manager log level set to [2]
[Package Manager] Server::EnsureServerProcessIsRunning -- launch failed, reason: Unity was launched with the -noUpm command-line argument
[Package Manager] UpmClient::Send -- Unable to send message (not connected to UPM process).
[Package Manager] Cannot connect to Unity Package Manager local server
Mono: successfully reloaded assembly
- Finished resetting the current domain, in  0.603 seconds
Domain Reload Profiling: 1134ms
	BeginReloadAssembly (111ms)
		ExecutionOrderSort (0ms)
		DisableScriptedObjects (4ms)
		BackupInstance (0ms)
		ReleaseScriptingObjects (0ms)
		CreateAndSetChildDomain (21ms)
	RebuildCommonClasses (24ms)
	RebuildNativeTypeToScriptingClass (7ms)
	initialDomainReloadingComplete (38ms)
	LoadAllAssembliesAndSetupDomain (351ms)
		LoadAssemblies (284ms)
		RebuildTransferFunctionScriptingTraits (0ms)
		AnalyzeDomain (131ms)
			TypeCache.Refresh (112ms)
				TypeCache.ScanAssembly (97ms)
			ScanForSourceGeneratedMonoScriptInfo (15ms)
			ResolveRequiredComponents (3ms)
	FinalizeReload (603ms)
		ReleaseScriptCaches (0ms)
		RebuildScriptCaches (0ms)
		SetupLoadedEditorAssemblies (475ms)
			LogAssemblyErrors (0ms)
			InitializePlatformSupportModulesInManaged (24ms)
			SetLoadedEditorAssemblies (4ms)
			RefreshPlugins (0ms)
			BeforeProcessingInitializeOnLoad (59ms)
			ProcessInitializeOnLoadAttributes (355ms)
			ProcessInitializeOnLoadMethodAttributes (26ms)
			AfterProcessingInitializeOnLoad (6ms)
			EditorAssembliesLoaded (0ms)
		ExecutionOrderSort2 (0ms)
		AwakeInstancesAfterBackupRestoration (6ms)
Launched and connected shader compiler UnityShaderCompiler.exe after 0.05 seconds
Refreshing native plugins compatible for Editor in 5.42 ms, found 4 plugins.
Preloading 0 native plugins for Editor in 0.00 ms.
Unloading 4050 Unused Serialized files (Serialized files now loaded: 0)
Unloading 70 unused Assets / (244.6 KB). Loaded Objects now: 4510.
Memory consumption went from 153.5 MB to 153.3 MB.
Total: 2.928900 ms (FindLiveObjects: 0.276100 ms CreateObjectMapping: 0.088000 ms MarkObjects: 2.378200 ms  DeleteObjects: 0.185500 ms)

AssetImportParameters requested are different than current active one (requested -> active):
  custom:container-demuxer-ogg: 62fdf1f143b41e24485cea50d1cbac27 -> 
  custom:video-codec-MediaFoundation-h265: 746d11721c4dcdbdad8f713fa42b33f4 -> 
  custom:video-decoder-ogg-theora: a1e56fd34408186e4bbccfd4996cb3dc -> 
  custom:framework-win-MediaFoundation: 216162199b28c13a410421893ffa2e32 -> 
  custom:CustomObjectIndexerAttribute: 9a22284fe3817be447336de3de66b15e -> 
  custom:container-demuxer-webm: 4f35f7cbe854078d1ac9338744f61a02 -> 
  custom:container-muxer-webm: aa71ff27fc2769a1b78a27578f13a17b -> 
  custom:video-decoder-webm-vp8: 9c59270c3fd7afecdb556c50c9e8de78 -> 
  custom:SearchIndexIgnoredProperties: e643bd26f0fe6173181afceb89e7c659 -> 
  custom:AudioImporter_EditorPlatform: d09bf68614088b80899f8185d706f6e7 -> 
  custom:video-encoder-webm-vp8: eb34c28f22e8b96e1ab97ce403110664 -> 
  custom:audio-decoder-ogg-vorbis: bf7c407c2cedff20999df2af8eb42d56 -> 
  custom:scripting/monoscript/fileName/PlayerMovement.cs: 5c1499cfc43e291157e191fb54bb34f9 -> 42480eed24e61f9d7e7e895933644f96
  custom:audio-encoder-webm-vorbis: bf7c407c2cedff20999df2af8eb42d56 -> 
========================================================================
Received Prepare
Begin MonoManager ReloadAssembly
- Loaded All Assemblies, in  0.430 seconds
Refreshing native plugins compatible for Editor in 5.13 ms, found 4 plugins.
Native extension for WindowsStandalone target not found
Native extension for Android target not found
[Package Manager] Server::EnsureServerProcessIsRunning -- launch failed, reason: Unity was launched with the -noUpm command-line argument
[Package Manager] UpmClient::Send -- Unable to send message (not connected to UPM process).
[Package Manager] Cannot connect to Unity Package Manager local server
Mono: successfully reloaded assembly
- Finished resetting the current domain, in  1.130 seconds
Domain Reload Profiling: 1554ms
	BeginReloadAssembly (145ms)
		ExecutionOrderSort (0ms)
		DisableScriptedObjects (9ms)
		BackupInstance (0ms)
		ReleaseScriptingObjects (0ms)
		CreateAndSetChildDomain (33ms)
	RebuildCommonClasses (31ms)
	RebuildNativeTypeToScriptingClass (10ms)
	initialDomainReloadingComplete (28ms)
	LoadAllAssembliesAndSetupDomain (210ms)
		LoadAssemblies (278ms)
		RebuildTransferFunctionScriptingTraits (0ms)
		AnalyzeDomain (9ms)
			TypeCache.Refresh (3ms)
				TypeCache.ScanAssembly (0ms)
			ScanForSourceGeneratedMonoScriptInfo (0ms)
			ResolveRequiredComponents (4ms)
	FinalizeReload (1130ms)
		ReleaseScriptCaches (0ms)
		RebuildScriptCaches (0ms)
		SetupLoadedEditorAssemblies (514ms)
			LogAssemblyErrors (0ms)
			InitializePlatformSupportModulesInManaged (26ms)
			SetLoadedEditorAssemblies (3ms)
			RefreshPlugins (0ms)
			BeforeProcessingInitializeOnLoad (63ms)
			ProcessInitializeOnLoadAttributes (387ms)
			ProcessInitializeOnLoadMethodAttributes (28ms)
			AfterProcessingInitializeOnLoad (7ms)
			EditorAssembliesLoaded (0ms)
		ExecutionOrderSort2 (0ms)
		AwakeInstancesAfterBackupRestoration (13ms)
Refreshing native plugins compatible for Editor in 7.06 ms, found 4 plugins.
Preloading 0 native plugins for Editor in 0.00 ms.
Unloading 4031 Unused Serialized files (Serialized files now loaded: 0)
Unloading 42 unused Assets / (217.1 KB). Loaded Objects now: 4515.
Memory consumption went from 150.3 MB to 150.0 MB.
Total: 4.304600 ms (FindLiveObjects: 0.351700 ms CreateObjectMapping: 0.191500 ms MarkObjects: 3.505200 ms  DeleteObjects: 0.255000 ms)

Prepare: number of updated asset objects reloaded= 0
AssetImportParameters requested are different than current active one (requested -> active):
  custom:container-demuxer-ogg: 62fdf1f143b41e24485cea50d1cbac27 -> 
  custom:video-codec-MediaFoundation-h265: 746d11721c4dcdbdad8f713fa42b33f4 -> 
  custom:video-decoder-ogg-theora: a1e56fd34408186e4bbccfd4996cb3dc -> 
  custom:framework-win-MediaFoundation: 216162199b28c13a410421893ffa2e32 -> 
  custom:CustomObjectIndexerAttribute: 9a22284fe3817be447336de3de66b15e -> 
  custom:container-demuxer-webm: 4f35f7cbe854078d1ac9338744f61a02 -> 
  custom:container-muxer-webm: aa71ff27fc2769a1b78a27578f13a17b -> 
  custom:video-decoder-webm-vp8: 9c59270c3fd7afecdb556c50c9e8de78 -> 
  custom:SearchIndexIgnoredProperties: e643bd26f0fe6173181afceb89e7c659 -> 
  custom:AudioImporter_EditorPlatform: d09bf68614088b80899f8185d706f6e7 -> 
  custom:video-encoder-webm-vp8: eb34c28f22e8b96e1ab97ce403110664 -> 
  custom:audio-decoder-ogg-vorbis: bf7c407c2cedff20999df2af8eb42d56 -> 
  custom:scripting/monoscript/fileName/PlayerMovement.cs: 5c1499cfc43e291157e191fb54bb34f9 -> 42480eed24e61f9d7e7e895933644f96
  custom:audio-encoder-webm-vorbis: bf7c407c2cedff20999df2af8eb42d56 -> 

Received Prepare
Begin MonoManager ReloadAssembly
- Loaded All Assemblies, in  0.450 seconds
Refreshing native plugins compatible for Editor in 5.50 ms, found 4 plugins.
Native extension for WindowsStandalone target not found
Native extension for Android target not found
[Package Manager] Server::EnsureServerProcessIsRunning -- launch failed, reason: Unity was launched with the -noUpm command-line argument
[Package Manager] UpmClient::Send -- Unable to send message (not connected to UPM process).
[Package Manager] Cannot connect to Unity Package Manager local server
Mono: successfully reloaded assembly
- Finished resetting the current domain, in  1.064 seconds
Domain Reload Profiling: 1510ms
	BeginReloadAssembly (156ms)
		ExecutionOrderSort (0ms)
		DisableScriptedObjects (13ms)
		BackupInstance (0ms)
		ReleaseScriptingObjects (0ms)
		CreateAndSetChildDomain (39ms)
	RebuildCommonClasses (29ms)
	RebuildNativeTypeToScriptingClass (9ms)
	initialDomainReloadingComplete (28ms)
	LoadAllAssembliesAndSetupDomain (224ms)
		LoadAssemblies (290ms)
		RebuildTransferFunctionScriptingTraits (0ms)
		AnalyzeDomain (10ms)
			TypeCache.Refresh (4ms)
				TypeCache.ScanAssembly (0ms)
			ScanForSourceGeneratedMonoScriptInfo (0ms)
			ResolveRequiredComponents (5ms)
	FinalizeReload (1064ms)
		ReleaseScriptCaches (0ms)
		RebuildScriptCaches (0ms)
		SetupLoadedEditorAssemblies (449ms)
			LogAssemblyErrors (0ms)
			InitializePlatformSupportModulesInManaged (16ms)
			SetLoadedEditorAssemblies (2ms)
			RefreshPlugins (0ms)
			BeforeProcessingInitializeOnLoad (52ms)
			ProcessInitializeOnLoadAttributes (344ms)
			ProcessInitializeOnLoadMethodAttributes (29ms)
			AfterProcessingInitializeOnLoad (6ms)
			EditorAssembliesLoaded (0ms)
		ExecutionOrderSort2 (0ms)
		AwakeInstancesAfterBackupRestoration (11ms)
Refreshing native plugins compatible for Editor in 5.02 ms, found 4 plugins.
Preloading 0 native plugins for Editor in 0.00 ms.
Unloading 4031 Unused Serialized files (Serialized files now loaded: 0)
Unloading 42 unused Assets / (217.2 KB). Loaded Objects now: 4519.
Memory consumption went from 152.2 MB to 152.0 MB.
Total: 3.331800 ms (FindLiveObjects: 0.317700 ms CreateObjectMapping: 0.135300 ms MarkObjects: 2.700400 ms  DeleteObjects: 0.176900 ms)

Prepare: number of updated asset objects reloaded= 0
AssetImportParameters requested are different than current active one (requested -> active):
  custom:container-demuxer-ogg: 62fdf1f143b41e24485cea50d1cbac27 -> 
  custom:video-codec-MediaFoundation-h265: 746d11721c4dcdbdad8f713fa42b33f4 -> 
  custom:video-decoder-ogg-theora: a1e56fd34408186e4bbccfd4996cb3dc -> 
  custom:framework-win-MediaFoundation: 216162199b28c13a410421893ffa2e32 -> 
  custom:CustomObjectIndexerAttribute: 9a22284fe3817be447336de3de66b15e -> 
  custom:container-demuxer-webm: 4f35f7cbe854078d1ac9338744f61a02 -> 
  custom:container-muxer-webm: aa71ff27fc2769a1b78a27578f13a17b -> 
  custom:video-decoder-webm-vp8: 9c59270c3fd7afecdb556c50c9e8de78 -> 
  custom:SearchIndexIgnoredProperties: e643bd26f0fe6173181afceb89e7c659 -> 
  custom:AudioImporter_EditorPlatform: d09bf68614088b80899f8185d706f6e7 -> 
  custom:video-encoder-webm-vp8: eb34c28f22e8b96e1ab97ce403110664 -> 
  custom:audio-decoder-ogg-vorbis: bf7c407c2cedff20999df2af8eb42d56 -> 
  custom:scripting/monoscript/fileName/PlayerMovement.cs: 5c1499cfc43e291157e191fb54bb34f9 -> 42480eed24e61f9d7e7e895933644f96
  custom:audio-encoder-webm-vorbis: bf7c407c2cedff20999df2af8eb42d56 -> 
========================================================================
Received Import Request.
  Time since last request: 93652.313464 seconds.
  path: Assets/MainGameAssets/Tiles/Default/tile_0001.png
  artifactKey: Guid(aa4136aac943ff247b758ea61edbe802) Importer(815301076,1909f56bfc062723c751e8b465ee728b)
Start importing Assets/MainGameAssets/Tiles/Default/tile_0001.png using Guid(aa4136aac943ff247b758ea61edbe802) Importer(815301076,1909f56bfc062723c751e8b465ee728b)  -> (artifact id: '47bd0c8b2e2e0702e7678a66ce102db1') in 0.057553 seconds
Number of updated asset objects reloaded before import = 0
Number of asset objects unloaded after import = 3
========================================================================
Received Import Request.
  Time since last request: 0.015411 seconds.
  path: Assets/MainGameAssets/Tiles/Default/tile_0005.png
  artifactKey: Guid(d43f8808db0f82d4abaa15fcd1f0f12c) Importer(815301076,1909f56bfc062723c751e8b465ee728b)
Start importing Assets/MainGameAssets/Tiles/Default/tile_0005.png using Guid(d43f8808db0f82d4abaa15fcd1f0f12c) Importer(815301076,1909f56bfc062723c751e8b465ee728b)  -> (artifact id: '2ad438708cdfb77e93cae15910ce3dc6') in 0.008566 seconds
Number of updated asset objects reloaded before import = 0
Number of asset objects unloaded after import = 3
========================================================================
Received Import Request.
  Time since last request: 0.000011 seconds.
  path: Assets/MainGameAssets/Tiles/Default/tile_0010.png
  artifactKey: Guid(14a51e05139608b4bb8cb2ea36aa249f) Importer(815301076,1909f56bfc062723c751e8b465ee728b)
Start importing Assets/MainGameAssets/Tiles/Default/tile_0010.png using Guid(14a51e05139608b4bb8cb2ea36aa249f) Importer(815301076,1909f56bfc062723c751e8b465ee728b)  -> (artifact id: 'b0fd5d7d3dca0349368d7c465b78329f') in 0.007381 seconds
Number of updated asset objects reloaded before import = 0
Number of asset objects unloaded after import = 3
========================================================================
Received Import Request.
  Time since last request: 0.000014 seconds.
  path: Assets/MainGameAssets/Tiles/Default/tile_0024.png
  artifactKey: Guid(753482ff4340a4949a643abd91da4501) Importer(815301076,1909f56bfc062723c751e8b465ee728b)
Start importing Assets/MainGameAssets/Tiles/Default/tile_0024.png using Guid(753482ff4340a4949a643abd91da4501) Importer(815301076,1909f56bfc062723c751e8b465ee728b)  -> (artifact id: '6ce6ddf53bc68d3e8e40ccf8ef6553b7') in 0.009239 seconds
Number of updated asset objects reloaded before import = 0
Number of asset objects unloaded after import = 3
========================================================================
Received Import Request.
  Time since last request: 0.000011 seconds.
  path: Assets/MainGameAssets/Tiles/Default/tile_0056.png
  artifactKey: Guid(7b73dcf8df2b41c4a92077dc49136898) Importer(815301076,1909f56bfc062723c751e8b465ee728b)
Start importing Assets/MainGameAssets/Tiles/Default/tile_0056.png using Guid(7b73dcf8df2b41c4a92077dc49136898) Importer(815301076,1909f56bfc062723c751e8b465ee728b)  -> (artifact id: 'f9e8cea171d31ff0258546d03f8870c9') in 0.006840 seconds
Number of updated asset objects reloaded before import = 0
Number of asset objects unloaded after import = 3
========================================================================
Received Import Request.
  Time since last request: 0.000011 seconds.
  path: Assets/MainGameAssets/Tiles/Default/tile_0035.png
  artifactKey: Guid(949bc8ef2204f254f91e45b6cababd1a) Importer(815301076,1909f56bfc062723c751e8b465ee728b)
Start importing Assets/MainGameAssets/Tiles/Default/tile_0035.png using Guid(949bc8ef2204f254f91e45b6cababd1a) Importer(815301076,1909f56bfc062723c751e8b465ee728b)  -> (artifact id: 'e022c341af62065a7636421f83e1e44d') in 0.008202 seconds
Number of updated asset objects reloaded before import = 0
Number of asset objects unloaded after import = 3
========================================================================
Received Import Request.
  Time since last request: 0.000012 seconds.
  path: Assets/MainGameAssets/Tiles/Default/tile_0050.png
  artifactKey: Guid(8ed7ca629a3a2d04691e1321d48b92e0) Importer(815301076,1909f56bfc062723c751e8b465ee728b)
Start importing Assets/MainGameAssets/Tiles/Default/tile_0050.png using Guid(8ed7ca629a3a2d04691e1321d48b92e0) Importer(815301076,1909f56bfc062723c751e8b465ee728b)  -> (artifact id: 'ec46d06ff8fd52320eb419cd9ae34bf4') in 0.008595 seconds
Number of updated asset objects reloaded before import = 0
Number of asset objects unloaded after import = 3
========================================================================
Received Import Request.
  Time since last request: 0.000018 seconds.
  path: Assets/MainGameAssets/Tiles/Default/tile_0044.png
  artifactKey: Guid(1f229e3b7989f9944b8c1d69c73e4914) Importer(815301076,1909f56bfc062723c751e8b465ee728b)
Start importing Assets/MainGameAssets/Tiles/Default/tile_0044.png using Guid(1f229e3b7989f9944b8c1d69c73e4914) Importer(815301076,1909f56bfc062723c751e8b465ee728b)  -> (artifact id: '4fb35394e0cf19b06c8378648257ede4') in 0.008249 seconds
Number of updated asset objects reloaded before import = 0
Number of asset objects unloaded after import = 3
========================================================================
Received Import Request.
  Time since last request: 0.000032 seconds.
  path: Assets/MainGameAssets/Tiles/Default/tile_0052.png
  artifactKey: Guid(2a27b9bf0ceb2254e9dd88494f0e3992) Importer(815301076,1909f56bfc062723c751e8b465ee728b)
Start importing Assets/MainGameAssets/Tiles/Default/tile_0052.png using Guid(2a27b9bf0ceb2254e9dd88494f0e3992) Importer(815301076,1909f56bfc062723c751e8b465ee728b)  -> (artifact id: '423527334247ccf3b18a7bd008368820') in 0.006439 seconds
Number of updated asset objects reloaded before import = 0
Number of asset objects unloaded after import = 3
========================================================================
Received Import Request.
  Time since last request: 0.000016 seconds.
  path: Assets/MainGameAssets/Tiles/Default/tile_0025.png
  artifactKey: Guid(a535e1a33c799694193d3b2e8897bdaa) Importer(815301076,1909f56bfc062723c751e8b465ee728b)
Start importing Assets/MainGameAssets/Tiles/Default/tile_0025.png using Guid(a535e1a33c799694193d3b2e8897bdaa) Importer(815301076,1909f56bfc062723c751e8b465ee728b)  -> (artifact id: '812110d4a7d3394e1caacb9bd1707bef') in 0.007175 seconds
Number of updated asset objects reloaded before import = 0
Number of asset objects unloaded after import = 3
========================================================================
Received Import Request.
  Time since last request: 0.000019 seconds.
  path: Assets/MainGameAssets/Tiles/Default/tile_0011.png
  artifactKey: Guid(fb7bc1e4ffd8d2740828a76dcd7b89b8) Importer(815301076,1909f56bfc062723c751e8b465ee728b)
Start importing Assets/MainGameAssets/Tiles/Default/tile_0011.png using Guid(fb7bc1e4ffd8d2740828a76dcd7b89b8) Importer(815301076,1909f56bfc062723c751e8b465ee728b)  -> (artifact id: 'ba870dacd2d25b4b358ba862805f2e93') in 0.006130 seconds
Number of updated asset objects reloaded before import = 0
Number of asset objects unloaded after import = 3
========================================================================
Received Import Request.
  Time since last request: 0.000011 seconds.
  path: Assets/MainGameAssets/Tiles/Default/tile_0040.png
  artifactKey: Guid(98ef7f05c7d104d48bd1a81bf55ef43a) Importer(815301076,1909f56bfc062723c751e8b465ee728b)
Start importing Assets/MainGameAssets/Tiles/Default/tile_0040.png using Guid(98ef7f05c7d104d48bd1a81bf55ef43a) Importer(815301076,1909f56bfc062723c751e8b465ee728b)  -> (artifact id: '9b6170a717a5a2146551015808dcc86a') in 0.009250 seconds
Number of updated asset objects reloaded before import = 0
Number of asset objects unloaded after import = 3
========================================================================
Received Import Request.
  Time since last request: 0.000013 seconds.
  path: Assets/MainGameAssets/Tiles/Default/tile_0022.png
  artifactKey: Guid(1c7a8a66eb2c1b24b943c59ae730cc78) Importer(815301076,1909f56bfc062723c751e8b465ee728b)
Start importing Assets/MainGameAssets/Tiles/Default/tile_0022.png using Guid(1c7a8a66eb2c1b24b943c59ae730cc78) Importer(815301076,1909f56bfc062723c751e8b465ee728b)  -> (artifact id: 'b3e0076ca20d9268f5f192ac865fc214') in 0.006533 seconds
Number of updated asset objects reloaded before import = 0
Number of asset objects unloaded after import = 3
========================================================================
Received Import Request.
  Time since last request: 0.000057 seconds.
  path: Assets/MainGameAssets/Tiles/Default/tile_0009.png
  artifactKey: Guid(3c232d75c13468d46bd9fca476e38298) Importer(815301076,1909f56bfc062723c751e8b465ee728b)
Start importing Assets/MainGameAssets/Tiles/Default/tile_0009.png using Guid(3c232d75c13468d46bd9fca476e38298) Importer(815301076,1909f56bfc062723c751e8b465ee728b)  -> (artifact id: '46547328f6abe0e19507ba0577df7ee5') in 0.006172 seconds
Number of updated asset objects reloaded before import = 0
Number of asset objects unloaded after import = 3
========================================================================
Received Import Request.
  Time since last request: 0.000012 seconds.
  path: Assets/MainGameAssets/Tiles/Default/tile_0036.png
  artifactKey: Guid(b33a89b9d70d2904d8d38ebc29e97ddd) Importer(815301076,1909f56bfc062723c751e8b465ee728b)
Start importing Assets/MainGameAssets/Tiles/Default/tile_0036.png using Guid(b33a89b9d70d2904d8d38ebc29e97ddd) Importer(815301076,1909f56bfc062723c751e8b465ee728b)  -> (artifact id: 'bc73df38132e3390473db26976ee1ab8') in 0.007265 seconds
Number of updated asset objects reloaded before import = 0
Number of asset objects unloaded after import = 3
========================================================================
Received Import Request.
  Time since last request: 0.000016 seconds.
  path: Assets/MainGameAssets/Tiles/Default/tile_0017.png
  artifactKey: Guid(32b59964453c1bd4a99bdef381d514eb) Importer(815301076,1909f56bfc062723c751e8b465ee728b)
Start importing Assets/MainGameAssets/Tiles/Default/tile_0017.png using Guid(32b59964453c1bd4a99bdef381d514eb) Importer(815301076,1909f56bfc062723c751e8b465ee728b)  -> (artifact id: '2070b279a6b7a69f1bad49dbd948b69c') in 0.010193 seconds
Number of updated asset objects reloaded before import = 0
Number of asset objects unloaded after import = 3
========================================================================
Received Import Request.
  Time since last request: 0.000020 seconds.
  path: Assets/MainGameAssets/Tiles/Default/tile_0031.png
  artifactKey: Guid(8db782e3a851a51478088d85554f7625) Importer(815301076,1909f56bfc062723c751e8b465ee728b)
Start importing Assets/MainGameAssets/Tiles/Default/tile_0031.png using Guid(8db782e3a851a51478088d85554f7625) Importer(815301076,1909f56bfc062723c751e8b465ee728b)  -> (artifact id: '737cf6666d9d6f3164a33ccf003b9af9') in 0.020772 seconds
Number of updated asset objects reloaded before import = 0
Number of asset objects unloaded after import = 3
========================================================================
Received Import Request.
  Time since last request: 0.000018 seconds.
  path: Assets/MainGameAssets/Tiles/Default/tile_0037.png
  artifactKey: Guid(9f7ad2643bac3f5459b0f48b24c8575d) Importer(815301076,1909f56bfc062723c751e8b465ee728b)
Start importing Assets/MainGameAssets/Tiles/Default/tile_0037.png using Guid(9f7ad2643bac3f5459b0f48b24c8575d) Importer(815301076,1909f56bfc062723c751e8b465ee728b)  -> (artifact id: '683ae47d4b0d0583690f974d12a54680') in 0.011325 seconds
Number of updated asset objects reloaded before import = 0
Number of asset objects unloaded after import = 3
========================================================================
Received Import Request.
  Time since last request: 0.000015 seconds.
  path: Assets/MainGameAssets/Tiles/Default/tile_0042.png
  artifactKey: Guid(83868d34590340541ad94049ddcddd28) Importer(815301076,1909f56bfc062723c751e8b465ee728b)
Start importing Assets/MainGameAssets/Tiles/Default/tile_0042.png using Guid(83868d34590340541ad94049ddcddd28) Importer(815301076,1909f56bfc062723c751e8b465ee728b)  -> (artifact id: '700055bce9eb5b840e525a5960e42f9a') in 0.009127 seconds
Number of updated asset objects reloaded before import = 0
Number of asset objects unloaded after import = 3
========================================================================
Received Import Request.
  Time since last request: 0.000018 seconds.
  path: Assets/MainGameAssets/Tiles/Default/tile_0047.png
  artifactKey: Guid(e690452fd77afd045aa82bd74e473b69) Importer(815301076,1909f56bfc062723c751e8b465ee728b)
Start importing Assets/MainGameAssets/Tiles/Default/tile_0047.png using Guid(e690452fd77afd045aa82bd74e473b69) Importer(815301076,1909f56bfc062723c751e8b465ee728b)  -> (artifact id: '836dd7026b77fc7ec17da29da3c60163') in 0.006606 seconds
Number of updated asset objects reloaded before import = 0
Number of asset objects unloaded after import = 3
========================================================================
Received Import Request.
  Time since last request: 0.000014 seconds.
  path: Assets/MainGameAssets/Tiles/Default/tile_0014.png
  artifactKey: Guid(cab0ecd44708f7e49afe2c12e2037246) Importer(815301076,1909f56bfc062723c751e8b465ee728b)
Start importing Assets/MainGameAssets/Tiles/Default/tile_0014.png using Guid(cab0ecd44708f7e49afe2c12e2037246) Importer(815301076,1909f56bfc062723c751e8b465ee728b)  -> (artifact id: '6e68ed8c5e042a0facb4be761d9cc662') in 0.006307 seconds
Number of updated asset objects reloaded before import = 0
Number of asset objects unloaded after import = 3
========================================================================
Received Import Request.
  Time since last request: 0.000010 seconds.
  path: Assets/MainGameAssets/Tiles/Default/tile_0045.png
  artifactKey: Guid(9083855ef82639645be459284ac75677) Importer(815301076,1909f56bfc062723c751e8b465ee728b)
Start importing Assets/MainGameAssets/Tiles/Default/tile_0045.png using Guid(9083855ef82639645be459284ac75677) Importer(815301076,1909f56bfc062723c751e8b465ee728b)  -> (artifact id: '3a2ad06ae1e02674594cde9e246182b6') in 0.005280 seconds
Number of updated asset objects reloaded before import = 0
Number of asset objects unloaded after import = 3
========================================================================
Received Import Request.
  Time since last request: 0.000019 seconds.
  path: Assets/MainGameAssets/Tiles/Default/tile_0018.png
  artifactKey: Guid(4c35b2b52c291db42b1e87cf4d6c84d4) Importer(815301076,1909f56bfc062723c751e8b465ee728b)
Start importing Assets/MainGameAssets/Tiles/Default/tile_0018.png using Guid(4c35b2b52c291db42b1e87cf4d6c84d4) Importer(815301076,1909f56bfc062723c751e8b465ee728b)  -> (artifact id: '142f8f7f3147a29c0ce219d1448a1bcd') in 0.007444 seconds
Number of updated asset objects reloaded before import = 0
Number of asset objects unloaded after import = 3
========================================================================
Received Import Request.
  Time since last request: 0.000020 seconds.
  path: Assets/MainGameAssets/Tiles/Default/tile_0004.png
  artifactKey: Guid(7e8cfa92b33f5c643b0afad86a66d0f5) Importer(815301076,1909f56bfc062723c751e8b465ee728b)
Start importing Assets/MainGameAssets/Tiles/Default/tile_0004.png using Guid(7e8cfa92b33f5c643b0afad86a66d0f5) Importer(815301076,1909f56bfc062723c751e8b465ee728b)  -> (artifact id: 'f8c222ee640175282c5198bb6a8ce290') in 0.006534 seconds
Number of updated asset objects reloaded before import = 0
Number of asset objects unloaded after import = 3
========================================================================
Received Import Request.
  Time since last request: 0.000021 seconds.
  path: Assets/MainGameAssets/Tiles/Default/tile_0028.png
  artifactKey: Guid(54d2ca06eb264ed4b9abaa9f708574eb) Importer(815301076,1909f56bfc062723c751e8b465ee728b)
Start importing Assets/MainGameAssets/Tiles/Default/tile_0028.png using Guid(54d2ca06eb264ed4b9abaa9f708574eb) Importer(815301076,1909f56bfc062723c751e8b465ee728b)  -> (artifact id: 'ba28454df38410c95ce3314e4b1793d8') in 0.006520 seconds
Number of updated asset objects reloaded before import = 0
Number of asset objects unloaded after import = 3
========================================================================
Received Import Request.
  Time since last request: 0.000012 seconds.
  path: Assets/MainGameAssets/Tiles/Default/tile_0039.png
  artifactKey: Guid(54325fece8cdc294fab4cecad0db86b1) Importer(815301076,1909f56bfc062723c751e8b465ee728b)
Start importing Assets/MainGameAssets/Tiles/Default/tile_0039.png using Guid(54325fece8cdc294fab4cecad0db86b1) Importer(815301076,1909f56bfc062723c751e8b465ee728b)  -> (artifact id: 'aae266d9666846e70a0c6f38e5821cf3') in 0.007249 seconds
Number of updated asset objects reloaded before import = 0
Number of asset objects unloaded after import = 3
========================================================================
Received Import Request.
  Time since last request: 0.000012 seconds.
  path: Assets/MainGameAssets/Tiles/Default/tile_0046.png
  artifactKey: Guid(3a1d0aff39acbe34f9a9f0f4dd4bf44e) Importer(815301076,1909f56bfc062723c751e8b465ee728b)
Start importing Assets/MainGameAssets/Tiles/Default/tile_0046.png using Guid(3a1d0aff39acbe34f9a9f0f4dd4bf44e) Importer(815301076,1909f56bfc062723c751e8b465ee728b)  -> (artifact id: '8f8554e43a4a3c1603ed5c5f22f47597') in 0.006367 seconds
Number of updated asset objects reloaded before import = 0
Number of asset objects unloaded after import = 3
========================================================================
Received Import Request.
  Time since last request: 0.000016 seconds.
  path: Assets/MainGameAssets/Tiles/Default/tile_0006.png
  artifactKey: Guid(0e1d7771e1d420a4a821c58729a4d8a0) Importer(815301076,1909f56bfc062723c751e8b465ee728b)
Start importing Assets/MainGameAssets/Tiles/Default/tile_0006.png using Guid(0e1d7771e1d420a4a821c58729a4d8a0) Importer(815301076,1909f56bfc062723c751e8b465ee728b)  -> (artifact id: 'd009ca3d8d4f16263957f7c51049ed7c') in 0.006497 seconds
Number of updated asset objects reloaded before import = 0
Number of asset objects unloaded after import = 3

