Using pre-set license
Built from '2022.3/staging' branch; Version is '2022.3.25f1 (530ae0ba3889) revision 5442272'; Using compiler version '192829333'; Build Type 'Release'
OS: 'Windows 10  (10.0.17763) 64bit EnterpriseS' Language: 'ru' Physical Memory: 16234 MB
BatchMode: 1, IsHumanControllingUs: 0, StartBugReporterOnCrash: 0, Is64bit: 1, IsPro: 1

COMMAND LINE ARGUMENTS:
D:\2022.3.25f1\Editor\Unity.exe
-adb2
-batchMode
-noUpm
-name
AssetImportWorker5
-projectPath
D:/GitHub/KenneyJamRepo/KennyGameJam_v3
-logFile
Logs/AssetImportWorker5.log
-srvPort
50024
Successfully changed project path to: D:/GitHub/KenneyJamRepo/KennyGameJam_v3
D:/GitHub/KenneyJamRepo/KennyGameJam_v3
[UnityMemory] Configuration Parameters - Can be set up in boot.config
    "memorysetup-bucket-allocator-granularity=16"
    "memorysetup-bucket-allocator-bucket-count=8"
    "memorysetup-bucket-allocator-block-size=33554432"
    "memorysetup-bucket-allocator-block-count=8"
    "memorysetup-main-allocator-block-size=16777216"
    "memorysetup-thread-allocator-block-size=16777216"
    "memorysetup-gfx-main-allocator-block-size=16777216"
    "memorysetup-gfx-thread-allocator-block-size=16777216"
    "memorysetup-cache-allocator-block-size=4194304"
    "memorysetup-typetree-allocator-block-size=2097152"
    "memorysetup-profiler-bucket-allocator-granularity=16"
    "memorysetup-profiler-bucket-allocator-bucket-count=8"
    "memorysetup-profiler-bucket-allocator-block-size=33554432"
    "memorysetup-profiler-bucket-allocator-block-count=8"
    "memorysetup-profiler-allocator-block-size=16777216"
    "memorysetup-profiler-editor-allocator-block-size=1048576"
    "memorysetup-temp-allocator-size-main=16777216"
    "memorysetup-job-temp-allocator-block-size=2097152"
    "memorysetup-job-temp-allocator-block-size-background=1048576"
    "memorysetup-job-temp-allocator-reduction-small-platforms=262144"
    "memorysetup-allocator-temp-initial-block-size-main=262144"
    "memorysetup-allocator-temp-initial-block-size-worker=262144"
    "memorysetup-temp-allocator-size-background-worker=32768"
    "memorysetup-temp-allocator-size-job-worker=262144"
    "memorysetup-temp-allocator-size-preload-manager=33554432"
    "memorysetup-temp-allocator-size-nav-mesh-worker=65536"
    "memorysetup-temp-allocator-size-audio-worker=65536"
    "memorysetup-temp-allocator-size-cloud-worker=32768"
    "memorysetup-temp-allocator-size-gi-baking-worker=262144"
    "memorysetup-temp-allocator-size-gfx=262144"
Player connection [15064] Host "[IP] 192.168.31.25 [Port] 0 [Flags] 2 [Guid] 2895756244 [EditorId] 2895756244 [Version] 1048832 [Id] WindowsEditor(7,Computer) [Debug] 1 [PackageName] WindowsEditor [ProjectName] Editor" joined multi-casting on [225.0.0.222:54997]...

Player connection [15064] Host "[IP] 192.168.31.25 [Port] 0 [Flags] 2 [Guid] 2895756244 [EditorId] 2895756244 [Version] 1048832 [Id] WindowsEditor(7,Computer) [Debug] 1 [PackageName] WindowsEditor [ProjectName] Editor" joined alternative multi-casting on [225.0.0.222:34997]...

[Physics::Module] Initialized MultithreadedJobDispatcher with 7 workers.
Refreshing native plugins compatible for Editor in 5.85 ms, found 4 plugins.
Preloading 0 native plugins for Editor in 0.00 ms.
Initialize engine version: 2022.3.25f1 (530ae0ba3889)
[Subsystems] Discovering subsystems at path D:/2022.3.25f1/Editor/Data/Resources/UnitySubsystems
[Subsystems] Discovering subsystems at path D:/GitHub/KenneyJamRepo/KennyGameJam_v3/Assets
GfxDevice: creating device client; threaded=0; jobified=0
Direct3D:
    Version:  Direct3D 11.0 [level 11.1]
    Renderer: NVIDIA GeForce GTX 1050 (ID=0x1c91)
    Vendor:   NVIDIA
    VRAM:     2996 MB
    Driver:   31.0.15.4626
Initialize mono
Mono path[0] = 'D:/2022.3.25f1/Editor/Data/Managed'
Mono path[1] = 'D:/2022.3.25f1/Editor/Data/MonoBleedingEdge/lib/mono/unityjit-win32'
Mono config path = 'D:/2022.3.25f1/Editor/Data/MonoBleedingEdge/etc'
Using monoOptions --debugger-agent=transport=dt_socket,embedding=1,server=y,suspend=n,address=127.0.0.1:56076
Begin MonoManager ReloadAssembly
Registering precompiled unity dll's ...
Register platform support module: D:/2022.3.25f1/Editor/Data/PlaybackEngines/WindowsStandaloneSupport/UnityEditor.WindowsStandalone.Extensions.dll
Registered in 0.003345 seconds.
- Loaded All Assemblies, in  0.412 seconds
Native extension for WindowsStandalone target not found
Mono: successfully reloaded assembly
- Finished resetting the current domain, in  0.281 seconds
Domain Reload Profiling: 693ms
	BeginReloadAssembly (129ms)
		ExecutionOrderSort (0ms)
		DisableScriptedObjects (0ms)
		BackupInstance (0ms)
		ReleaseScriptingObjects (0ms)
		CreateAndSetChildDomain (1ms)
	RebuildCommonClasses (61ms)
	RebuildNativeTypeToScriptingClass (13ms)
	initialDomainReloadingComplete (69ms)
	LoadAllAssembliesAndSetupDomain (140ms)
		LoadAssemblies (128ms)
		RebuildTransferFunctionScriptingTraits (0ms)
		AnalyzeDomain (138ms)
			TypeCache.Refresh (136ms)
				TypeCache.ScanAssembly (123ms)
			ScanForSourceGeneratedMonoScriptInfo (0ms)
			ResolveRequiredComponents (0ms)
	FinalizeReload (281ms)
		ReleaseScriptCaches (0ms)
		RebuildScriptCaches (0ms)
		SetupLoadedEditorAssemblies (220ms)
			LogAssemblyErrors (0ms)
			InitializePlatformSupportModulesInManaged (7ms)
			SetLoadedEditorAssemblies (7ms)
			RefreshPlugins (0ms)
			BeforeProcessingInitializeOnLoad (2ms)
			ProcessInitializeOnLoadAttributes (154ms)
			ProcessInitializeOnLoadMethodAttributes (50ms)
			AfterProcessingInitializeOnLoad (0ms)
			EditorAssembliesLoaded (0ms)
		ExecutionOrderSort2 (0ms)
		AwakeInstancesAfterBackupRestoration (0ms)
========================================================================
Worker process is ready to serve import requests
Begin MonoManager ReloadAssembly
- Loaded All Assemblies, in  0.615 seconds
Refreshing native plugins compatible for Editor in 3.51 ms, found 4 plugins.
Native extension for WindowsStandalone target not found
Package Manager log level set to [2]
[Package Manager] Server::EnsureServerProcessIsRunning -- launch failed, reason: Unity was launched with the -noUpm command-line argument
[Package Manager] UpmClient::Send -- Unable to send message (not connected to UPM process).
[Package Manager] Cannot connect to Unity Package Manager local server
Mono: successfully reloaded assembly
- Finished resetting the current domain, in  0.841 seconds
Domain Reload Profiling: 1456ms
	BeginReloadAssembly (137ms)
		ExecutionOrderSort (0ms)
		DisableScriptedObjects (5ms)
		BackupInstance (0ms)
		ReleaseScriptingObjects (0ms)
		CreateAndSetChildDomain (19ms)
	RebuildCommonClasses (43ms)
	RebuildNativeTypeToScriptingClass (16ms)
	initialDomainReloadingComplete (37ms)
	LoadAllAssembliesAndSetupDomain (382ms)
		LoadAssemblies (266ms)
		RebuildTransferFunctionScriptingTraits (0ms)
		AnalyzeDomain (192ms)
			TypeCache.Refresh (157ms)
				TypeCache.ScanAssembly (142ms)
			ScanForSourceGeneratedMonoScriptInfo (27ms)
			ResolveRequiredComponents (7ms)
	FinalizeReload (842ms)
		ReleaseScriptCaches (0ms)
		RebuildScriptCaches (0ms)
		SetupLoadedEditorAssemblies (625ms)
			LogAssemblyErrors (0ms)
			InitializePlatformSupportModulesInManaged (6ms)
			SetLoadedEditorAssemblies (4ms)
			RefreshPlugins (0ms)
			BeforeProcessingInitializeOnLoad (62ms)
			ProcessInitializeOnLoadAttributes (516ms)
			ProcessInitializeOnLoadMethodAttributes (36ms)
			AfterProcessingInitializeOnLoad (2ms)
			EditorAssembliesLoaded (0ms)
		ExecutionOrderSort2 (0ms)
		AwakeInstancesAfterBackupRestoration (5ms)
Launched and connected shader compiler UnityShaderCompiler.exe after 0.03 seconds
Refreshing native plugins compatible for Editor in 2.60 ms, found 4 plugins.
Preloading 0 native plugins for Editor in 0.00 ms.
Unloading 4049 Unused Serialized files (Serialized files now loaded: 0)
Unloading 64 unused Assets / (61.1 KB). Loaded Objects now: 4513.
Memory consumption went from 147.9 MB to 147.9 MB.
Total: 3.652400 ms (FindLiveObjects: 0.296100 ms CreateObjectMapping: 0.252800 ms MarkObjects: 2.977100 ms  DeleteObjects: 0.125200 ms)

AssetImportParameters requested are different than current active one (requested -> active):
  custom:container-demuxer-ogg: 62fdf1f143b41e24485cea50d1cbac27 -> 
  custom:video-decoder-ogg-theora: a1e56fd34408186e4bbccfd4996cb3dc -> 
  custom:framework-win-MediaFoundation: 216162199b28c13a410421893ffa2e32 -> 
  custom:CustomObjectIndexerAttribute: 9a22284fe3817be447336de3de66b15e -> 
  custom:container-demuxer-webm: 4f35f7cbe854078d1ac9338744f61a02 -> 
  custom:container-muxer-webm: aa71ff27fc2769a1b78a27578f13a17b -> 
  custom:video-decoder-webm-vp8: 9c59270c3fd7afecdb556c50c9e8de78 -> 
  custom:SearchIndexIgnoredProperties: e643bd26f0fe6173181afceb89e7c659 -> 
  custom:AudioImporter_EditorPlatform: d09bf68614088b80899f8185d706f6e7 -> 
  custom:video-encoder-webm-vp8: eb34c28f22e8b96e1ab97ce403110664 -> 
  custom:audio-decoder-ogg-vorbis: bf7c407c2cedff20999df2af8eb42d56 -> 
  custom:audio-encoder-webm-vorbis: bf7c407c2cedff20999df2af8eb42d56 -> 
========================================================================
Received Import Request.
  Time since last request: 1399.838939 seconds.
  path: Assets/kenney_1-bit-platformer-pack/Tiles/Transparent/tile_0242.png
  artifactKey: Guid(9a5e78cc30700b041aac5ac96428e2c3) Importer(815301076,1909f56bfc062723c751e8b465ee728b)
Start importing Assets/kenney_1-bit-platformer-pack/Tiles/Transparent/tile_0242.png using Guid(9a5e78cc30700b041aac5ac96428e2c3) Importer(815301076,1909f56bfc062723c751e8b465ee728b)  -> (artifact id: '3f35b39850e95f40e6c4c776e9bf664e') in 0.104328 seconds
Number of updated asset objects reloaded before import = 0
Number of asset objects unloaded after import = 3
========================================================================
Received Import Request.
  Time since last request: 0.027807 seconds.
  path: Assets/kenney_1-bit-platformer-pack/Tiles/Transparent/tile_0256.png
  artifactKey: Guid(cb1e8412519acb84f8c3477c5e050151) Importer(815301076,1909f56bfc062723c751e8b465ee728b)
Start importing Assets/kenney_1-bit-platformer-pack/Tiles/Transparent/tile_0256.png using Guid(cb1e8412519acb84f8c3477c5e050151) Importer(815301076,1909f56bfc062723c751e8b465ee728b)  -> (artifact id: '7ba704c6bf86dfd2c764b78ae4129687') in 0.009310 seconds
Number of updated asset objects reloaded before import = 0
Number of asset objects unloaded after import = 3
========================================================================
Received Import Request.
  Time since last request: 0.000016 seconds.
  path: Assets/kenney_1-bit-platformer-pack/Tiles/Transparent/tile_0265.png
  artifactKey: Guid(742785cf0f265cd48b3e921547cdf1f4) Importer(815301076,1909f56bfc062723c751e8b465ee728b)
Start importing Assets/kenney_1-bit-platformer-pack/Tiles/Transparent/tile_0265.png using Guid(742785cf0f265cd48b3e921547cdf1f4) Importer(815301076,1909f56bfc062723c751e8b465ee728b)  -> (artifact id: '9abb4314e46479f6ed46d229b386c1d0') in 0.010209 seconds
Number of updated asset objects reloaded before import = 0
Number of asset objects unloaded after import = 3
========================================================================
Received Import Request.
  Time since last request: 0.000015 seconds.
  path: Assets/kenney_1-bit-platformer-pack/Tiles/Transparent/tile_0264.png
  artifactKey: Guid(0752cd10fcb0e774ba9a46ef977f83d2) Importer(815301076,1909f56bfc062723c751e8b465ee728b)
Start importing Assets/kenney_1-bit-platformer-pack/Tiles/Transparent/tile_0264.png using Guid(0752cd10fcb0e774ba9a46ef977f83d2) Importer(815301076,1909f56bfc062723c751e8b465ee728b)  -> (artifact id: '129be10ad370ceb63737d9f736586a17') in 0.010179 seconds
Number of updated asset objects reloaded before import = 0
Number of asset objects unloaded after import = 3
========================================================================
Received Import Request.
  Time since last request: 0.180108 seconds.
  path: Assets/kenney_1-bit-platformer-pack/Tiles/Transparent/tile_0270.png
  artifactKey: Guid(1f2a5e4c2b754454b9df320a731f7065) Importer(815301076,1909f56bfc062723c751e8b465ee728b)
Start importing Assets/kenney_1-bit-platformer-pack/Tiles/Transparent/tile_0270.png using Guid(1f2a5e4c2b754454b9df320a731f7065) Importer(815301076,1909f56bfc062723c751e8b465ee728b)  -> (artifact id: 'a90d60f3d19c3c1f1a39ba7f690fc0f9') in 0.008170 seconds
Number of updated asset objects reloaded before import = 0
Number of asset objects unloaded after import = 3
========================================================================
Received Import Request.
  Time since last request: 0.000015 seconds.
  path: Assets/kenney_1-bit-platformer-pack/Tiles/Transparent/tile_0274.png
  artifactKey: Guid(7b018e602042237439af39d5a468abdc) Importer(815301076,1909f56bfc062723c751e8b465ee728b)
Start importing Assets/kenney_1-bit-platformer-pack/Tiles/Transparent/tile_0274.png using Guid(7b018e602042237439af39d5a468abdc) Importer(815301076,1909f56bfc062723c751e8b465ee728b)  -> (artifact id: 'bd2bf6450b1ea22bc21db76d8fdb515e') in 0.009182 seconds
Number of updated asset objects reloaded before import = 0
Number of asset objects unloaded after import = 3
========================================================================
Received Import Request.
  Time since last request: 0.000017 seconds.
  path: Assets/kenney_1-bit-platformer-pack/Tiles/Transparent/tile_0273.png
  artifactKey: Guid(dacf8f5b35bf4f741bcf61fdab20a1b0) Importer(815301076,1909f56bfc062723c751e8b465ee728b)
Start importing Assets/kenney_1-bit-platformer-pack/Tiles/Transparent/tile_0273.png using Guid(dacf8f5b35bf4f741bcf61fdab20a1b0) Importer(815301076,1909f56bfc062723c751e8b465ee728b)  -> (artifact id: '4461d1809085795940d8238e6597fa28') in 0.008946 seconds
Number of updated asset objects reloaded before import = 0
Number of asset objects unloaded after import = 3
========================================================================
Received Import Request.
  Time since last request: 0.000017 seconds.
  path: Assets/kenney_1-bit-platformer-pack/Tiles/Transparent/tile_0271.png
  artifactKey: Guid(cbc681d54bd015e45bea062e7bc737f1) Importer(815301076,1909f56bfc062723c751e8b465ee728b)
Start importing Assets/kenney_1-bit-platformer-pack/Tiles/Transparent/tile_0271.png using Guid(cbc681d54bd015e45bea062e7bc737f1) Importer(815301076,1909f56bfc062723c751e8b465ee728b)  -> (artifact id: 'dd44f4f0ac949fe2883ba5ffdaab0b8b') in 0.006600 seconds
Number of updated asset objects reloaded before import = 0
Number of asset objects unloaded after import = 3
========================================================================
Received Import Request.
  Time since last request: 0.019366 seconds.
  path: Assets/kenney_1-bit-platformer-pack/Tiles/Transparent/tile_0284.png
  artifactKey: Guid(2c181807dca4ace488aed6fe6aec2ef1) Importer(815301076,1909f56bfc062723c751e8b465ee728b)
Start importing Assets/kenney_1-bit-platformer-pack/Tiles/Transparent/tile_0284.png using Guid(2c181807dca4ace488aed6fe6aec2ef1) Importer(815301076,1909f56bfc062723c751e8b465ee728b)  -> (artifact id: 'fb21028b2bbf3a39d6b3e5c3979eb7d8') in 0.009219 seconds
Number of updated asset objects reloaded before import = 0
Number of asset objects unloaded after import = 3
========================================================================
Received Import Request.
  Time since last request: 0.000018 seconds.
  path: Assets/kenney_1-bit-platformer-pack/Tiles/Transparent/tile_0285.png
  artifactKey: Guid(848acc2411da52a4386e1c218120c0a7) Importer(815301076,1909f56bfc062723c751e8b465ee728b)
Start importing Assets/kenney_1-bit-platformer-pack/Tiles/Transparent/tile_0285.png using Guid(848acc2411da52a4386e1c218120c0a7) Importer(815301076,1909f56bfc062723c751e8b465ee728b)  -> (artifact id: '2a58eae3d7c1a4b69368e87282f4bebc') in 0.010467 seconds
Number of updated asset objects reloaded before import = 0
Number of asset objects unloaded after import = 3
========================================================================
Received Import Request.
  Time since last request: 0.000017 seconds.
  path: Assets/kenney_1-bit-platformer-pack/Tiles/Transparent/tile_0290.png
  artifactKey: Guid(0dcab21d6f88cf849bf742119eec3074) Importer(815301076,1909f56bfc062723c751e8b465ee728b)
Start importing Assets/kenney_1-bit-platformer-pack/Tiles/Transparent/tile_0290.png using Guid(0dcab21d6f88cf849bf742119eec3074) Importer(815301076,1909f56bfc062723c751e8b465ee728b)  -> (artifact id: '7bbdaa9b6c2e830b26cfbd4e6a0ed28b') in 0.009059 seconds
Number of updated asset objects reloaded before import = 0
Number of asset objects unloaded after import = 3
Editor requested this worker to shutdown with reason: Scaling down because of idle timeout
TcpMessagingSession - receive error: operation aborted. errorcode: 995, details: ќпераци€ ввода/вывода была прервана из-за завершени€ потока команд или по запросу приложени€.
AssetImportWorker is now disconnected from the server
Process exiting
Exiting without the bug reporter. Application will terminate with return code 0