Using pre-set license
Built from '2022.3/staging' branch; Version is '2022.3.25f1 (530ae0ba3889) revision 5442272'; Using compiler version '192829333'; Build Type 'Release'
OS: 'Windows 10  (10.0.17763) 64bit EnterpriseS' Language: 'ru' Physical Memory: 16234 MB
BatchMode: 1, IsHumanControllingUs: 0, StartBugReporterOnCrash: 0, Is64bit: 1, IsPro: 1

COMMAND LINE ARGUMENTS:
D:\2022.3.25f1\Editor\Unity.exe
-adb2
-batchMode
-noUpm
-name
AssetImportWorker4
-projectPath
D:/GitHub/KenneyJamRepo/KennyGameJam_v3
-logFile
Logs/AssetImportWorker4.log
-srvPort
50024
Successfully changed project path to: D:/GitHub/KenneyJamRepo/KennyGameJam_v3
D:/GitHub/KenneyJamRepo/KennyGameJam_v3
[UnityMemory] Configuration Parameters - Can be set up in boot.config
    "memorysetup-bucket-allocator-granularity=16"
    "memorysetup-bucket-allocator-bucket-count=8"
    "memorysetup-bucket-allocator-block-size=33554432"
    "memorysetup-bucket-allocator-block-count=8"
    "memorysetup-main-allocator-block-size=16777216"
    "memorysetup-thread-allocator-block-size=16777216"
    "memorysetup-gfx-main-allocator-block-size=16777216"
    "memorysetup-gfx-thread-allocator-block-size=16777216"
    "memorysetup-cache-allocator-block-size=4194304"
    "memorysetup-typetree-allocator-block-size=2097152"
    "memorysetup-profiler-bucket-allocator-granularity=16"
    "memorysetup-profiler-bucket-allocator-bucket-count=8"
    "memorysetup-profiler-bucket-allocator-block-size=33554432"
    "memorysetup-profiler-bucket-allocator-block-count=8"
    "memorysetup-profiler-allocator-block-size=16777216"
    "memorysetup-profiler-editor-allocator-block-size=1048576"
    "memorysetup-temp-allocator-size-main=16777216"
    "memorysetup-job-temp-allocator-block-size=2097152"
    "memorysetup-job-temp-allocator-block-size-background=1048576"
    "memorysetup-job-temp-allocator-reduction-small-platforms=262144"
    "memorysetup-allocator-temp-initial-block-size-main=262144"
    "memorysetup-allocator-temp-initial-block-size-worker=262144"
    "memorysetup-temp-allocator-size-background-worker=32768"
    "memorysetup-temp-allocator-size-job-worker=262144"
    "memorysetup-temp-allocator-size-preload-manager=33554432"
    "memorysetup-temp-allocator-size-nav-mesh-worker=65536"
    "memorysetup-temp-allocator-size-audio-worker=65536"
    "memorysetup-temp-allocator-size-cloud-worker=32768"
    "memorysetup-temp-allocator-size-gi-baking-worker=262144"
    "memorysetup-temp-allocator-size-gfx=262144"
Player connection [12400] Host "[IP] 192.168.31.25 [Port] 0 [Flags] 2 [Guid] 1099905395 [EditorId] 1099905395 [Version] 1048832 [Id] WindowsEditor(7,Computer) [Debug] 1 [PackageName] WindowsEditor [ProjectName] Editor" joined multi-casting on [225.0.0.222:54997]...

Player connection [12400] Host "[IP] 192.168.31.25 [Port] 0 [Flags] 2 [Guid] 1099905395 [EditorId] 1099905395 [Version] 1048832 [Id] WindowsEditor(7,Computer) [Debug] 1 [PackageName] WindowsEditor [ProjectName] Editor" joined alternative multi-casting on [225.0.0.222:34997]...

[Physics::Module] Initialized MultithreadedJobDispatcher with 7 workers.
Refreshing native plugins compatible for Editor in 9.14 ms, found 4 plugins.
Preloading 0 native plugins for Editor in 0.00 ms.
Initialize engine version: 2022.3.25f1 (530ae0ba3889)
[Subsystems] Discovering subsystems at path D:/2022.3.25f1/Editor/Data/Resources/UnitySubsystems
[Subsystems] Discovering subsystems at path D:/GitHub/KenneyJamRepo/KennyGameJam_v3/Assets
GfxDevice: creating device client; threaded=0; jobified=0
Direct3D:
    Version:  Direct3D 11.0 [level 11.1]
    Renderer: NVIDIA GeForce GTX 1050 (ID=0x1c91)
    Vendor:   NVIDIA
    VRAM:     2996 MB
    Driver:   31.0.15.4626
Initialize mono
Mono path[0] = 'D:/2022.3.25f1/Editor/Data/Managed'
Mono path[1] = 'D:/2022.3.25f1/Editor/Data/MonoBleedingEdge/lib/mono/unityjit-win32'
Mono config path = 'D:/2022.3.25f1/Editor/Data/MonoBleedingEdge/etc'
Using monoOptions --debugger-agent=transport=dt_socket,embedding=1,server=y,suspend=n,address=127.0.0.1:56624
Begin MonoManager ReloadAssembly
Registering precompiled unity dll's ...
Register platform support module: D:/2022.3.25f1/Editor/Data/PlaybackEngines/WindowsStandaloneSupport/UnityEditor.WindowsStandalone.Extensions.dll
Registered in 0.003252 seconds.
- Loaded All Assemblies, in  0.423 seconds
Native extension for WindowsStandalone target not found
Mono: successfully reloaded assembly
- Finished resetting the current domain, in  0.282 seconds
Domain Reload Profiling: 705ms
	BeginReloadAssembly (128ms)
		ExecutionOrderSort (0ms)
		DisableScriptedObjects (0ms)
		BackupInstance (0ms)
		ReleaseScriptingObjects (0ms)
		CreateAndSetChildDomain (1ms)
	RebuildCommonClasses (69ms)
	RebuildNativeTypeToScriptingClass (14ms)
	initialDomainReloadingComplete (61ms)
	LoadAllAssembliesAndSetupDomain (149ms)
		LoadAssemblies (128ms)
		RebuildTransferFunctionScriptingTraits (0ms)
		AnalyzeDomain (147ms)
			TypeCache.Refresh (146ms)
				TypeCache.ScanAssembly (132ms)
			ScanForSourceGeneratedMonoScriptInfo (0ms)
			ResolveRequiredComponents (0ms)
	FinalizeReload (282ms)
		ReleaseScriptCaches (0ms)
		RebuildScriptCaches (0ms)
		SetupLoadedEditorAssemblies (226ms)
			LogAssemblyErrors (0ms)
			InitializePlatformSupportModulesInManaged (11ms)
			SetLoadedEditorAssemblies (7ms)
			RefreshPlugins (0ms)
			BeforeProcessingInitializeOnLoad (2ms)
			ProcessInitializeOnLoadAttributes (156ms)
			ProcessInitializeOnLoadMethodAttributes (50ms)
			AfterProcessingInitializeOnLoad (0ms)
			EditorAssembliesLoaded (0ms)
		ExecutionOrderSort2 (0ms)
		AwakeInstancesAfterBackupRestoration (0ms)
========================================================================
Worker process is ready to serve import requests
Begin MonoManager ReloadAssembly
- Loaded All Assemblies, in  0.617 seconds
Refreshing native plugins compatible for Editor in 2.55 ms, found 4 plugins.
Native extension for WindowsStandalone target not found
Package Manager log level set to [2]
[Package Manager] Server::EnsureServerProcessIsRunning -- launch failed, reason: Unity was launched with the -noUpm command-line argument
[Package Manager] UpmClient::Send -- Unable to send message (not connected to UPM process).
[Package Manager] Cannot connect to Unity Package Manager local server
Mono: successfully reloaded assembly
- Finished resetting the current domain, in  0.844 seconds
Domain Reload Profiling: 1460ms
	BeginReloadAssembly (138ms)
		ExecutionOrderSort (0ms)
		DisableScriptedObjects (5ms)
		BackupInstance (0ms)
		ReleaseScriptingObjects (0ms)
		CreateAndSetChildDomain (20ms)
	RebuildCommonClasses (43ms)
	RebuildNativeTypeToScriptingClass (17ms)
	initialDomainReloadingComplete (39ms)
	LoadAllAssembliesAndSetupDomain (378ms)
		LoadAssemblies (261ms)
		RebuildTransferFunctionScriptingTraits (0ms)
		AnalyzeDomain (193ms)
			TypeCache.Refresh (158ms)
				TypeCache.ScanAssembly (143ms)
			ScanForSourceGeneratedMonoScriptInfo (27ms)
			ResolveRequiredComponents (7ms)
	FinalizeReload (844ms)
		ReleaseScriptCaches (0ms)
		RebuildScriptCaches (0ms)
		SetupLoadedEditorAssemblies (639ms)
			LogAssemblyErrors (0ms)
			InitializePlatformSupportModulesInManaged (7ms)
			SetLoadedEditorAssemblies (5ms)
			RefreshPlugins (0ms)
			BeforeProcessingInitializeOnLoad (63ms)
			ProcessInitializeOnLoadAttributes (525ms)
			ProcessInitializeOnLoadMethodAttributes (36ms)
			AfterProcessingInitializeOnLoad (2ms)
			EditorAssembliesLoaded (0ms)
		ExecutionOrderSort2 (0ms)
		AwakeInstancesAfterBackupRestoration (6ms)
Launched and connected shader compiler UnityShaderCompiler.exe after 0.03 seconds
Refreshing native plugins compatible for Editor in 2.28 ms, found 4 plugins.
Preloading 0 native plugins for Editor in 0.00 ms.
Unloading 4049 Unused Serialized files (Serialized files now loaded: 0)
Unloading 64 unused Assets / (61.5 KB). Loaded Objects now: 4513.
Memory consumption went from 147.7 MB to 147.7 MB.
Total: 3.762600 ms (FindLiveObjects: 0.306900 ms CreateObjectMapping: 0.265200 ms MarkObjects: 3.064400 ms  DeleteObjects: 0.124600 ms)

AssetImportParameters requested are different than current active one (requested -> active):
  custom:container-demuxer-ogg: 62fdf1f143b41e24485cea50d1cbac27 -> 
  custom:video-decoder-ogg-theora: a1e56fd34408186e4bbccfd4996cb3dc -> 
  custom:framework-win-MediaFoundation: 216162199b28c13a410421893ffa2e32 -> 
  custom:CustomObjectIndexerAttribute: 9a22284fe3817be447336de3de66b15e -> 
  custom:container-demuxer-webm: 4f35f7cbe854078d1ac9338744f61a02 -> 
  custom:container-muxer-webm: aa71ff27fc2769a1b78a27578f13a17b -> 
  custom:video-decoder-webm-vp8: 9c59270c3fd7afecdb556c50c9e8de78 -> 
  custom:SearchIndexIgnoredProperties: e643bd26f0fe6173181afceb89e7c659 -> 
  custom:AudioImporter_EditorPlatform: d09bf68614088b80899f8185d706f6e7 -> 
  custom:video-encoder-webm-vp8: eb34c28f22e8b96e1ab97ce403110664 -> 
  custom:audio-decoder-ogg-vorbis: bf7c407c2cedff20999df2af8eb42d56 -> 
  custom:audio-encoder-webm-vorbis: bf7c407c2cedff20999df2af8eb42d56 -> 
========================================================================
Received Import Request.
  Time since last request: 1399.837899 seconds.
  path: Assets/kenney_1-bit-platformer-pack/Tiles/Transparent/tile_0239.png
  artifactKey: Guid(338f34396ba4de84a865a9967f436c59) Importer(815301076,1909f56bfc062723c751e8b465ee728b)
Start importing Assets/kenney_1-bit-platformer-pack/Tiles/Transparent/tile_0239.png using Guid(338f34396ba4de84a865a9967f436c59) Importer(815301076,1909f56bfc062723c751e8b465ee728b)  -> (artifact id: 'b4cf827f36acaadeafadfe5a8ead3d4d') in 0.102612 seconds
Number of updated asset objects reloaded before import = 0
Number of asset objects unloaded after import = 3
========================================================================
Received Import Request.
  Time since last request: 0.029729 seconds.
  path: Assets/kenney_1-bit-platformer-pack/Tiles/Transparent/tile_0253.png
  artifactKey: Guid(008acf927d298b54081ca551a7887f01) Importer(815301076,1909f56bfc062723c751e8b465ee728b)
Start importing Assets/kenney_1-bit-platformer-pack/Tiles/Transparent/tile_0253.png using Guid(008acf927d298b54081ca551a7887f01) Importer(815301076,1909f56bfc062723c751e8b465ee728b)  -> (artifact id: '86e790b2d23c244840bad908e43f6349') in 0.010789 seconds
Number of updated asset objects reloaded before import = 0
Number of asset objects unloaded after import = 3
========================================================================
Received Import Request.
  Time since last request: 0.000012 seconds.
  path: Assets/kenney_1-bit-platformer-pack/Tiles/Transparent/tile_0259.png
  artifactKey: Guid(e73c5dd8b6d632147aae3b1ad40ad500) Importer(815301076,1909f56bfc062723c751e8b465ee728b)
Start importing Assets/kenney_1-bit-platformer-pack/Tiles/Transparent/tile_0259.png using Guid(e73c5dd8b6d632147aae3b1ad40ad500) Importer(815301076,1909f56bfc062723c751e8b465ee728b)  -> (artifact id: 'df8ca4094141cf088344c3609788c3ee') in 0.011900 seconds
Number of updated asset objects reloaded before import = 0
Number of asset objects unloaded after import = 3
========================================================================
Received Import Request.
  Time since last request: 0.000014 seconds.
  path: Assets/kenney_1-bit-platformer-pack/Tiles/Transparent/tile_0262.png
  artifactKey: Guid(0523cc3cf2b0e334fb7bbfed92e3f068) Importer(815301076,1909f56bfc062723c751e8b465ee728b)
Start importing Assets/kenney_1-bit-platformer-pack/Tiles/Transparent/tile_0262.png using Guid(0523cc3cf2b0e334fb7bbfed92e3f068) Importer(815301076,1909f56bfc062723c751e8b465ee728b)  -> (artifact id: '3d7ab2f64ee18b19424fc85e570d5b31') in 0.011432 seconds
Number of updated asset objects reloaded before import = 0
Number of asset objects unloaded after import = 3
========================================================================
Received Import Request.
  Time since last request: 0.175882 seconds.
  path: Assets/kenney_1-bit-platformer-pack/Tiles/Transparent/tile_0267.png
  artifactKey: Guid(4848ff455bf54cb48b534ecc27ca4435) Importer(815301076,1909f56bfc062723c751e8b465ee728b)
Start importing Assets/kenney_1-bit-platformer-pack/Tiles/Transparent/tile_0267.png using Guid(4848ff455bf54cb48b534ecc27ca4435) Importer(815301076,1909f56bfc062723c751e8b465ee728b)  -> (artifact id: '9ddfbb354954f8deb1800b5abc66a985') in 0.012769 seconds
Number of updated asset objects reloaded before import = 0
Number of asset objects unloaded after import = 3
========================================================================
Received Import Request.
  Time since last request: 0.000016 seconds.
  path: Assets/kenney_1-bit-platformer-pack/Tiles/Transparent/tile_0277.png
  artifactKey: Guid(bab4bb9e5af39bc4cbba57055249df3b) Importer(815301076,1909f56bfc062723c751e8b465ee728b)
Start importing Assets/kenney_1-bit-platformer-pack/Tiles/Transparent/tile_0277.png using Guid(bab4bb9e5af39bc4cbba57055249df3b) Importer(815301076,1909f56bfc062723c751e8b465ee728b)  -> (artifact id: 'f5371aca5b77afedcb9679f3ca3411a1') in 0.011756 seconds
Number of updated asset objects reloaded before import = 0
Number of asset objects unloaded after import = 3
========================================================================
Received Import Request.
  Time since last request: 0.000016 seconds.
  path: Assets/kenney_1-bit-platformer-pack/Tiles/Transparent/tile_0275.png
  artifactKey: Guid(49815d24afba0574aa823d145962d7a5) Importer(815301076,1909f56bfc062723c751e8b465ee728b)
Start importing Assets/kenney_1-bit-platformer-pack/Tiles/Transparent/tile_0275.png using Guid(49815d24afba0574aa823d145962d7a5) Importer(815301076,1909f56bfc062723c751e8b465ee728b)  -> (artifact id: '0c417143c9adb42c63cb39ce96944dc4') in 0.010880 seconds
Number of updated asset objects reloaded before import = 0
Number of asset objects unloaded after import = 3
========================================================================
Received Import Request.
  Time since last request: 0.018087 seconds.
  path: Assets/kenney_1-bit-platformer-pack/Tiles/Transparent/tile_0281.png
  artifactKey: Guid(151945447cb568d4c8a39f64c24c08b7) Importer(815301076,1909f56bfc062723c751e8b465ee728b)
Start importing Assets/kenney_1-bit-platformer-pack/Tiles/Transparent/tile_0281.png using Guid(151945447cb568d4c8a39f64c24c08b7) Importer(815301076,1909f56bfc062723c751e8b465ee728b)  -> (artifact id: '58d5861b822df80074e1014b70e1a09b') in 0.013234 seconds
Number of updated asset objects reloaded before import = 0
Number of asset objects unloaded after import = 3
========================================================================
Received Import Request.
  Time since last request: 0.000017 seconds.
  path: Assets/kenney_1-bit-platformer-pack/Tiles/Transparent/tile_0293.png
  artifactKey: Guid(91844d36f13e8fa4ab05af14d695ccc1) Importer(815301076,1909f56bfc062723c751e8b465ee728b)
Start importing Assets/kenney_1-bit-platformer-pack/Tiles/Transparent/tile_0293.png using Guid(91844d36f13e8fa4ab05af14d695ccc1) Importer(815301076,1909f56bfc062723c751e8b465ee728b)  -> (artifact id: 'd9c1b13cb2fa073050e59be422a6ecf2') in 0.011338 seconds
Number of updated asset objects reloaded before import = 0
Number of asset objects unloaded after import = 3
========================================================================
Received Import Request.
  Time since last request: 0.000016 seconds.
  path: Assets/kenney_1-bit-platformer-pack/Tiles/Transparent/tile_0288.png
  artifactKey: Guid(07fb8e9cfb90bf6408875cc4b10226cc) Importer(815301076,1909f56bfc062723c751e8b465ee728b)
Start importing Assets/kenney_1-bit-platformer-pack/Tiles/Transparent/tile_0288.png using Guid(07fb8e9cfb90bf6408875cc4b10226cc) Importer(815301076,1909f56bfc062723c751e8b465ee728b)  -> (artifact id: '5b73499d8a8818d2f484db181ff7c859') in 0.011054 seconds
Number of updated asset objects reloaded before import = 0
Number of asset objects unloaded after import = 3
Editor requested this worker to shutdown with reason: Scaling down because of idle timeout
TcpMessagingSession - receive error: operation aborted. errorcode: 995, details: ќпераци€ ввода/вывода была прервана из-за завершени€ потока команд или по запросу приложени€.
AssetImportWorker is now disconnected from the server
Process exiting
Exiting without the bug reporter. Application will terminate with return code 0